Protein 1 is HTLV_C
found
Protein 2 is foamN
found
Directory is HTLV_CfoamN
COMPND   
SOURCE   
 apct = 49.411766 bpct = 9.411765
 n = 85
 k = 387 iend = 2 jend = 76 cost = 1688.121704
 nout = 5
COMPND   
SOURCE   
 apct = 49.411766 bpct = 9.411765
 n = 85
 k = 387 iend = 2 jend = 76 cost = 1688.121704
 nout = 5
COMPND   
SOURCE   
 apct = 58.139534 bpct = 6.976744
 n = 86
 k = 411 iend = 3 jend = 82 cost = 1265.470459
 nout = 5
COMPND   
SOURCE   
 apct = 58.139534 bpct = 6.976744
 n = 86
 k = 411 iend = 3 jend = 82 cost = 1265.470459
 nout = 5
COMPND   
SOURCE   
 apct = 49.411766 bpct = 9.411765
 a = 3 b = 5 c = 22 d = 25 e = 43 f = 44
 ad = 7.014620 eb = 8.174061 cf = 7.484680
 dsum = 22.673361 spare = 3
 n = 85
 k = 340 iend = 2 jend = 76 cost = 1689.009888
 nout = 5
COMPND   
SOURCE   
 apct = 49.411766 bpct = 9.411765
 a = 3 b = 5 c = 22 d = 25 e = 43 f = 44
 ad = 7.014620 eb = 8.174061 cf = 7.484680
 dsum = 22.673361 spare = 3
 n = 85
 k = 340 iend = 2 jend = 76 cost = 1689.009888
 nout = 5
COMPND   
SOURCE   
 apct = 58.139534 bpct = 6.976744
 a = 22 b = 26 c = 59 d = 60 e = 78 f = 79
 ad = 7.207079 eb = 7.327272 cf = 8.721660
 dsum = 23.256012 spare = 3
 n = 86
 k = 410 iend = 3 jend = 82 cost = 1275.121216
 nout = 5
COMPND   
SOURCE   
 apct = 58.139534 bpct = 6.976744
 a = 22 b = 26 c = 59 d = 60 e = 78 f = 79
 ad = 7.207079 eb = 7.327272 cf = 8.721660
 dsum = 23.256012 spare = 3
 n = 86
 k = 410 iend = 3 jend = 82 cost = 1275.121216
 nout = 5
85 residues in str1
86 residues in str2
nat1 vs rev2
nat2 vs rev1
nta1 vs rev2
nta2 vs rev1
nat1 vs rve2
nat2 vs rve1
nta1 vs rve2
nta2 vs rve1
pdb1 vs pdb2
pdb2 vs pdb1
