Protein 1 is HIV6_C
found
Protein 2 is foamC
found
Directory is HIV6_CfoamC
COMPND   
SOURCE   
 apct = 50.000000 bpct = 5.555555
 n = 72
 k = 293 iend = 4 jend = 71 cost = 833.092102
 nout = 6
COMPND   
SOURCE   
 apct = 50.000000 bpct = 5.555555
 n = 72
 k = 293 iend = 4 jend = 71 cost = 833.092102
 nout = 6
COMPND   
SOURCE   
 apct = 72.340424 bpct = 0.000000
 n = 94
 k = 491 iend = 1 jend = 87 cost = 1509.756104
 nout = 5
COMPND   
SOURCE   
 apct = 72.340424 bpct = 0.000000
 n = 94
 k = 491 iend = 1 jend = 87 cost = 1509.756104
 nout = 5
COMPND   
SOURCE   
 apct = 50.000000 bpct = 5.555555
 a = 1 b = 5 c = 23 d = 25 e = 41 f = 42
 ad = 8.075513 eb = 8.059902 cf = 9.597800
 dsum = 25.733215 spare = 4
 n = 72
 k = 291 iend = 3 jend = 71 cost = 704.030640
 nout = 6
COMPND   
SOURCE   
 apct = 50.000000 bpct = 5.555555
 a = 1 b = 5 c = 23 d = 25 e = 41 f = 42
 ad = 8.075513 eb = 8.059902 cf = 9.597800
 dsum = 25.733215 spare = 4
 n = 72
 k = 291 iend = 3 jend = 71 cost = 704.030640
 nout = 6
COMPND   
SOURCE   
 apct = 72.340424 bpct = 0.000000
 a = 14 b = 18 c = 44 d = 45 e = 86 f = 87
 ad = 8.122690 eb = 5.592104 cf = 8.670487
 dsum = 22.385281 spare = 3
 n = 94
 k = 491 iend = 1 jend = 86 cost = 1430.448486
 nout = 5
COMPND   
SOURCE   
 apct = 72.340424 bpct = 0.000000
 a = 14 b = 18 c = 44 d = 45 e = 86 f = 87
 ad = 8.122690 eb = 5.592104 cf = 8.670487
 dsum = 22.385281 spare = 3
 n = 94
 k = 491 iend = 1 jend = 86 cost = 1430.448486
 nout = 5
72 residues in str1
94 residues in str2
nat1 vs rev2
nat2 vs rev1
nta1 vs rev2
nta2 vs rev1
nat1 vs rve2
nat2 vs rve1
nta1 vs rve2
nta2 vs rve1
pdb1 vs pdb2
pdb2 vs pdb1
