
R version 2.14.1 (2011-12-22)
Copyright (C) 2011 The R Foundation for Statistical Computing
ISBN 3-900051-07-0
Platform: x86_64-pc-linux-gnu (64-bit)

R is free software and comes with ABSOLUTELY NO WARRANTY.
You are welcome to redistribute it under certain conditions.
Type 'license()' or 'licence()' for distribution details.

  Natural language support but running in an English locale

R is a collaborative project with many contributors.
Type 'contributors()' for more information and
'citation()' on how to cite R or R packages in publications.

Type 'demo()' for some demos, 'help()' for on-line help, or
'help.start()' for an HTML browser interface to help.
Type 'q()' to quit R.

> t <- scan('set0.dat')
> shapiro.test(t)

	Shapiro-Wilk normality test

data:  t 
W = 0.98, p-value = 1.322e-10

> ks.test(t, pnorm, mean = mean(t), sd = sqrt(var(t)))

	One-sample Kolmogorov-Smirnov test

data:  t 
D = 0.0684, p-value = 0.0001485
alternative hypothesis: two-sided 

> t <- scan('set1.dat')
> shapiro.test(t)

	Shapiro-Wilk normality test

data:  t 
W = 0.9915, p-value = 0.0001177

> ks.test(t, pnorm, mean = mean(t), sd = sqrt(var(t)))

	One-sample Kolmogorov-Smirnov test

data:  t 
D = 0.0521, p-value = 0.02371
alternative hypothesis: two-sided 

> t <- scan('set2.dat')
> shapiro.test(t)

	Shapiro-Wilk normality test

data:  t 
W = 0.9889, p-value = 5.928e-11

> ks.test(t, pnorm, mean = mean(t), sd = sqrt(var(t)))

	One-sample Kolmogorov-Smirnov test

data:  t 
D = 0.043, p-value = 0.001747
alternative hypothesis: two-sided 

> t <- scan('set3.dat')
> shapiro.test(t)

	Shapiro-Wilk normality test

data:  t 
W = 0.995, p-value = 2.724e-08

> ks.test(t, pnorm, mean = mean(t), sd = sqrt(var(t)))

	One-sample Kolmogorov-Smirnov test

data:  t 
D = 0.0409, p-value = 0.0001453
alternative hypothesis: two-sided 

> 
