Protein 1 is BLV6_C
found
Protein 2 is foamN
found
Directory is BLV6_CfoamN
COMPND   
SOURCE   
 apct = 52.000000 bpct = 2.666667
 n = 75
 k = 310 iend = 5 jend = 75 cost = 815.401550
 nout = 5
COMPND   
SOURCE   
 apct = 52.000000 bpct = 2.666667
 n = 75
 k = 310 iend = 5 jend = 75 cost = 815.401550
 nout = 5
COMPND   
SOURCE   
 apct = 58.139534 bpct = 6.976744
 n = 86
 k = 411 iend = 3 jend = 82 cost = 1265.470459
 nout = 5
COMPND   
SOURCE   
 apct = 58.139534 bpct = 6.976744
 n = 86
 k = 411 iend = 3 jend = 82 cost = 1265.470459
 nout = 5
COMPND   
SOURCE   
 apct = 52.000000 bpct = 2.666667
 a = 1 b = 3 c = 19 d = 23 e = 45 f = 46
 ad = 8.329140 eb = 8.996091 cf = 11.993711
 dsum = 29.318941 spare = 4
 n = 75
 k = 305 iend = 2 jend = 72 cost = 859.447266
 nout = 5
COMPND   
SOURCE   
 apct = 52.000000 bpct = 2.666667
 a = 1 b = 3 c = 19 d = 23 e = 45 f = 46
 ad = 8.329140 eb = 8.996091 cf = 11.993711
 dsum = 29.318941 spare = 4
 n = 75
 k = 305 iend = 2 jend = 72 cost = 859.447266
 nout = 5
COMPND   
SOURCE   
 apct = 58.139534 bpct = 6.976744
 a = 22 b = 26 c = 59 d = 60 e = 78 f = 79
 ad = 7.207079 eb = 7.327272 cf = 8.721660
 dsum = 23.256012 spare = 3
 n = 86
 k = 410 iend = 3 jend = 82 cost = 1275.121216
 nout = 5
COMPND   
SOURCE   
 apct = 58.139534 bpct = 6.976744
 a = 22 b = 26 c = 59 d = 60 e = 78 f = 79
 ad = 7.207079 eb = 7.327272 cf = 8.721660
 dsum = 23.256012 spare = 3
 n = 86
 k = 410 iend = 3 jend = 82 cost = 1275.121216
 nout = 5
75 residues in str1
86 residues in str2
nat1 vs rev2
nat2 vs rev1
nta1 vs rev2
nta2 vs rev1
nat1 vs rve2
nat2 vs rve1
nta1 vs rve2
nta2 vs rve1
pdb1 vs pdb2
pdb2 vs pdb1
