Protein 1 is HIV1_C
found
Protein 2 is foamC
found
Directory is HIV1_CfoamC
COMPND   
SOURCE   
 apct = 56.944443 bpct = 2.777778
 n = 72
 k = 296 iend = 3 jend = 71 cost = 727.731506
 nout = 5
COMPND   
SOURCE   
 apct = 56.944443 bpct = 2.777778
 n = 72
 k = 296 iend = 3 jend = 71 cost = 727.731506
 nout = 5
COMPND   
SOURCE   
 apct = 72.340424 bpct = 0.000000
 n = 94
 k = 491 iend = 1 jend = 87 cost = 1509.756104
 nout = 5
COMPND   
SOURCE   
 apct = 72.340424 bpct = 0.000000
 n = 94
 k = 491 iend = 1 jend = 87 cost = 1509.756104
 nout = 5
COMPND   
SOURCE   
 apct = 56.944443 bpct = 2.777778
 a = 11 b = 15 c = 50 d = 51 e = 68 f = 70
 ad = 10.647132 eb = 6.699996 cf = 10.520047
 dsum = 27.867176 spare = 4
 n = 72
 k = 295 iend = 3 jend = 71 cost = 713.105408
 nout = 5
COMPND   
SOURCE   
 apct = 56.944443 bpct = 2.777778
 a = 11 b = 15 c = 50 d = 51 e = 68 f = 70
 ad = 10.647132 eb = 6.699996 cf = 10.520047
 dsum = 27.867176 spare = 4
 n = 72
 k = 295 iend = 3 jend = 71 cost = 713.105408
 nout = 5
COMPND   
SOURCE   
 apct = 72.340424 bpct = 0.000000
 a = 14 b = 18 c = 44 d = 45 e = 86 f = 87
 ad = 8.122690 eb = 5.592104 cf = 8.670487
 dsum = 22.385281 spare = 3
 n = 94
 k = 491 iend = 1 jend = 86 cost = 1430.448486
 nout = 5
COMPND   
SOURCE   
 apct = 72.340424 bpct = 0.000000
 a = 14 b = 18 c = 44 d = 45 e = 86 f = 87
 ad = 8.122690 eb = 5.592104 cf = 8.670487
 dsum = 22.385281 spare = 3
 n = 94
 k = 491 iend = 1 jend = 86 cost = 1430.448486
 nout = 5
72 residues in str1
94 residues in str2
nat1 vs rev2
nat2 vs rev1
nta1 vs rev2
nta2 vs rev1
nat1 vs rve2
nat2 vs rve1
nta1 vs rve2
nta2 vs rve1
pdb1 vs pdb2
pdb2 vs pdb1
