Mutation Data Matrix (120 PAMs)
ARNDCQEGHILKMFPSTWYVBZX
matrix constant = 8
Residue identity scores 10
ARNDCQEGHILKMFPSTWYVBZX
matrix constant = 0

900 sequences to be read in length range 140 -> 999
Reading user file of seq.s: final.seq
 user_in = 1
3 USER>>seq 112 [+0+] gi|516003504|ref|WP_017434087.1|/41152
*NB* sequence too short
3 USER>>seq 108 [+0+] gi|496183954|ref|WP_008908461.1|/45152
*NB* sequence too short
3 USER>>seq 103 [+0+] gi|657885303|ref|WP_029589587.1|/129231
*NB* sequence too short
3 USER>>seq 109 [+0+] gi|652515533|ref|WP_026909737.1|/202310
*NB* sequence too short
3 USER>>seq 110 [+5+] gi|512464520|ref|WP_016422626.1|/413522
*NB* sequence too short
3 USER>>seq 111 [+49+] gi|516652068|ref|WP_018021057.1|/386496
*NB* sequence too short
3 USER>>seq 112 [+1+] gi|516449394|ref|WP_017838306.1|/408519
*NB* sequence too short
3 USER>>seq 120 [+0+] gi|627777715|gb|AHY46936.1|/172291
*NB* sequence too short
3 USER>>seq 111 [+1+] gi|503571026|ref|WP_013805102.1|/193303
*NB* sequence too short
3 USER>>seq 120 [+1+] gi|635640134|ref|WP_024287027.1|/187306
*NB* sequence too short
3 USER>>seq 112 [+63+] gi|494480229|ref|WP_007269705.1|/365476
*NB* sequence too short
3 USER>>seq 116 [+78+] gi|657265096|ref|WP_029368875.1|/374489
*NB* sequence too short
3 USER>>seq 124 [+2+] gi|516443854|ref|WP_017832766.1|/379502
*NB* sequence too short
3 USER>>seq 115 [+0+] gi|662049141|ref|WP_030015787.1|/406520
*NB* sequence too short
3 USER>>seq 116 [+0+] gi|494137596|ref|WP_007077351.1|/366481
*NB* sequence too short
3 USER>>seq 114 [+2+] gi|655300542|ref|WP_028709382.1|/364477
*NB* sequence too short
3 USER>>seq 110 [+21+] gi|502596541|ref|WP_012834020.1|/394503
*NB* sequence too short
3 USER>>seq 111 [+1+] gi|498535216|ref|WP_010833653.1|/368478
*NB* sequence too short
3 USER>>seq 119 [+1+] gi|502715752|ref|WP_012950809.1|/385503
*NB* sequence too short
3 USER>>seq 112 [+1+] gi|655291425|ref|WP_028700527.1|/386497
*NB* sequence too short
3 USER>>seq 115 [+24+] gi|552902919|ref|WP_023034738.1|/395509
*NB* sequence too short
3 USER>>seq 107 [+0+] gi|493642370|ref|WP_006594049.1|/390496
*NB* sequence too short
3 USER>>seq 118 [+16+] gi|515761921|ref|WP_017194521.1|/391508
*NB* sequence too short
3 USER>>seq 112 [+9+] gi|566217857|gb|ETI83534.1|/397508
*NB* sequence too short
3 USER>>seq 118 [+2+] gi|652542593|ref|WP_026936478.1|/361478
*NB* sequence too short
3 USER>>seq 111 [+0+] gi|502204792|ref|WP_012731731.1|/437547
*NB* sequence too short
3 USER>>seq 110 [+0+] gi|492739043|ref|WP_005942208.1|/418527
*NB* sequence too short
3 USER>>seq 110 [+2+] gi|655219993|ref|WP_028636072.1|/369492
*NB* sequence too short
3 USER>>seq 114 [+1+] gi|652452226|ref|WP_026847096.1|/380493
*NB* sequence too short
3 USER>>seq 111 [+7+] gi|491651447|ref|WP_005508168.1|/374484
*NB* sequence too short
3 USER>>seq 124 [+0+] gi|653814153|ref|WP_027691775.1|/168291
*NB* sequence too short
3 USER>>seq 122 [+12+] gi|516600796|ref|WP_017975819.1|/173294
*NB* sequence too short
3 USER>>seq 122 [+0+] gi|497916695|ref|WP_010230851.1|/185306
*NB* sequence too short
3 USER>>seq 121 [+0+] gi|517142151|ref|WP_018330969.1|/176296
*NB* sequence too short
3 USER>>seq 120 [+198+] gi|649936520|gb|KDS86467.1|/392511
*NB* sequence too short
3 USER>>seq 116 [+3+] gi|521087897|ref|WP_020418802.1|/186301
*NB* sequence too short
3 USER>>seq 117 [+0+] gi|649019331|gb|AIC48081.1|/70193
*NB* sequence too short
3 USER>>seq 117 [+4+] gi|663242406|ref|WP_030276476.1|/351467
*NB* sequence too short
3 USER>>seq 118 [+3+] gi|516125868|ref|WP_017556448.1|/181298
*NB* sequence too short
3 USER>>seq 121 [+9+] gi|503259394|ref|WP_013494055.1|/360480
*NB* sequence too short
3 USER>>seq 119 [+0+] gi|502631220|ref|WP_012867830.1|/175293
*NB* sequence too short
3 USER>>seq 117 [+3+] gi|503648858|ref|WP_013882934.1|/189305
*NB* sequence too short
3 USER>>seq 113 [+11+] gi|510836762|ref|WP_016208363.1|/49161
*NB* sequence too short
3 USER>>seq 111 [+248+] gi|497284968|ref|WP_009599185.1|/218329
*NB* sequence too short
3 USER>>seq 110 [+0+] gi|494984612|ref|WP_007710635.1|/48157
*NB* sequence too short
3 USER>>seq 115 [+0+] gi|496494205|ref|WP_009202741.1|/51165
*NB* sequence too short
3 USER>>seq 112 [+0+] gi|636821116|ref|WP_024347216.1|/47158
*NB* sequence too short
3 USER>>seq 129 [+0+] gi|547470373|ref|WP_022089159.1|/34162
*NB* sequence too short
3 USER>>seq 127 [+1+] gi|654811095|ref|WP_028264413.1|/35162
*NB* sequence too short
3 USER>>seq 118 [+29+] gi|544929026|ref|WP_021338118.1|/41158
*NB* sequence too short
3 USER>>seq 123 [+2+] gi|640592455|ref|WP_025021363.1|/35157
*NB* sequence too short
3 USER>>seq 118 [+0+] gi|493613893|ref|WP_006566173.1|/41158
*NB* sequence too short
3 USER>>seq 119 [+0+] gi|494200866|ref|WP_007125162.1|/40158
*NB* sequence too short
3 USER>>seq 118 [+1+] gi|494245144|ref|WP_007145201.1|/268387
*NB* sequence too short
3 USER>>seq 129 [+33+] gi|514895237|ref|WP_016623740.1|/160296
*NB* sequence too short
3 USER>>seq 127 [+1+] gi|652819100|ref|WP_027108635.1|/155289
*NB* sequence too short
3 USER>>seq 128 [+1+] gi|675812560|gb|KFN90238.1|/152287
*NB* sequence too short
3 USER>>seq 127 [+1+] gi|518852046|ref|WP_020007936.1|/149283
*NB* sequence too short
3 USER>>seq 116 [+0+] gi|511080814|ref|WP_016322135.1|/320451
*NB* sequence too short
3 USER>>seq 115 [+2+] gi|491632768|ref|WP_005490304.1|/46160
*NB* sequence too short
3 USER>>seq 126 [+1+] gi|489874097|ref|WP_003777616.1|/154287
*NB* sequence too short
3 USER>>seq 120 [+3+] gi|495227724|ref|WP_007952495.1|/44169
*NB* sequence too short
3 USER>>seq 116 [+2+] gi|588474760|dbj|GAF40848.1|/45160
*NB* sequence too short
3 USER>>seq 103 [+0+] gi|585355108|ref|WP_024236711.1|/55169
*NB* sequence too short
3 USER>>seq 105 [+10+] gi|506359257|ref|WP_015878976.1|/53157
*NB* sequence too short
3 USER>>seq 113 [+9+] gi|490192629|ref|WP_004091211.1|/44160
*NB* sequence too short
3 USER>>seq 114 [+2+] gi|495229739|ref|WP_007954510.1|/48161
*NB* sequence too short
3 USER>>seq 120 [+0+] gi|692239102|gb|KGG80644.1|/37156
*NB* sequence too short
3 USER>>seq 116 [+1+] gi|493861781|ref|WP_006808542.1|/39154
*NB* sequence too short
3 USER>>seq 118 [+5+] gi|498454251|ref|WP_010759728.1|/41158
*NB* sequence too short
3 USER>>seq 118 [+0+] gi|498318266|ref|WP_010632422.1|/43160
*NB* sequence too short
3 USER>>seq 107 [+8+] gi|664678088|gb|KES18227.1|/285392
*NB* sequence too short
3 USER>>seq 114 [+0+] gi|639154713|ref|WP_024496217.1|/261376
*NB* sequence too short
3 USER>>seq 128 [+176+] gi|678254245|emb|CDR20345.1|/152287
*NB* sequence too short
3 USER>>seq 116 [+16+] gi|551074600|ref|WP_022801169.1|/290408
*NB* sequence too short
3 USER>>seq 124 [+2+] gi|665831926|ref|WP_031200043.1|/147278
*NB* sequence too short
3 USER>>seq 125 [+4+] gi|494380720|ref|WP_007202808.1|/154285
*NB* sequence too short
3 USER>>seq 127 [+0+] gi|652000229|ref|WP_026702481.1|/155289
*NB* sequence too short
3 USER>>seq 127 [+152+] gi|651555410|ref|WP_026568793.1|/151285
*NB* sequence too short
3 USER>>seq 124 [+6+] gi|502633843|ref|WP_012870407.1|/153284
*NB* sequence too short
3 USER>>seq 127 [+2+] gi|653172229|ref|WP_027415278.1|/151284
*NB* sequence too short
3 USER>>seq 119 [+2+] gi|516834322|ref|WP_018122305.1|/271390
*NB* sequence too short
3 USER>>seq 120 [+1+] gi|573543440|gb|ETT42356.1|/319441
*NB* sequence too short
3 USER>>seq 117 [+0+] gi|502626102|ref|WP_012862827.1|/153271
*NB* sequence too short
3 USER>>seq 116 [+1+] gi|495315723|ref|WP_008040470.1|/270387
*NB* sequence too short
3 USER>>seq 118 [+13+] gi|495469025|ref|WP_008193714.1|/156275
*NB* sequence too short
3 USER>>seq 118 [+5+] gi|495768244|ref|WP_008492823.1|/254373
*NB* sequence too short
3 USER>>seq 117 [+1+] gi|493630889|ref|WP_006582785.1|/163281
*NB* sequence too short
3 USER>>seq 118 [+3+] gi|494680571|ref|WP_007437906.1|/288407
*NB* sequence too short
3 USER>>seq 114 [+12+] gi|503553033|ref|WP_013787109.1|/48161
*NB* sequence too short
3 USER>>seq 117 [+167+] gi|551358662|ref|WP_022978014.1|/266384
*NB* sequence too short
3 USER>>seq 119 [+3+] gi|499950384|ref|WP_011631118.1|/278398
*NB* sequence too short
3 USER>>seq 116 [+18+] gi|668681351|gb|KFB74330.1|/275392
*NB* sequence too short
3 USER>>seq 116 [+0+] gi|672393089|dbj|GAK52707.1|/67184
*NB* sequence too short
3 USER>>seq 117 [+5+] gi|500121259|ref|WP_011797264.1|/300418
*NB* sequence too short
3 USER>>seq 116 [+1+] gi|654494769|ref|WP_027964610.1|/159275
*NB* sequence too short
3 USER>>seq 117 [+16+] gi|595753664|gb|EXX87913.1|/158276
*NB* sequence too short
3 USER>>seq 115 [+5+] gi|517439177|ref|WP_018610050.1|/169284
*NB* sequence too short
3 USER>>seq 115 [+9+] gi|497644402|ref|WP_009958586.1|/284400
*NB* sequence too short
3 USER>>seq 115 [+335+] gi|518796810|ref|WP_019952764.1|/283399
*NB* sequence too short
3 USER>>seq 117 [+1+] gi|504267680|ref|WP_014454782.1|/157275
*NB* sequence too short
3 USER>>seq 116 [+105+] gi|627377479|gb|KCU94646.1|/156273
*NB* sequence too short
3 USER>>seq 117 [+1+] gi|545474321|ref|WP_021710641.1|/267385
*NB* sequence too short
3 USER>>seq 117 [+0+] gi|491923398|ref|WP_005674593.1|/288406
*NB* sequence too short
3 USER>>seq 112 [+153+] gi|555518074|ref|WP_023274030.1|/270383
*NB* sequence too short
3 USER>>seq 120 [+0+] gi|491750410|ref|WP_005583543.1|/323444
*NB* sequence too short
3 USER>>seq 117 [+30+] gi|497297149|ref|WP_009611366.1|/158276
*NB* sequence too short
3 USER>>seq 116 [+1015+] gi|499458787|ref|WP_011146251.1|/253370
*NB* sequence too short
3 USER>>seq 104 [+53+] gi|496158007|ref|WP_008882514.1|/327430
*NB* sequence too short
3 USER>>seq 111 [+1+] gi|553305153|ref|WP_023050669.1|/315425
*NB* sequence too short
3 USER>>seq 119 [+198+] gi|496844345|ref|WP_009383129.1|/324445
*NB* sequence too short
3 USER>>seq 113 [+3+] gi|491051880|ref|WP_004913531.1|/257371
*NB* sequence too short
3 USER>>seq 116 [+1+] gi|497453330|ref|WP_009767528.1|/278394
*NB* sequence too short
3 USER>>seq 119 [+1+] gi|577767193|gb|EUJ28242.1|/161282
*NB* sequence too short
3 USER>>seq 118 [+0+] gi|516424408|ref|WP_017813806.1|/157275
*NB* sequence too short
3 USER>>seq 115 [+3+] gi|689313644|gb|KGE18037.1|/157272
*NB* sequence too short
3 USER>>seq 113 [+43+] gi|576103030|gb|AHH04784.1|/318434
*NB* sequence too short
3 USER>>seq 118 [+6+] gi|503753221|ref|WP_013987297.1|/152279
*NB* sequence too short
3 USER>>seq 125 [+1+] gi|656255655|ref|WP_029201976.1|/322485
*NB* sequence too short
3 USER>>seq 123 [+6+] gi|545591292|ref|WP_021719927.1|/325449
*NB* sequence too short
3 USER>>seq 120 [+6+] gi|547893926|ref|WP_022298677.1|/319464
*NB* sequence too short
3 USER>>seq 112 [+15+] gi|548232209|ref|WP_022450850.1|/327456
*NB* sequence too short
3 USER>>seq 110 [+0+] gi|654391820|ref|WP_027869172.1|/336459
*NB* sequence too short
3 USER>>seq 121 [+26+] gi|496716588|ref|WP_009350667.1|/362484
*NB* sequence too short
3 USER>>seq 112 [+37+] gi|496459968|ref|WP_009168813.1|/329454
*NB* sequence too short
3 USER>>seq 119 [+0+] gi|503424137|ref|WP_013658798.1|/337457
*NB* sequence too short
3 USER>>seq 117 [+14+] gi|491354578|ref|WP_005212500.1|/325457
*NB* sequence too short
3 USER>>seq 121 [+6+] gi|503144737|ref|WP_013379398.1|/352490
*NB* sequence too short
3 USER>>seq 120 [+32+] gi|651418109|ref|WP_026521082.1|/318449
*NB* sequence too short
3 USER>>seq 119 [+0+] gi|671460487|ref|WP_031472378.1|/324468
*NB* sequence too short
3 USER>>seq 120 [+18+] gi|547179698|ref|WP_021922093.1|/339460
*NB* sequence too short
3 USER>>seq 121 [+56+] gi|493838339|ref|WP_006785505.1|/329451
*NB* sequence too short
3 USER>>seq 120 [+2+] gi|547757329|ref|WP_022169848.1|/322457
*NB* sequence too short
3 USER>>seq 113 [+7+] gi|492708958|ref|WP_005930392.1|/323451
*NB* sequence too short
3 USER>>seq 110 [+32+] gi|495695177|ref|WP_008419756.1|/330455
*NB* sequence too short
3 USER>>seq 118 [+0+] gi|503743627|ref|WP_013977703.1|/327458
*NB* sequence too short
3 USER>>seq 118 [+48+] gi|548364262|ref|WP_022517544.1|/332451
*NB* sequence too short
3 USER>>seq 110 [+0+] gi|493645831|ref|WP_006597446.1|/331465
*NB* sequence too short
3 USER>>seq 121 [+1+] gi|639870052|ref|WP_024753061.1|/336458
*NB* sequence too short
3 USER>>seq 121 [+2+] gi|547250749|ref|WP_021986374.1|/339462
*NB* sequence too short
3 USER>>seq 118 [+5+] gi|547454681|ref|WP_022074191.1|/326463
*NB* sequence too short
3 USER>>seq 124 [+0+] gi|502471568|ref|WP_012798454.1|/331467
*NB* sequence too short
3 USER>>seq 124 [+0+] gi|512174614|ref|WP_016406612.1|/318443
*NB* sequence too short
3 USER>>seq 121 [+3+] gi|547830702|ref|WP_022238772.1|/308444
*NB* sequence too short
3 USER>>seq 122 [+276+] gi|518612697|ref|WP_019782904.1|/324467
*NB* sequence too short
3 USER>>seq 121 [+23+] gi|517407937|ref|WP_018580407.1|/309431
*NB* sequence too short
3 USER>>seq 122 [+0+] gi|497157882|ref|WP_009489923.1|/319442
*NB* sequence too short
3 USER>>seq 122 [+87+] gi|510800152|ref|WP_016174946.1|/326451
*NB* sequence too short
3 USER>>seq 122 [+197+] gi|656229372|ref|WP_029176978.1|/320464
*NB* sequence too short
3 USER>>seq 112 [+4+] gi|656031099|ref|WP_029070279.1|/320446
*NB* sequence too short
3 USER>>seq 123 [+0+] gi|518068766|ref|WP_019238974.1|/323466
*NB* sequence too short
3 USER>>seq 120 [+5+] gi|652351442|ref|WP_026747677.1|/327448
*NB* sequence too short
3 USER>>seq 120 [+1+] gi|502498348|ref|WP_012806659.1|/327454
*NB* sequence too short
3 USER>>seq 124 [+29+] gi|551003431|ref|WP_022748137.1|/321479
*NB* sequence too short
3 USER>>seq 109 [+0+] gi|496267860|ref|WP_008981153.1|/322443
*NB* sequence too short
3 USER>>seq 122 [+4+] gi|493942121|ref|WP_006886208.1|/325457
*NB* sequence too short
3 USER>>seq 113 [+4+] gi|498477439|ref|WP_010781755.1|/152265
*NB* sequence too short
3 USER>>seq 114 [+0+] gi|495964377|ref|WP_008688956.1|/155270
*NB* sequence too short
3 USER>>seq 127 [+5+] gi|504331717|ref|WP_014518819.1|/149276
*NB* sequence too short
3 USER>>seq 119 [+2+] gi|652488690|ref|WP_026883243.1|/153286
*NB* sequence too short
3 USER>>seq 118 [+0+] gi|496463031|ref|WP_009171876.1|/51169
*NB* sequence too short
3 USER>>seq 124 [+5+] gi|545414621|ref|WP_021653582.1|/150274
*NB* sequence too short
3 USER>>seq 114 [+2+] gi|573022599|gb|AHF78135.1|/324439
*NB* sequence too short
3 USER>>seq 119 [+1+] gi|499564931|ref|WP_011245714.1|/320441
*NB* sequence too short
3 USER>>seq 120 [+9+] gi|530675035|dbj|BAN73407.1|/334456
*NB* sequence too short
3 USER>>seq 115 [+81+] gi|499591301|ref|WP_011272054.1|/260376
*NB* sequence too short
3 USER>>seq 120 [+0+] gi|567768921|gb|ETK26270.1|/320442
*NB* sequence too short
3 USER>>seq 127 [+1+] gi|558501914|gb|EST11167.1|/39168
*NB* sequence too short
3 USER>>seq 113 [+2+] gi|494042567|ref|WP_006984688.1|/365478
*NB* sequence too short
3 USER>>seq 117 [+0+] gi|499508289|ref|WP_011194929.1|/160278
*NB* sequence too short
3 USER>>seq 109 [+1+] gi|548205465|ref|WP_022425466.1|/311436
*NB* sequence too short
3 USER>>seq 119 [+4+] gi|635645639|ref|WP_024292528.1|/39158
*NB* sequence too short
3 USER>>seq 129 [+0+] gi|573019632|gb|AHF75168.1|/30159
*NB* sequence too short
3 USER>>seq 118 [+1+] gi|639757176|ref|WP_024735101.1|/163282
*NB* sequence too short
3 USER>>seq 110 [+0+] gi|647168150|ref|WP_025654728.1|/170281
*NB* sequence too short
3 USER>>seq 114 [+2+] gi|652819219|ref|WP_027108705.1|/328443
*NB* sequence too short
3 USER>>seq 114 [+0+] gi|498217823|ref|WP_010531979.1|/329444
*NB* sequence too short
3 USER>>seq 111 [+1+] gi|516406591|ref|WP_017795989.1|/329441
*NB* sequence too short
3 USER>>seq 108 [+68+] gi|686552135|gb|AIQ62830.1|/350461
*NB* sequence too short
3 USER>>seq 113 [+2+] gi|577761645|gb|EUJ22843.1|/321438
*NB* sequence too short
3 USER>>seq 117 [+4+] gi|495064223|ref|WP_007789051.1|/316435
*NB* sequence too short
3 USER>>seq 112 [+1+] gi|656052289|ref|WP_029090706.1|/321437
*NB* sequence too short
3 USER>>seq 111 [+2+] gi|494998887|ref|WP_007724903.1|/333445
*NB* sequence too short
3 USER>>seq 108 [+5+] gi|488924150|ref|WP_002835225.1|/327436
*NB* sequence too short
3 USER>>seq 101 [+4+] gi|490975244|ref|WP_004837030.1|/338440
*NB* sequence too short
3 USER>>seq 102 [+3+] gi|490956460|ref|WP_004818273.1|/331434
*NB* sequence too short
3 USER>>seq 108 [+8+] gi|588476541|dbj|GAF39095.1|/157275
*NB* sequence too short
3 USER>>seq 129 [+4+] gi|558635234|ref|WP_023510078.1|/323454
*NB* sequence too short
3 USER>>seq 120 [+4+] gi|516118230|ref|WP_017548810.1|/322443
*NB* sequence too short
3 USER>>seq 118 [+69+] gi|584581111|gb|EWH20461.1|/329449
*NB* sequence too short
3 USER>>seq 121 [+3+] gi|636722637|dbj|GAK07601.1|/324447
*NB* sequence too short
3 USER>>seq 119 [+54+] gi|654944185|ref|WP_028394351.1|/326447
*NB* sequence too short
3 USER>>seq 114 [+0+] gi|516040202|ref|WP_017470785.1|/325441
*NB* sequence too short
3 USER>>seq 123 [+15+] gi|675843636|gb|AIM15307.1|/316441
*NB* sequence too short
3 USER>>seq 120 [+0+] gi|647281576|ref|WP_025726806.1|/322444
*NB* sequence too short
3 USER>>seq 112 [+1+] gi|497989745|ref|WP_010303901.1|/325445
*NB* sequence too short
3 USER>>seq 123 [+17+] gi|657892110|ref|WP_029595568.1|/316440
*NB* sequence too short
3 USER>>seq 121 [+45+] gi|516361592|ref|WP_017751625.1|/325448
*NB* sequence too short
3 USER>>seq 123 [+6+] gi|647407092|ref|WP_025784058.1|/327452
*NB* sequence too short
3 USER>>seq 124 [+3+] gi|489558862|ref|WP_003463407.1|/321447
*NB* sequence too short
3 USER>>seq 122 [+0+] gi|666917884|gb|KEZ55954.1|/321445
*NB* sequence too short
3 USER>>seq 114 [+4+] gi|518222023|ref|WP_019392231.1|/327443
*NB* sequence too short
3 USER>>seq 112 [+118+] gi|493327698|ref|WP_006284931.1|/356469
*NB* sequence too short
3 USER>>seq 110 [+2+] gi|502936902|ref|WP_013171878.1|/326438
*NB* sequence too short
3 USER>>seq 117 [+0+] gi|651946937|ref|WP_026677265.1|/321440
*NB* sequence too short
3 USER>>seq 113 [+2+] gi|653240158|ref|WP_027445792.1|/331455
*NB* sequence too short
3 USER>>seq 112 [+7+] gi|409179311|gb|AFV25744.1|/326440
*NB* sequence too short
3 USER>>seq 113 [+19+] gi|544875701|ref|WP_021288722.1|/317440
*NB* sequence too short
3 USER>>seq 105 [+2+] gi|568808407|dbj|GAE26136.1|/225332
*NB* sequence too short
3 USER>>seq 104 [+81+] gi|545593044|ref|WP_021721600.1|/148267
*NB* sequence too short
3 USER>>seq 115 [+0+] gi|518073514|ref|WP_019243722.1|/326445
*NB* sequence too short
3 USER>>seq 120 [+0+] gi|488667941|ref|WP_002596745.1|/324446
*NB* sequence too short
3 USER>>seq 114 [+1+] gi|639445749|ref|WP_024624284.1|/319443
*NB* sequence too short
3 USER>>seq 114 [+25+] gi|491993556|ref|WP_005710627.1|/343467
*NB* sequence too short
3 USER>>seq 113 [+1+] gi|503152534|ref|WP_013387195.1|/322437
*NB* sequence too short
3 USER>>seq 111 [+0+] gi|522174010|ref|WP_020682559.1|/320434
*NB* sequence too short
3 USER>>seq 124 [+14+] gi|496543227|ref|WP_009249375.1|/324460
*NB* sequence too short
3 USER>>seq 115 [+5+] gi|502703110|ref|WP_012938392.1|/335451
*NB* sequence too short
3 USER>>seq 118 [+11+] gi|692179783|gb|KGG53732.1|/160280
*NB* sequence too short
3 USER>>seq 117 [+0+] gi|558636047|ref|WP_023510886.1|/157275
*NB* sequence too short
3 USER>>seq 114 [+0+] gi|648242549|ref|WP_026023698.1|/161276
*NB* sequence too short
3 USER>>seq 115 [+6+] gi|493689030|ref|WP_006639090.1|/162278
*NB* sequence too short
3 USER>>seq 114 [+0+] gi|491541377|ref|WP_005398996.1|/165280
*NB* sequence too short
3 USER>>seq 116 [+17+] gi|503016425|ref|WP_013251401.1|/168302
*NB* sequence too short
3 USER>>seq 115 [+11+] gi|602618084|gb|EYT94850.1|/164280
*NB* sequence too short
3 USER>>seq 113 [+1+] gi|517493881|ref|WP_018664458.1|/168282
*NB* sequence too short
3 USER>>seq 113 [+13+] gi|640656851|ref|WP_025082690.1|/163277
*NB* sequence too short
3 USER>>seq 113 [+100+] gi|498431570|ref|WP_010737319.1|/167281
*NB* sequence too short
3 USER>>seq 115 [+28+] gi|489672331|ref|WP_003576585.1|/167286
*NB* sequence too short
3 USER>>seq 112 [+0+] gi|491800099|ref|WP_005606442.1|/170283
*NB* sequence too short
3 USER>>seq 112 [+46+] gi|488241044|ref|WP_002312252.1|/164278
*NB* sequence too short
3 USER>>seq 115 [+0+] gi|492553587|ref|WP_005884005.1|/157273
*NB* sequence too short
3 USER>>seq 116 [+0+] gi|652512703|ref|WP_026906939.1|/165282
*NB* sequence too short
3 USER>>seq 113 [+0+] gi|558474311|ref|WP_023483519.1|/166280
*NB* sequence too short
3 USER>>seq 112 [+21+] gi|655554246|gb|AIC96110.1|/169282
*NB* sequence too short
3 USER>>seq 105 [+1+] gi|548581508|ref|WP_022529710.1|/351467
*NB* sequence too short
3 USER>>seq 115 [+2+] gi|497705764|ref|WP_010019948.1|/334459
*NB* sequence too short
3 USER>>seq 118 [+1+] gi|446642567|ref|WP_000719913.1|/160279
*NB* sequence too short
3 USER>>seq 108 [+1+] gi|640250743|ref|WP_024838059.1|/169278
*NB* sequence too short
3 USER>>seq 111 [+1+] gi|493615180|ref|WP_006567438.1|/164276
*NB* sequence too short
3 USER>>seq 115 [+3+] gi|493740798|ref|WP_006689909.1|/164280
*NB* sequence too short
3 USER>>seq 111 [+41+] gi|544987960|ref|WP_021386061.1|/163275
*NB* sequence too short
3 USER>>seq 117 [+17+] gi|489453136|ref|WP_003358449.1|/165283
*NB* sequence too short
3 USER>>seq 112 [+0+] gi|664678400|gb|KES18526.1|/161274
*NB* sequence too short
3 USER>>seq 120 [+50+] gi|549652911|ref|WP_022549455.1|/27148
*NB* sequence too short
3 USER>>seq 120 [+0+] gi|18139844|gb|AAL60167.1|AF416702_5/159284
*NB* sequence too short
3 USER>>seq 124 [+16+] gi|510804175|ref|WP_016178944.1|/38167
*NB* sequence too short
3 USER>>seq 125 [+0+] gi|517406851|ref|WP_018579416.1|/32162
*NB* sequence too short
3 USER>>seq 122 [+2+] gi|547895374|ref|WP_022300077.1|/37166
*NB* sequence too short
3 USER>>seq 115 [+0+] gi|654612923|ref|WP_028077655.1|/46168
*NB* sequence too short
3 USER>>seq 116 [+8+] gi|328538096|gb|EGF64261.1|/66187
*NB* sequence too short
3 USER>>seq 118 [+0+] gi|517829806|ref|WP_019000014.1|/45168
*NB* sequence too short
3 USER>>seq 130 [+0+] gi|654964527|ref|WP_028414278.1|/30165
*NB* sequence too short
3 USER>>seq 126 [+3+] gi|545057102|ref|WP_021430249.1|/147280
*NB* sequence too short
3 USER>>seq 130 [+14+] gi|498178573|ref|WP_010492729.1|/154290
*NB* sequence too short
3 USER>>seq 109 [+1+] gi|651962159|ref|WP_026684266.1|/166281
*NB* sequence too short
3 USER>>seq 127 [+0+] gi|493616755|ref|WP_006568983.1|/309442
*NB* sequence too short
3 USER>>seq 129 [+2+] gi|653102194|ref|WP_027352272.1|/316452
*NB* sequence too short
3 USER>>seq 118 [+290+] gi|515918487|ref|WP_017349070.1|/319443
*NB* sequence too short
3 USER>>seq 113 [+0+] gi|503249856|ref|WP_013484517.1|/164284
*NB* sequence too short
3 USER>>seq 110 [+0+] gi|493894195|ref|WP_006840145.1|/280389
*NB* sequence too short
3 USER>>seq 113 [+15+] gi|518444710|ref|WP_019614917.1|/64177
*NB* sequence too short
3 USER>>seq 110 [+2+] gi|545610916|ref|WP_021735521.1|/329462
*NB* sequence too short
3 USER>>seq 120 [+0+] gi|496101542|ref|WP_008826049.1|/156279
*NB* sequence too short
3 USER>>seq 117 [+2+] gi|545045065|ref|WP_021419619.1|/309427
*NB* sequence too short
3 USER>>seq 118 [+0+] gi|493620551|ref|WP_006572748.1|/322452
*NB* sequence too short
3 USER>>seq 108 [+8+] gi|493781852|ref|WP_006730239.1|/326441
*NB* sequence too short
3 USER>>seq 112 [+7+] gi|503981304|ref|WP_014215298.1|/323445
*NB* sequence too short
3 USER>>seq 107 [+37+] gi|496078568|ref|WP_008803075.1|/315423
*NB* sequence too short
3 USER>>seq 132 [+2+] gi|692526004|gb|KGH41403.1|/316449
*NB* sequence too short
3 USER>>seq 127 [+5+] gi|503288880|ref|WP_013523541.1|/319447
*NB* sequence too short
3 USER>>seq 128 [+42+] gi|647286308|ref|WP_025731403.1|/321450
*NB* sequence too short
3 USER>>seq 125 [+0+] gi|577784278|gb|EUJ44800.1|/316442
*NB* sequence too short
3 USER>>seq 133 [+2+] gi|496067702|ref|WP_008792209.1|/309443
*NB* sequence too short
3 USER>>seq 128 [+3+] gi|635648806|ref|WP_024295695.1|/312441
*NB* sequence too short
3 USER>>seq 130 [+374+] gi|505734307|ref|WP_015695990.1|/314445
*NB* sequence too short
3 USER>>seq 115 [+0+] gi|517191954|ref|WP_018380772.1|/340456
*NB* sequence too short
3 USER>>seq 132 [+1+] gi|502626286|ref|WP_012863008.1|/313446
*NB* sequence too short
3 USER>>seq 127 [+0+] gi|497852440|ref|WP_010166596.1|/314442
*NB* sequence too short
3 USER>>seq 115 [+4+] gi|545619988|ref|WP_021743581.1|/371488
*NB* sequence too short
3 USER>>seq 122 [+0+] gi|502621341|ref|WP_012858163.1|/310433
*NB* sequence too short
3 USER>>seq 120 [+0+] gi|502626456|ref|WP_012863174.1|/330451
*NB* sequence too short
3 USER>>seq 123 [+0+] gi|551062835|ref|WP_022795321.1|/339475
*NB* sequence too short
3 USER>>seq 119 [+7+] gi|647283609|ref|WP_025728819.1|/327462
*NB* sequence too short
3 USER>>seq 121 [+9+] gi|494864736|ref|WP_007590835.1|/327462
*NB* sequence too short
3 USER>>seq 101 [+2+] gi|489234381|ref|WP_003142678.1|/351453
*NB* sequence too short
3 USER>>seq 101 [+0+] gi|504822040|ref|WP_015009142.1|/345447
*NB* sequence too short
3 USER>>seq 122 [+27+] gi|582016061|gb|AHI19407.1|/138266
*NB* sequence too short
3 USER>>seq 127 [+0+] gi|491091838|ref|WP_004953446.1|/187321
*NB* sequence too short
3 USER>>seq 126 [+65+] gi|664307798|ref|WP_030837069.1|/175308
*NB* sequence too short
3 USER>>seq 128 [+4+] gi|517358166|ref|WP_018533658.1|/165301
*NB* sequence too short
3 USER>>seq 122 [+0+] gi|647317680|ref|WP_025755634.1|/320454
*NB* sequence too short
3 USER>>seq 122 [+8+] gi|576910640|gb|AHH45388.1|/309443
*NB* sequence too short
3 USER>>seq 129 [+7+] gi|499390123|ref|WP_011077590.1|/315457
*NB* sequence too short
3 USER>>seq 108 [+4+] gi|490128516|ref|WP_004028939.1|/361482
*NB* sequence too short
3 USER>>seq 108 [+9+] gi|652736226|ref|WP_027062971.1|/340461
*NB* sequence too short
3 USER>>seq 124 [+4+] gi|503801257|ref|WP_014035251.1|/318456
*NB* sequence too short
3 USER>>seq 110 [+0+] gi|654666684|ref|WP_028126679.1|/343465
*NB* sequence too short
3 USER>>seq 111 [+18+] gi|694154619|gb|AIS61190.1|/153275
*NB* sequence too short
3 USER>>seq 109 [+6+] gi|495139353|ref|WP_007864160.1|/334454
*NB* sequence too short
3 USER>>seq 107 [+12+] gi|694267119|gb|KGJ48221.1|/337455
*NB* sequence too short
3 USER>>seq 107 [+6+] gi|577785676|gb|EUJ46183.1|/349467
*NB* sequence too short
3 USER>>seq 110 [+0+] gi|652430115|ref|WP_026825183.1|/338459
*NB* sequence too short
3 USER>>seq 114 [+2+] gi|503010431|ref|WP_013245407.1|/337462
*NB* sequence too short
3 USER>>seq 101 [+5+] gi|488908214|ref|WP_002819289.1|/14115
*NB* sequence too short
3 USER>>seq 112 [+44+] gi|489853932|ref|WP_003757600.1|/60172
*NB* sequence too short
3 USER>>seq 113 [+0+] gi|655445596|ref|WP_028829970.1|/326440
*NB* sequence too short
3 USER>>seq 112 [+3+] gi|496091728|ref|WP_008816235.1|/50169
*NB* sequence too short
3 USER>>seq 110 [+7+] gi|496713543|ref|WP_009349552.1|/159274
*NB* sequence too short
3 USER>>seq 118 [+0+] gi|654506263|ref|WP_027975583.1|/152275
*NB* sequence too short
3 USER>>seq 124 [+1+] gi|654613931|ref|WP_028078599.1|/40169
*NB* sequence too short
3 USER>>seq 116 [+4+] gi|496093698|ref|WP_008818205.1|/43164
*NB* sequence too short
3 USER>>seq 115 [+7+] gi|654810488|ref|WP_028263806.1|/43165
*NB* sequence too short
3 USER>>seq 120 [+2+] gi|491800266|ref|WP_005606609.1|/47172
*NB* sequence too short
3 USER>>seq 114 [+7+] gi|546160795|ref|WP_021802663.1|/47168
*NB* sequence too short
3 USER>>seq 110 [+0+] gi|489240347|ref|WP_003148572.1|/52169
*NB* sequence too short
3 USER>>seq 119 [+27+] gi|577760597|gb|EUJ21838.1|/27146
*NB* sequence too short
3 USER>>seq 126 [+11+] gi|692180232|gb|KGG54178.1|/36162
*NB* sequence too short
3 USER>>seq 128 [+0+] gi|510803159|ref|WP_016177928.1|/38166
*NB* sequence too short
3 USER>>seq 129 [+0+] gi|664677062|gb|KES17257.1|/31160
*NB* sequence too short
3 USER>>seq 129 [+3+] gi|515476787|ref|WP_016911905.1|/33162
*NB* sequence too short
3 USER>>seq 128 [+66+] gi|651882599|ref|WP_026642331.1|/33161
*NB* sequence too short
3 USER>>seq 129 [+45+] gi|668975605|gb|KFC90436.1|/35164
*NB* sequence too short
3 USER>>seq 128 [+90+] gi|516117613|ref|WP_017548193.1|/33161
*NB* sequence too short
3 USER>>seq 128 [+2+] gi|503890013|ref|WP_014124007.1|/33161
*NB* sequence too short
3 USER>>seq 128 [+5+] gi|493829111|ref|WP_006776485.1|/33163
*NB* sequence too short
3 USER>>seq 122 [+0+] gi|517493731|ref|WP_018664308.1|/38160
*NB* sequence too short
3 USER>>seq 126 [+2+] gi|652486238|ref|WP_026880806.1|/37164
*NB* sequence too short
3 USER>>seq 122 [+8+] gi|545597071|ref|WP_021725440.1|/47169
*NB* sequence too short
3 USER>>seq 126 [+0+] gi|498464587|ref|WP_010769973.1|/32158
*NB* sequence too short
3 USER>>seq 130 [+2+] gi|547948926|ref|WP_022349814.1|/38168
*NB* sequence too short
3 USER>>seq 129 [+5+] gi|488919544|ref|WP_002830619.1|/30159
*NB* sequence too short
3 USER>>seq 131 [+6+] gi|518381978|ref|WP_019552185.1|/30161
*NB* sequence too short
3 USER>>seq 125 [+39+] gi|510802407|ref|WP_016177184.1|/34159
*NB* sequence too short
3 USER>>seq 129 [+11+] gi|692180072|gb|KGG54019.1|/39167
*NB* sequence too short
3 USER>>seq 126 [+0+] gi|671558093|ref|WP_031540047.1|/22148
*NB* sequence too short
3 USER>>seq 108 [+2+] gi|6425141|gb|AAF08320.1|AF202665_3/322458
*NB* sequence too short
3 USER>>seq 113 [+0+] gi|502624625|ref|WP_012861384.1|/47159
*NB* sequence too short
3 USER>>seq 108 [+254+] gi|641639583|emb|CDQ53854.1|/55162
*NB* sequence too short
3 USER>>seq 121 [+9+] gi|511078583|ref|WP_016319942.1|/47168
*NB* sequence too short
3 USER>>seq 131 [+0+] gi|493553157|ref|WP_006506734.1|/36168
*NB* sequence too short
3 USER>>seq 133 [+5+] gi|517184168|ref|WP_018372986.1|/34168
*NB* sequence too short
3 USER>>seq 132 [+19+] gi|597812459|gb|AHN27290.1|/35168
*NB* sequence too short
3 USER>>seq 100 [+18+] gi|544962379|ref|WP_021366874.1|/52152
*NB* sequence too short
3 USER>>seq 133 [+30+] gi|494670252|ref|WP_007428195.1|/32166
*NB* sequence too short
3 USER>>seq 132 [+1+] gi|516040677|ref|WP_017471260.1|/33166
*NB* sequence too short
3 USER>>seq 119 [+0+] gi|515780468|ref|WP_017213068.1|/52171
*NB* sequence too short
3 USER>>seq 131 [+6+] gi|502791246|ref|WP_013026222.1|/33165
*NB* sequence too short
3 USER>>seq 119 [+31+] gi|545044777|ref|WP_021419427.1|/292413
*NB* sequence too short
3 USER>>seq 107 [+4+] gi|505193891|ref|WP_015380993.1|/57164
*NB* sequence too short
3 USER>>seq 132 [+1+] gi|503474868|ref|WP_013709529.1|/35167
*NB* sequence too short
3 USER>>seq 129 [+2+] gi|692333420|gb|AIS09620.1|/35164
*NB* sequence too short
3 USER>>seq 114 [+1+] gi|643573536|ref|WP_025234768.1|/156271
*NB* sequence too short
3 USER>>seq 119 [+0+] gi|506359251|ref|WP_015878970.1|/44164
*NB* sequence too short
3 USER>>seq 109 [+186+] gi|551322467|ref|WP_022942159.1|/61169
*NB* sequence too short
3 USER>>seq 109 [+0+] gi|502624146|ref|WP_012860915.1|/59168
*NB* sequence too short
3 USER>>seq 118 [+0+] gi|493752840|ref|WP_006701748.1|/42159
*NB* sequence too short
3 USER>>seq 118 [+7+] gi|488234322|ref|WP_002305530.1|/43160
*NB* sequence too short
3 USER>>seq 125 [+1+] gi|489784545|ref|WP_003688436.1|/37161
*NB* sequence too short
3 USER>>seq 112 [+10+] gi|652565243|ref|WP_026958735.1|/46157
*NB* sequence too short
3 USER>>seq 125 [+1+] gi|571149206|gb|ETP72800.1|/49173
*NB* sequence too short
3 USER>>seq 127 [+0+] gi|495212396|ref|WP_007937176.1|/30157
*NB* sequence too short
3 USER>>seq 118 [+1+] gi|498447290|ref|WP_010752841.1|/55172
*NB* sequence too short
3 USER>>seq 109 [+11+] gi|518069679|ref|WP_019239887.1|/68176
*NB* sequence too short
3 USER>>seq 121 [+0+] gi|492950606|ref|WP_006058691.1|/52172
*NB* sequence too short
3 USER>>seq 128 [+2+] gi|488633732|ref|WP_002570412.1|/31159
*NB* sequence too short
3 USER>>seq 128 [+64+] gi|516411825|ref|WP_017801223.1|/32160
*NB* sequence too short
3 USER>>seq 126 [+1+] gi|567768924|gb|ETK26273.1|/29155
*NB* sequence too short
3 USER>>seq 128 [+0+] gi|505342297|ref|WP_015529399.1|/39166
*NB* sequence too short
3 USER>>seq 129 [+1+] gi|647166331|ref|WP_025654042.1|/39167
*NB* sequence too short
3 USER>>seq 130 [+4+] gi|496062882|ref|WP_008787389.1|/41170
*NB* sequence too short
3 USER>>seq 114 [+0+] gi|502759667|ref|WP_012994651.1|/47160
*NB* sequence too short
3 USER>>seq 120 [+9+] gi|496169829|ref|WP_008894336.1|/53189
*NB* sequence too short
3 USER>>seq 121 [+17+] gi|490732411|ref|WP_004594763.1|/52189
*NB* sequence too short
3 USER>>seq 113 [+0+] gi|493351132|ref|WP_006307811.1|/53166
*NB* sequence too short
3 USER>>seq 115 [+1+] gi|498449673|ref|WP_010755195.1|/45159
*NB* sequence too short
3 USER>>seq 116 [+6+] gi|548200559|ref|WP_022420803.1|/47167
*NB* sequence too short
3 USER>>seq 120 [+5+] gi|493613798|ref|WP_006566080.1|/46171
*NB* sequence too short
3 USER>>seq 110 [+0+] gi|502624336|ref|WP_012861101.1|/49158
*NB* sequence too short
3 USER>>seq 115 [+0+] gi|576677546|gb|EUB31104.1|/64183
*NB* sequence too short
3 USER>>seq 120 [+0+] gi|498452033|ref|WP_010757540.1|/48168
*NB* sequence too short
3 USER>>seq 130 [+0+] gi|495992722|ref|WP_008717301.1|/39168
*NB* sequence too short
3 USER>>seq 129 [+4+] gi|495668578|ref|WP_008393157.1|/28157
*NB* sequence too short
3 USER>>seq 129 [+0+] gi|545598622|ref|WP_021726946.1|/27156
*NB* sequence too short
3 USER>>seq 127 [+1+] gi|490978124|ref|WP_004839888.1|/28155
*NB* sequence too short
3 USER>>seq 128 [+2+] gi|545664620|ref|WP_021771027.1|/28156
*NB* sequence too short
3 USER>>seq 128 [+0+] gi|518382088|ref|WP_019552295.1|/29157
*NB* sequence too short
3 USER>>seq 106 [+0+] gi|492949581|ref|WP_006057666.1|/55162
*NB* sequence too short
3 USER>>seq 113 [+4+] gi|489663738|ref|WP_003568040.1|/48160
*NB* sequence too short
3 USER>>seq 112 [+0+] gi|545597252|ref|WP_021725612.1|/54165
*NB* sequence too short
3 USER>>seq 110 [+13+] gi|558557503|ref|WP_023488598.1|/166282
*NB* sequence too short
3 USER>>seq 112 [+208+] gi|510923301|ref|WP_016244086.1|/167285
*NB* sequence too short
3 USER>>seq 114 [+1+] gi|654575508|ref|WP_028042673.1|/167287
*NB* sequence too short
3 USER>>seq 115 [+0+] gi|671575179|ref|WP_031554493.1|/50166
*NB* sequence too short
3 USER>>seq 113 [+3+] gi|499448392|ref|WP_011135856.1|/47159
*NB* sequence too short
3 USER>>seq 107 [+2+] gi|547757272|ref|WP_022169794.1|/280393
*NB* sequence too short
3 USER>>seq 112 [+0+] gi|518447098|ref|WP_019617305.1|/178291
*NB* sequence too short
3 USER>>seq 109 [+6+] gi|525981242|ref|WP_020834212.1|/325460
*NB* sequence too short
3 USER>>seq 117 [+0+] gi|526005650|ref|WP_020836303.1|/319464
*NB* sequence too short
3 USER>>seq 116 [+11+] gi|503213475|ref|WP_013448136.1|/320462
*NB* sequence too short
3 USER>>seq 117 [+0+] gi|583840156|gb|AHI54075.1|/320463
*NB* sequence too short
3 USER>>seq 109 [+0+] gi|640320403|ref|WP_024863777.1|/325463
*NB* sequence too short
3 USER>>seq 108 [+0+] gi|640592452|ref|WP_025021360.1|/214321
*NB* sequence too short
3 USER>>seq 117 [+1+] gi|667884809|gb|KFB07881.1|/328467
*NB* sequence too short
3 USER>>seq 116 [+0+] gi|499390131|ref|WP_011077598.1|/331472
*NB* sequence too short
3 USER>>seq 115 [+0+] gi|653084063|ref|WP_027334489.1|/324462
*NB* sequence too short
3 USER>>seq 112 [+5+] gi|504707447|ref|WP_014894549.1|/331465
*NB* sequence too short
3 USER>>seq 108 [+8+] gi|652840955|ref|WP_027121018.1|/341476
*NB* sequence too short
3 USER>>seq 110 [+0+] gi|499227393|ref|WP_010924933.1|/342480
*NB* sequence too short
3 USER>>seq 121 [+2+] gi|504896993|ref|WP_015084095.1|/328480
*NB* sequence too short
3 USER>>seq 124 [+0+] gi|640319032|ref|WP_024863229.1|/334472
*NB* sequence too short
3 USER>>seq 128 [+3+] gi|671562074|ref|WP_031542706.1|/328474
*NB* sequence too short
3 USER>>seq 108 [+1+] gi|551319402|ref|WP_022939197.1|/70178
*NB* sequence too short
3 USER>>seq 119 [+69+] gi|498408880|ref|WP_010718702.1|/152272
*NB* sequence too short
3 USER>>seq 118 [+2+] gi|514881861|ref|WP_016613797.1|/154273
*NB* sequence too short
3 USER>>seq 110 [+1+] gi|547753273|ref|WP_022165981.1|/51172
*NB* sequence too short
3 USER>>seq 107 [+0+] gi|553305152|ref|WP_023050668.1|/31137
*NB* sequence too short
3 USER>>seq 109 [+7+] gi|491394992|ref|WP_005252854.1|/46182
*NB* sequence too short
3 USER>>seq 114 [+0+] gi|502623194|ref|WP_012859979.1|/163278
*NB* sequence too short
3 USER>>seq 101 [+29+] gi|501083840|ref|WP_012134354.1|/163275
*NB* sequence too short
3 USER>>seq 100 [+12+] gi|518445348|ref|WP_019615555.1|/164275
*NB* sequence too short
3 USER>>seq 120 [+2+] gi|495814112|ref|WP_008538691.1|/152273
*NB* sequence too short
3 USER>>seq 112 [+2+] gi|504746852|ref|WP_014933954.1|/158274
*NB* sequence too short
3 USER>>seq 106 [+0+] gi|692297781|ref|WP_032118766.1|/66172
*NB* sequence too short
3 USER>>seq 111 [+0+] gi|692238023|gb|KGG79652.1|/29139
*NB* sequence too short
3 USER>>seq 136 [+0+] gi|9634978|ref|NP_054715.1|/252387
*NB* sequence too short
4 USER>>seq 123 [+1+] gi|597811329|gb|AHN26160.1|/144272
*NB* sequence too short
4 USER>>seq 103 [+0+] gi|496064550|ref|WP_008789057.1|/333437
*NB* sequence too short
4 USER>>seq 110 [+0+] gi|546744863|ref|WP_021889785.1|/325437
*NB* sequence too short
4 USER>>seq 107 [+0+] gi|496434702|ref|WP_009143549.1|/330438
*NB* sequence too short
5 USER>>seq 107 [+0+] gi|493358842|ref|WP_006315346.1|/43149
*NB* sequence too short
5 USER>>seq 115 [+31+] gi|544755471|ref|WP_021182340.1|/167283
*NB* sequence too short
5 USER>>seq 115 [+1+] gi|654317110|ref|WP_027826322.1|/33147
*NB* sequence too short
5 USER>>seq 117 [+0+] gi|664417101|ref|WP_030942498.1|/66182
*NB* sequence too short
5 USER>>seq 113 [+2+] gi|692229858|ref|WP_032110239.1|/164283
*NB* sequence too short
5 USER>>seq 105 [+19+] gi|652339647|ref|WP_026736855.1|/72194
*NB* sequence too short
5 USER>>seq 103 [+1+] gi|639761794|ref|WP_024736427.1|/100220
*NB* sequence too short
5 USER>>seq 103 [+220+] gi|693230027|ref|WP_032342960.1|/94216
*NB* sequence too short
5 USER>>seq 123 [+17+] gi|490947963|ref|WP_004809789.1|/167308
*NB* sequence too short
5 USER>>seq 113 [+0+] gi|651956197|ref|WP_026681570.1|/177296
*NB* sequence too short
5 USER>>seq 110 [+43+] gi|684142456|dbj|GAL08544.1|/177293
*NB* sequence too short
5 USER>>seq 110 [+0+] gi|662313179|gb|KEQ18464.1|/178294
*NB* sequence too short
5 USER>>seq 108 [+8+] gi|511280817|ref|WP_016341084.1|/179304
*NB* sequence too short
5 USER>>seq 112 [+11+] gi|518997792|ref|WP_020153667.1|/176294
*NB* sequence too short
5 USER>>seq 112 [+0+] gi|257805352|gb|EEV34174.1|/42153
*NB* sequence too short
5 USER>>seq 113 [+0+] gi|494106791|ref|WP_007047577.1|/319443
*NB* sequence too short
5 USER>>seq 107 [+0+] gi|653173395|ref|WP_027416418.1|/49187
*NB* sequence too short
5 USER>>seq 106 [+11+] gi|495636596|ref|WP_008361175.1|/50198
*NB* sequence too short
5 USER>>seq 106 [+0+] gi|588284795|gb|AHK22249.1|/353484
*NB* sequence too short
5 USER>>seq 102 [+1+] gi|639695052|ref|WP_024721195.1|/293404
*NB* sequence too short
5 USER>>seq 111 [+0+] gi|510835292|ref|WP_016206984.1|/43153
*NB* sequence too short
5 USER>>seq 120 [+0+] gi|511076847|ref|WP_016318240.1|/35155
*NB* sequence too short
5 USER>>seq 127 [+0+] gi|496141759|ref|WP_008866266.1|/31157
*NB* sequence too short
5 USER>>seq 116 [+0+] gi|492949405|ref|WP_006057490.1|/41157
*NB* sequence too short
5 USER>>seq 112 [+0+] gi|496001639|ref|WP_008726218.1|/49161
*NB* sequence too short
5 USER>>seq 115 [+6+] gi|694272827|gb|KGJ52770.1|/40155
*NB* sequence too short
5 USER>>seq 115 [+3+] gi|488677949|ref|WP_002606722.1|/37153
*NB* sequence too short
5 USER>>seq 118 [+2+] gi|635649379|ref|WP_024296252.1|/41159
*NB* sequence too short
5 USER>>seq 109 [+0+] gi|563770538|ref|WP_023789253.1|/367504
*NB* sequence too short
5 USER>>seq 110 [+0+] gi|572996096|gb|AHF61506.1|/52192
*NB* sequence too short
6 USER>>seq 101 [+0+] gi|664364558|ref|WP_030891983.1|/56192
*NB* sequence too short
8 USER>>seq 117 [+0+] gi|692229874|ref|WP_032110255.1|/174292
*NB* sequence too short
8 USER>>seq 115 [+0+] gi|547858569|ref|WP_022265373.1|/331457
*NB* sequence too short
8 USER>>seq 101 [+3+] gi|503686247|ref|WP_013920323.1|/50169
*NB* sequence too short
8 USER>>seq 110 [+0+] gi|652853769|ref|WP_027127992.1|/347457
*NB* sequence too short
8 USER>>seq 119 [+0+] gi|491541470|ref|WP_005399089.1|/42161
*NB* sequence too short
8 USER>>seq 111 [+0+] gi|498266208|ref|WP_010580364.1|/45161
*NB* sequence too short
8 USER>>seq 125 [+0+] gi|654820217|ref|WP_028273453.1|/33161
*NB* sequence too short
8 USER>>seq 117 [+0+] gi|589397005|gb|EXG81762.1|/45161
*NB* sequence too short
8 USER>>seq 109 [+0+] gi|499584343|ref|WP_011265126.1|/341469
*NB* sequence too short
8 USER>>seq 114 [+0+] gi|489667402|ref|WP_003571682.1|/340465
*NB* sequence too short
8 USER>>seq 112 [+0+] gi|583840859|gb|AHI52779.1|/349463
*NB* sequence too short
8 USER>>seq 112 [+0+] gi|493347673|ref|WP_006304413.1|/60173
*NB* sequence too short
8 USER>>seq 120 [+0+] gi|496576758|ref|WP_009277876.1|/56177
*NB* sequence too short
8 USER>>seq 110 [+1+] gi|491564149|ref|WP_005421735.1|/61171
*NB* sequence too short
8 USER>>seq 116 [+2+] gi|545058208|ref|WP_021431323.1|/149271
*NB* sequence too short
8 USER>>seq 118 [+1+] gi|647290111|ref|WP_025734814.1|/327475
*NB* sequence too short
8 USER>>seq 107 [+0+] gi|563772409|ref|WP_023789841.1|/369507
*NB* sequence too short
8 USER>>seq 104 [+1+] gi|511277020|ref|WP_016338837.1|/362483
*NB* sequence too short
8 USER>>seq 109 [+0+] gi|497854103|ref|WP_010168259.1|/74183
*NB* sequence too short
8 USER>>seq 105 [+0+] gi|692173019|ref|WP_032091739.1|/315430
*NB* sequence too short
8 USER>>seq 101 [+0+] gi|658648904|ref|WP_029767360.1|/55189
*NB* sequence too short
8 USER>>seq 100 [+0+] gi|652820017|ref|WP_027109198.1|/41146
*NB* sequence too short
8 USER>>seq 114 [+0+] gi|564801853|ref|WP_023858758.1|/165281
*NB* sequence too short
8 USER>>seq 106 [+0+] gi|488301963|ref|WP_002373171.1|/55193
*NB* sequence too short
8 USER>>seq 104 [+1+] gi|497735809|ref|WP_010049993.1|/58195
*NB* sequence too short
8 USER>>seq 115 [+2+] gi|492553098|ref|WP_005883517.1|/37152
*NB* sequence too short
8 USER>>seq 111 [+0+] gi|510804210|ref|WP_016178979.1|/46158
*NB* sequence too short
8 USER>>seq 122 [+0+] gi|495018603|ref|WP_007744610.1|/31152
*NB* sequence too short
8 USER>>seq 131 [+0+] gi|496494615|ref|WP_009203151.1|/25156
*NB* sequence too short
8 USER>>seq 111 [+0+] gi|639760892|ref|WP_024736193.1|/35150
*NB* sequence too short
10 USER>>htlvA 134 HTLV A -1.00  1-134 (134) -1.0 -1.0 ( 66.4  6.0) 0   0.00 = 
*NB* sequence too short
11 USER>>jsrvA 131 JSRV A -1.00  1-131 (131) -1.0 -1.0 ( 60.3  9.2) 0   7.59 = 
*NB* sequence too short
11 USER>>mlvA 132 MLV A -1.00  1-132 (132) -1.0 -1.0 ( 58.3 12.1) 0  27.46 = 
*NB* sequence too short
End of user sequences
11 sequences read into 11 blocks, (11 are keyed)


PARAMETERS for next cycle
 mul_wt = 0 damp = 0 mat_wt = 5
 gap_pen = 20 span = 10 window = 20
 minscore = 900 pepscore = 0 list_limit = 2
 circles = 0 output = 2 outline = 80
score_pairs 

average score over cutoff = 909
(1 pairs) cluster_pairs total list_alloc = 5
pack_lists 
update_blocks
      USER>>seq
909
      USER>>seq


block 6 = 2 seqs
*USER>>seq :	[+0+] gi|157652693|gb|ABV59398.1|/311451
*USER>>seq :	[+0+] gi|291465062|gb|ADE05999.1|/313455

PTGSADVRCRVLNALLTSHGGMTLSPNECGTWSLAAAALYQRIYGVIPLHDLPHTMAEVARREGILVAFNMGMTFTNNSF
PTGSPEVRCRVLNSLLTGHGGMMLHPVDCVSWTNAASVLFQRVHGVVPLHQLPKTLEEVAKTEGLLVAYNIGMTFTSNNF

DVVWGIIRPLLPGQASVAMLQGYLDQYQGQQQKAQAFPTLLRRTFETLGLNYLGQSIRSNQ  
DLIWGIIRPLVPGQAAVAMLQGYLDQYPRPQDKIEHFPRFLRRTFEVLGLNFLGQSIRSTQAP


10 groups ( 1 aligned )



PARAMETERS for next cycle
 mul_wt = 0 damp = 0 mat_wt = 5
 gap_pen = 20 span = 15 window = 40
 minscore = 800 pepscore = 0 list_limit = 2
 circles = 0 output = 2 outline = 80
score_pairs 

average score over cutoff = 837
(3 pairs) cluster_pairs total list_alloc = 5
pack_lists 
update_blocks
     -- USER>SEED:query
850
     -- USER>>seq


     p- USER>>seq
     b- USER>>seq
825
     -- USER>>seq


block 0 = 2 seqs
*USER>SEED:query :	[+62+] query = hpfv
*USER>>seq :	[+0+] gi|32812828|emb|CAD67561.1|/317456

PVTTPDLRCRIINAILGGNIGLSLTPGDCLTWDSAVATLFIRTHGTFPMHQLGNVIKGIVDQEGVATAYTLGMMLSGQNY
PVTTPDLRARIINALIGGKSGIHLTAPEAVTWASAVAAIFTRTHGSFPMHNLSAILTGIANGEGVESAYNLGMMLSNGDF

QLVSGIIRGYLPGQAVVTALQQRLDQEIDNQTRAETFIQHLNAVYEILGLNARGQSIRASVTPLE
NLVYGIVRGLLPGQAAVAYMQQRLDAEPSDALRAQNFIQHLHLVYEILGLNHRGQSIRTS     


block 6 = 3 seqs
*USER>>seq :	[+0+] gi|157652693|gb|ABV59398.1|/311451
*USER>>seq :	[+0+] gi|291465062|gb|ADE05999.1|/313455
*USER>>seq :	[+0+] gi|291465056|gb|ADE05994.1|/275417

PTGSADVRCRVLNALLTSHGGMTLSPNECGTWSLAAAALYQRIYGVIPLHDLPHTMAEVARREGILVAFNMGMTFTNNSF
PTGSPEVRCRVLNSLLTGHGGMMLHPVDCVSWTNAASVLFQRVHGVVPLHQLPKTLEEVAKTEGLLVAYNIGMTFTSNNF
PTNTPDIRCRLVNALLPQHGGLILQPHECNSWTQIASALYTRVNGMIPLHALPQTLSQVTKEEGILVAYQIGMTFTGQNF

DVVWGIIRPLLPGQASVAMLQGYLDQYQGQQQKAQAFPTLLRRTFETLGLNYLGQSIRSNQ  
DLIWGIIRPLVPGQAAVAMLQGYLDQYPRPQDKIEHFPRFLRRTFEVLGLNFLGQSIRSTQAP
PLTWGILRPLLPGQAVVAMMQGYLDQYPTDDLKAVNFASILRRVFDILGLNYMGQNIRNQSSP


8 groups ( 2 aligned )



PARAMETERS for next cycle
 mul_wt = 0 damp = 0 mat_wt = 5
 gap_pen = 20 span = 20 window = 80
 minscore = 700 pepscore = 0 list_limit = 2
 circles = 0 output = 2 outline = 80
score_pairs 

average score over cutoff = 792
(1 pairs) cluster_pairs total list_alloc = 5
pack_lists 
update_blocks
     p--- USER>SEED:query
     b--- USER>>seq
792
     ---- USER>>seq


block 0 = 3 seqs
*USER>SEED:query :	[+62+] query = hpfv
*USER>>seq :	[+0+] gi|32812828|emb|CAD67561.1|/317456
*USER>>seq :	[+854+] gi|37781109|gb|AAP40798.1|/7147

PVTTPDLRCRIINAILGGNIGLSLTPGDCLTWDSAVATLFIRTHGTFPMHQLGNVIKGIVDQEGVATAYTLGMMLSGQNY
PVTTPDLRARIINALIGGKSGIHLTAPEAVTWASAVAAIFTRTHGSFPMHNLSAILTGIANGEGVESAYNLGMMLSNGDF
PITTPDIRCRVVNALLGGSLGLAVEPVHCINWATVVATLYVRTHGSYPLHQLADVLRAVVNQEGIATAFTLGSMLTNNNF

QLVSGIIRGYLPGQAVVTALQQRLDQEIDNQTRAETFIQHLNAVYEILGLNARGQSIRASVTPLE
NLVYGIVRGLLPGQAAVAYMQQRLDAEPSDALRAQNFIQHLHLVYEILGLNHRGQSIRTS     
DLIWGVLRPLLPGQAVVTAMQQRLDQEINDAARIASFVGHLHDVYAILGLNARGQSINRSQ    


7 groups ( 2 aligned )



PARAMETERS for next cycle
 mul_wt = 0 damp = 0 mat_wt = 5
 gap_pen = 20 span = 25 window = 100
 minscore = 600 pepscore = 0 list_limit = 2
 circles = 0 output = 2 outline = 80
score_pairs 

average score over cutoff = 653
(10 pairs) cluster_pairs total list_alloc = 5
pack_lists 
update_blocks
     ------ USER>>seq
680
     ------ USER>>seq


     ------ USER>>seq
665
     ....p- USER>>seq
     ..p-b- USER>>seq
     ..b--- USER>>seq


block 3 = 2 seqs
*USER>>seq :	[+3+] gi|22947831|gb|AAN08115.1|/238377
*USER>>seq :	[+3+] gi|1805313|gb|AAC58530.1|/211351

PVQDAVMRSRTVNALTVRHPGLALEPLECGSWQECLAALWQRTFGATALHALGDTLGQIANSDGIVMAIELGLLFSDDNW
PIVDQITRMRVVNALVASHPGLTLTENEAGSWNAAISALWRKAHGAAAQHELAGVLSDINKKEGIQTAFNLGMQFTDGNW

DLVWGICRRFLPGQAVCVAVQARLDPLPDNATRIVMISHIIRDVYAILGLDPLGRPMQQT 
SLVWGIIRTLLPGQALVTNAQSQFDLMGDDIQRAENFPRVINNLYTMLGLNIHGQSIRPRV


block 4 = 4 seqs
*USER>>seq :	[+0+] gi|676401896|gb|AIM40342.1|/332472
*USER>>seq :	[+0+] gi|157652693|gb|ABV59398.1|/311451
*USER>>seq :	[+0+] gi|291465062|gb|ADE05999.1|/313455
*USER>>seq :	[+0+] gi|291465056|gb|ADE05994.1|/275417

PIDNPNLRMRVVNALLALHPGLAITELNAQTWGQVLAVLHMRALGHTALHQLPALLETIVKTDGILPAYNMGMEVTQQDF
PTGSADVRCRVLNALLTSHGGMTLSPNECGTWSLAAAALYQRIYGVIPLHDLPHTMAEVARREGILVAFNMGMTFTNNSF
PTGSPEVRCRVLNSLLTGHGGMMLHPVDCVSWTNAASVLFQRVHGVVPLHQLPKTLEEVAKTEGLLVAYNIGMTFTSNNF
PTNTPDIRCRLVNALLPQHGGLILQPHECNSWTQIASALYTRVNGMIPLHALPQTLSQVTKEEGILVAYQIGMTFTGQNF

SYVWGILRTLLPGQAFVLSMQNELDRLPAAQ RPGMFPGLLQRTLDILGLNSRGQNIQKTNT 
DVVWGIIRPLLPGQASVAMLQGYLDQYQGQQQKAQAFPTLLRRTFETLGLNYLGQSIRSNQ  
DLIWGIIRPLVPGQAAVAMLQGYLDQYPRPQDKIEHFPRFLRRTFEVLGLNFLGQSIRSTQAP
PLTWGILRPLLPGQAVVAMMQGYLDQYPTDDLKAVNFASILRRVFDILGLNYMGQNIRNQSSP


5 groups ( 3 aligned )



PARAMETERS for next cycle
 mul_wt = 0 damp = 0 mat_wt = 5
 gap_pen = 20 span = 30 window = 100
 minscore = 500 pepscore = 0 list_limit = 2
 circles = 0 output = 2 outline = 80
score_pairs 

average score over cutoff = 636
(3 pairs) cluster_pairs total list_alloc = 5
pack_lists 
update_blocks
     ....p--- USER>SEED:query
     ..p-b--- USER>>seq
     ..b----- USER>>seq
648
     p------- USER>>seq
     |.....p- USER>>seq
     b---p-b- USER>>seq
     ....b--- USER>>seq


block 0 = 7 seqs
*USER>SEED:query :	[+62+] query = hpfv
*USER>>seq :	[+0+] gi|32812828|emb|CAD67561.1|/317456
*USER>>seq :	[+854+] gi|37781109|gb|AAP40798.1|/7147
*USER>>seq :	[+0+] gi|676401896|gb|AIM40342.1|/332472
*USER>>seq :	[+0+] gi|157652693|gb|ABV59398.1|/311451
*USER>>seq :	[+0+] gi|291465062|gb|ADE05999.1|/313455
*USER>>seq :	[+0+] gi|291465056|gb|ADE05994.1|/275417

PVTTPDLRCRIINAILGGNIGLSLTPGDCLTWDSAVATLFIRTHGTFPMHQLGNVIKGIVDQEGVATAYTLGMMLSGQNY
PVTTPDLRARIINALIGGKSGIHLTAPEAVTWASAVAAIFTRTHGSFPMHNLSAILTGIANGEGVESAYNLGMMLSNGDF
PITTPDIRCRVVNALLGGSLGLAVEPVHCINWATVVATLYVRTHGSYPLHQLADVLRAVVNQEGIATAFTLGSMLTNNNF
PIDNPNLRMRVVNALLALHPGLAITELNAQTWGQVLAVLHMRALGHTALHQLPALLETIVKTDGILPAYNMGMEVTQQDF
PTGSADVRCRVLNALLTSHGGMTLSPNECGTWSLAAAALYQRIYGVIPLHDLPHTMAEVARREGILVAFNMGMTFTNNSF
PTGSPEVRCRVLNSLLTGHGGMMLHPVDCVSWTNAASVLFQRVHGVVPLHQLPKTLEEVAKTEGLLVAYNIGMTFTSNNF
PTNTPDIRCRLVNALLPQHGGLILQPHECNSWTQIASALYTRVNGMIPLHALPQTLSQVTKEEGILVAYQIGMTFTGQNF

QLVSGIIRGYLPGQAVVTALQQRLDQEIDNQTRAETFIQHLNAVYEILGLNARGQSIRASVTPLE
NLVYGIVRGLLPGQAAVAYMQQRLDAEPSDALRAQNFIQHLHLVYEILGLNHRGQSIRTS     
DLIWGVLRPLLPGQAVVTAMQQRLDQEINDAARIASFVGHLHDVYAILGLNARGQSINRSQ    
SYVWGILRTLLPGQAFVLSMQNELDRLPAAQ RPGMFPGLLQRTLDILGLNSRGQNIQKTNT   
DVVWGIIRPLLPGQASVAMLQGYLDQYQGQQQKAQAFPTLLRRTFETLGLNYLGQSIRSNQ    
DLIWGIIRPLVPGQAAVAMLQGYLDQYPRPQDKIEHFPRFLRRTFEVLGLNFLGQSIRSTQAP  
PLTWGILRPLLPGQAVVAMMQGYLDQYPTDDLKAVNFASILRRVFDILGLNYMGQNIRNQSSP  


4 groups ( 2 aligned )



PARAMETERS for next cycle
 mul_wt = 0 damp = 0 mat_wt = 5
 gap_pen = 20 span = 35 window = 100
 minscore = 450 pepscore = 0 list_limit = 2
 circles = 0 output = 2 outline = 80
score_pairs 

average score over cutoff = 626
(1 pairs) cluster_pairs total list_alloc = 5
pack_lists 
update_blocks
     ......p--- USER>SEED:query
     ....p-b--- USER>>seq
     p---b----- USER>>seq
     b-p------- USER>>seq
     ..|.....p- USER>>seq
     ..b---p-b- USER>>seq
     ......b--- USER>>seq
626
     ..p------- USER>>seq
     ..b------- USER>>seq


block 0 = 9 seqs
*USER>SEED:query :	[+62+] query = hpfv
*USER>>seq :	[+0+] gi|32812828|emb|CAD67561.1|/317456
*USER>>seq :	[+854+] gi|37781109|gb|AAP40798.1|/7147
*USER>>seq :	[+0+] gi|676401896|gb|AIM40342.1|/332472
*USER>>seq :	[+0+] gi|157652693|gb|ABV59398.1|/311451
*USER>>seq :	[+0+] gi|291465062|gb|ADE05999.1|/313455
*USER>>seq :	[+0+] gi|291465056|gb|ADE05994.1|/275417
*USER>>seq :	[+3+] gi|22947831|gb|AAN08115.1|/238377
*USER>>seq :	[+3+] gi|1805313|gb|AAC58530.1|/211351

PVTTPDLRCRIINAILGGNIGLSLTPGDCLTWDSAVATLFIRTHGTFPMHQLGNVIKGIVDQEGVATAYTLGMMLSGQNY
PVTTPDLRARIINALIGGKSGIHLTAPEAVTWASAVAAIFTRTHGSFPMHNLSAILTGIANGEGVESAYNLGMMLSNGDF
PITTPDIRCRVVNALLGGSLGLAVEPVHCINWATVVATLYVRTHGSYPLHQLADVLRAVVNQEGIATAFTLGSMLTNNNF
PIDNPNLRMRVVNALLALHPGLAITELNAQTWGQVLAVLHMRALGHTALHQLPALLETIVKTDGILPAYNMGMEVTQQDF
PTGSADVRCRVLNALLTSHGGMTLSPNECGTWSLAAAALYQRIYGVIPLHDLPHTMAEVARREGILVAFNMGMTFTNNSF
PTGSPEVRCRVLNSLLTGHGGMMLHPVDCVSWTNAASVLFQRVHGVVPLHQLPKTLEEVAKTEGLLVAYNIGMTFTSNNF
PTNTPDIRCRLVNALLPQHGGLILQPHECNSWTQIASALYTRVNGMIPLHALPQTLSQVTKEEGILVAYQIGMTFTGQNF
PVQDAVMRSRTVNALTVRHPGLALEPLECGSWQECLAALWQRTFGATALHALGDTLGQIANSDGIVMAIELGLLFSDDNW
PIVDQITRMRVVNALVASHPGLTLTENEAGSWNAAISALWRKAHGAAAQHELAGVLSDINKKEGIQTAFNLGMQFTDGNW

QLVSGIIRGYLPGQAVVTALQQRLDQEIDNQTRAETFIQHLNAVYEILGLNARGQSIRASVTPLE
NLVYGIVRGLLPGQAAVAYMQQRLDAEPSDALRAQNFIQHLHLVYEILGLNHRGQSIRTS     
DLIWGVLRPLLPGQAVVTAMQQRLDQEINDAARIASFVGHLHDVYAILGLNARGQSINRSQ    
SYVWGILRTLLPGQAFVLSMQNELDRLPAAQ RPGMFPGLLQRTLDILGLNSRGQNIQKTNT   
DVVWGIIRPLLPGQASVAMLQGYLDQYQGQQQKAQAFPTLLRRTFETLGLNYLGQSIRSNQ    
DLIWGIIRPLVPGQAAVAMLQGYLDQYPRPQDKIEHFPRFLRRTFEVLGLNFLGQSIRSTQAP  
PLTWGILRPLLPGQAVVAMMQGYLDQYPTDDLKAVNFASILRRVFDILGLNYMGQNIRNQSSP  
DLVWGICRRFLPGQAVCVAVQARLDPLPDNATRIVMISHIIRDVYAILGLDPLGRPMQQT     
SLVWGIIRTLLPGQALVTNAQSQFDLMGDDIQRAENFPRVINNLYTMLGLNIHGQSIRPRV    


3 groups ( 1 aligned )



PARAMETERS for next cycle
 mul_wt = 0 damp = 0 mat_wt = 5
 gap_pen = 20 span = 40 window = 100
 minscore = 300 pepscore = 0 list_limit = 2
 circles = 0 output = 2 outline = 80
score_pairs 

average score over cutoff = 342
(3 pairs) cluster_pairs total list_alloc = 5
pack_lists 
update_blocks
     ------------ USER>>hivC
384
     ------------ USER>>rsvA


block 9 = 2 seqs
*USER>>hivC :	HIV C -1.00  401-545 (145) -1.0 -1.0 ( 56.6 13.8) 0  26.32 = 
*USER>>rsvA :	RSV A -1.00  1-147 (147) -1.0 -1.0 ( 61.2  7.5) 0  35.04 = 

PIVQNLQGQMVHQAISPRTLNAWVKVVEEKAFSPEVIPMFSALSEGATPQDLNTMLNTVGGHQAAMQMLKETINEE    
PVVIKTEGPAWTPLEPKLITRLADTVRTKGLRSPITMAEVEALMSSPLLPHDVTNLMRVILGPAPYALWMDAWGVQLQTV

  AAEWDRLHPVHAGPIAPGQMREPRGSDIAGTTSTLQEQIGWMTHNPPIPVGEIYKRWIILGLNKIVRMY
IAAATRDPRHPANGQGRGERTNLNRLKGLADGMVGNPQGQAALLRPGELVAITAS    ALQAFREVARLA


2 groups ( 2 aligned )



PARAMETERS for next cycle
 mul_wt = 0 damp = 0 mat_wt = 5
 gap_pen = 20 span = 45 window = 100
 minscore = 250 pepscore = 0 list_limit = 2
 circles = 0 output = 2 outline = 80
score_pairs 

average score over cutoff = 296
(1 pairs) cluster_pairs total list_alloc = 5
pack_lists 
update_blocks
     ..........p--- USER>SEED:query
     ........p-b--- USER>>seq
     ....p---b----- USER>>seq
     ..p-b-p------- USER>>seq
     ..|...|.....p- USER>>seq
     ..|...b---p-b- USER>>seq
     ..|.......b--- USER>>seq
     ..b---p------- USER>>seq
     ......b------- USER>>seq
296
     p------------- USER>>hivC
     b------------- USER>>rsvA


block 0 = 11 seqs
*USER>SEED:query :	[+62+] query = hpfv
*USER>>seq :	[+0+] gi|32812828|emb|CAD67561.1|/317456
*USER>>seq :	[+854+] gi|37781109|gb|AAP40798.1|/7147
*USER>>seq :	[+0+] gi|676401896|gb|AIM40342.1|/332472
*USER>>seq :	[+0+] gi|157652693|gb|ABV59398.1|/311451
*USER>>seq :	[+0+] gi|291465062|gb|ADE05999.1|/313455
*USER>>seq :	[+0+] gi|291465056|gb|ADE05994.1|/275417
*USER>>seq :	[+3+] gi|22947831|gb|AAN08115.1|/238377
*USER>>seq :	[+3+] gi|1805313|gb|AAC58530.1|/211351
*USER>>hivC :	HIV C -1.00  401-545 (145) -1.0 -1.0 ( 56.6 13.8) 0  26.32 = 
*USER>>rsvA :	RSV A -1.00  1-147 (147) -1.0 -1.0 ( 61.2  7.5) 0  35.04 = 

PVTTPDLRCRIINAILGGNIGLSLTPGDCLTWDSAVATLFIRTHGTFPMHQLGNVIKGIVDQEGVATAYTLGMMLSGQNY
PVTTPDLRARIINALIGGKSGIHLTAPEAVTWASAVAAIFTRTHGSFPMHNLSAILTGIANGEGVESAYNLGMMLSNGDF
PITTPDIRCRVVNALLGGSLGLAVEPVHCINWATVVATLYVRTHGSYPLHQLADVLRAVVNQEGIATAFTLGSMLTNNNF
PIDNPNLRMRVVNALLALHPGLAITELNAQTWGQVLAVLHMRALGHTALHQLPALLETIVKTDGILPAYNMGMEVTQQDF
PTGSADVRCRVLNALLTSHGGMTLSPNECGTWSLAAAALYQRIYGVIPLHDLPHTMAEVARREGILVAFNMGMTFTNNSF
PTGSPEVRCRVLNSLLTGHGGMMLHPVDCVSWTNAASVLFQRVHGVVPLHQLPKTLEEVAKTEGLLVAYNIGMTFTSNNF
PTNTPDIRCRLVNALLPQHGGLILQPHECNSWTQIASALYTRVNGMIPLHALPQTLSQVTKEEGILVAYQIGMTFTGQNF
PVQDAVMRSRTVNALTVRHPGLALEPLECGSWQECLAALWQRTFGATALHALGDTLGQIANSDGIVMAIELGLLFSDDNW
PIVDQITRMRVVNALVASHPGLTLTENEAGSWNAAISALWRKAHGAAAQHELAGVLSDINKKEGIQTAFNLGMQFTDGNW
PIVQNLQGQMVHQAISPRTLNAWVKVVEEKAFSPEVIPMFSALSEGATPQDLNTMLNTVGGHQA AMQMLKETINEE   
PVVIKTEGPAWTPLEPKLITRLADTVRTKGLRSPITMAEVEALMSSPLLPHDVTNLMRVILGPA PYALWMDAWGVQLQT

QLVSGIIRGYLPGQAVVTALQQRLDQEIDNQTRAETFIQHLNAVYEILGLNARGQSIRASVTPLE       
NLVYGIVRGLLPGQAAVAYMQQRLDAEPSDALRAQNFIQHLHLVYEILGLNHRGQSIRTS            
DLIWGVLRPLLPGQAVVTAMQQRLDQEINDAARIASFVGHLHDVYAILGLNARGQSINRSQ           
SYVWGILRTLLPGQAFVLSMQNELDRLPAAQ RPGMFPGLLQRTLDILGLNSRGQNIQKTNT          
DVVWGIIRPLLPGQASVAMLQGYLDQYQGQQQKAQAFPTLLRRTFETLGLNYLGQSIRSNQ           
DLIWGIIRPLVPGQAAVAMLQGYLDQYPRPQDKIEHFPRFLRRTFEVLGLNFLGQSIRSTQAP         
PLTWGILRPLLPGQAVVAMMQGYLDQYPTDDLKAVNFASILRRVFDILGLNYMGQNIRNQSSP         
DLVWGICRRFLPGQAVCVAVQARLDPLPDNATRIVMISHIIRDVYAILGLDPLGRPMQQT            
SLVWGIIRTLLPGQALVTNAQSQFDLMGDDIQRAENFPRVINNLYTMLGLNIHGQSIRPRV           
   AAEWDRLHPVHAGPIAPGQMREPRGSDIAGTTSTLQEQIGWMTHNPPIPVGEIYKRWIILGLNKIVRMY
VIAAATRDPRHPANGQGRGERTNLNRLKGLADGMVGNPQGQAALLRPGELVAITAS    ALQAFREVARLA


1 groups ( 1 aligned )

 nblocks = 11
