Protein 1 is MLV_N
found
Protein 2 is foamC
found
Directory is MLV_NfoamC
COMPND   
SOURCE   
 apct = 57.575756 bpct = 9.848485
 n = 132
 k = 1009 iend = 1 jend = 127 cost = 1075.024170
 nout = 8
COMPND   
SOURCE   
 apct = 57.575756 bpct = 9.848485
 n = 132
 k = 1009 iend = 1 jend = 127 cost = 1075.024170
 nout = 8
COMPND   
SOURCE   
 apct = 72.340424 bpct = 0.000000
 n = 94
 k = 491 iend = 1 jend = 87 cost = 1509.756104
 nout = 5
COMPND   
SOURCE   
 apct = 72.340424 bpct = 0.000000
 n = 94
 k = 491 iend = 1 jend = 87 cost = 1509.756104
 nout = 5
COMPND   
SOURCE   
 apct = 57.575756 bpct = 9.848485
 a = 31 b = 35 c = 66 d = 67 e = 127 f = 129
 ad = 7.228860 eb = 7.806159 cf = 10.986096
 dsum = 26.021116 spare = 4
 n = 132
 k = 998 iend = 1 jend = 128 cost = 1070.707642
 nout = 8
COMPND   
SOURCE   
 apct = 57.575756 bpct = 9.848485
 a = 31 b = 35 c = 66 d = 67 e = 127 f = 129
 ad = 7.228860 eb = 7.806159 cf = 10.986096
 dsum = 26.021116 spare = 4
 n = 132
 k = 998 iend = 1 jend = 128 cost = 1070.707642
 nout = 8
COMPND   
SOURCE   
 apct = 72.340424 bpct = 0.000000
 a = 14 b = 18 c = 44 d = 45 e = 86 f = 87
 ad = 8.122690 eb = 5.592104 cf = 8.670487
 dsum = 22.385281 spare = 3
 n = 94
 k = 491 iend = 1 jend = 86 cost = 1430.448486
 nout = 5
COMPND   
SOURCE   
 apct = 72.340424 bpct = 0.000000
 a = 14 b = 18 c = 44 d = 45 e = 86 f = 87
 ad = 8.122690 eb = 5.592104 cf = 8.670487
 dsum = 22.385281 spare = 3
 n = 94
 k = 491 iend = 1 jend = 86 cost = 1430.448486
 nout = 5
132 residues in str1
94 residues in str2
nat1 vs rev2
nat2 vs rev1
nta1 vs rev2
nta2 vs rev1
nat1 vs rve2
nat2 vs rve1
nta1 vs rve2
nta2 vs rve1
pdb1 vs pdb2
pdb2 vs pdb1
