Protein 1 is MLV_N
found
Protein 2 is foamN
found
Directory is MLV_NfoamN
COMPND   
SOURCE   
 apct = 57.575756 bpct = 9.848485
 n = 132
 k = 1009 iend = 1 jend = 127 cost = 1075.024170
 nout = 8
COMPND   
SOURCE   
 apct = 57.575756 bpct = 9.848485
 n = 132
 k = 1009 iend = 1 jend = 127 cost = 1075.024170
 nout = 8
COMPND   
SOURCE   
 apct = 58.139534 bpct = 6.976744
 n = 86
 k = 411 iend = 3 jend = 82 cost = 1265.470459
 nout = 5
COMPND   
SOURCE   
 apct = 58.139534 bpct = 6.976744
 n = 86
 k = 411 iend = 3 jend = 82 cost = 1265.470459
 nout = 5
COMPND   
SOURCE   
 apct = 57.575756 bpct = 9.848485
 a = 31 b = 35 c = 66 d = 67 e = 127 f = 129
 ad = 7.228860 eb = 7.806159 cf = 10.986096
 dsum = 26.021116 spare = 4
 n = 132
 k = 998 iend = 1 jend = 128 cost = 1070.707642
 nout = 8
COMPND   
SOURCE   
 apct = 57.575756 bpct = 9.848485
 a = 31 b = 35 c = 66 d = 67 e = 127 f = 129
 ad = 7.228860 eb = 7.806159 cf = 10.986096
 dsum = 26.021116 spare = 4
 n = 132
 k = 998 iend = 1 jend = 128 cost = 1070.707642
 nout = 8
COMPND   
SOURCE   
 apct = 58.139534 bpct = 6.976744
 a = 22 b = 26 c = 59 d = 60 e = 78 f = 79
 ad = 7.207079 eb = 7.327272 cf = 8.721660
 dsum = 23.256012 spare = 3
 n = 86
 k = 410 iend = 3 jend = 82 cost = 1275.121216
 nout = 5
COMPND   
SOURCE   
 apct = 58.139534 bpct = 6.976744
 a = 22 b = 26 c = 59 d = 60 e = 78 f = 79
 ad = 7.207079 eb = 7.327272 cf = 8.721660
 dsum = 23.256012 spare = 3
 n = 86
 k = 410 iend = 3 jend = 82 cost = 1275.121216
 nout = 5
132 residues in str1
86 residues in str2
nat1 vs rev2
nat2 vs rev1
nta1 vs rev2
nta2 vs rev1
nat1 vs rve2
nat2 vs rve1
nta1 vs rve2
nta2 vs rve1
pdb1 vs pdb2
pdb2 vs pdb1
