 file1 = foamC
 prot1->Compound = 
 file2 = 3nteN
 prot2->Compound = 
ARNDCQEGHILKMFPSTWYVBZX
matrix constant = 8
Cycle 1, 15 residues selected
Cycle 2, 21 residues selected
Cycle 3, 27 residues selected
Cycle 4, 33 residues selected
Cycle 5, 39 residues selected

 score = 648.905273

Percent sel on aln =   79.49
Percent aln in sel =   39.74
  A   14   0.1   1 F  
 *I   15   0.0   2 P  
 *S   16   0.1   3 M* 
  P   17   3.0   4 H  
  R   18  13.1   5 Q* 
 *T   19  23.8   6 L**
 *L   20  16.4   7 G* 
  N   21  17.4   8 N  
  A   22  19.3   9 V* 
**W   23  14.1  10 I**
  E   28   4.6  11 K* 
  E   29  15.3  12 G  
 *K   30   9.2  13 I* 
 *A   31   0.0  14 V**
 *F   32   0.1  15 D  
  S   33   4.8  16 Q  
  P   34   0.0  17 E* 
  E   35   0.1  18 G* 
**V   36  46.0  19 V**
**I   37  55.8  20 A**
  P   38  56.8  21 T* 
 *M   39  40.3  22 A**
 *F   40  46.4  23 Y**
 *S   41  48.9  24 T* 
  A   42  60.7  25 L* 
 *L   43  35.8  26 G* 
 *S   44  32.0  27 M**
 *E   45   0.7  28 M  
 *G   46   0.1  29 L  
**A   47   1.9  30 S* 
**T   48   1.1  31 G  
 *Q   50   0.2  32 Q  
 *D   51   0.5  33 N  
**L   52  28.8  34 Y* 
 *N   53  45.1  35 Q  
  T   54  39.7  36 L  
 *M   55  38.6  37 V**
 *L   56  30.1  38 S* 
 *N   57  18.3  39 G  
  T   58  14.3  40 I* 
 *V   59   1.4  44 Y* 
 *G   60   0.4  45 L**
  G   61   0.1  46 P* 
  H   62   0.7  47 G* 
  Q   63   9.9  48 Q* 
  A   64  26.7  49 A  
 *A   65  52.7  50 V**
 *M   66  39.3  51 V**
  Q   67  26.1  52 T  
 *M   68  25.2  53 A* 
 *L   69  27.7  54 L**
  K   70  26.9  55 Q  
  E   71  26.9  56 Q  
 *T   72  13.1  57 R  
**I   73  19.2  58 L**
  N   74  18.1  59 D  
  E   75  16.3  60 Q  
 *E   76   1.7  61 E* 
 *P  125   0.0  62 I  
**V  126   0.6  63 D  
**G  127   5.8  64 N  
 *E  128   3.2  65 Q  
  I  129   5.4  66 T* 
 *Y  130  11.0  67 R* 
**K  131  13.4  68 A* 
  R  132  10.0  69 E  
 *W  133   3.4  70 T* 
 *I  134  68.7  71 F**
 *I  135  29.4  72 I* 
  L  136  19.6  73 Q  
**G  137  22.8  74 H* 
 *L  138  57.4  75 L**
 *N  139  28.0  76 N* 
  K  140  18.8  77 A* 
 *I  141  28.1  78 V**
 *V  142  47.7  79 Y**
  R  143  34.6  80 E* 
  M  144   0.0  81 I  
3nteN Weighted RMSd =   2.335 over 78 atoms 57.011761 1523.603882  12.8 71.405472 71.416534 76.145905 79.922691
3nteN Un-weighted RMSd =   1.935 over best 40 atoms ( 1523.603882   12.8 )
3nteN Un-weighted RMSd =   2.353 over best 49 atoms ( 1523.603882   12.8 )
3nteN Un-weighted RMSd =   2.564 over best 52 atoms ( 1523.603882   12.8 )
3nteN Un-weighted RMSd =   2.764 over best 57 atoms ( 1523.603882   12.8 )
3nteN Un-weighted RMSd =   2.926 over best 58 atoms ( 1523.603882   12.8 )
3nteN Un-weighted RMSd =   3.062 over best 61 atoms ( 1523.603882   12.8 )
3nteN Un-weighted RMSd =   3.765 over best 65 atoms ( 1523.603882   12.8 )
3nteN Un-weighted RMSd =   3.919 over best 67 atoms ( 1523.603882   12.8 )
3nteN Un-weighted RMSd =   4.051 over best 73 atoms ( 1523.603882   12.8 )
3nteN Un-weighted RMSd =   4.140 over best 75 atoms ( 1523.603882   12.8 )
3nteN Un-weighted RMSd =   4.227 over best 77 atoms ( 1523.603882   12.8 )
3nteN Un-weighted RMSd =   4.227 over best 77 atoms ( 1523.603882   12.8 )
3nteN Un-weighted RMSd =   4.227 over best 77 atoms ( 1523.603882   12.8 )
3nteN Un-weighted RMSd =   4.227 over best 77 atoms ( 1523.603882   12.8 )
3nteN Un-weighted RMSd =   4.265 over best 78 atoms ( 1523.603882   12.8 )
3nteN Un-weighted RMSd =   4.265 over all 78 matched atoms 57.011761 1523.603882   12.8 71.405472 71.416534 76.145905 79.922691
