Protein 1 is MPMV_N
found
Protein 2 is foamN
found
Directory is MPMV_NfoamN
COMPND   
SOURCE   
 apct = 60.000000 bpct = 12.857142
 n = 140
 k = 1116 iend = 1 jend = 135 cost = 1066.296631
 nout = 7
COMPND   
SOURCE   
 apct = 60.000000 bpct = 12.857142
 n = 140
 k = 1116 iend = 1 jend = 135 cost = 1066.296631
 nout = 7
COMPND   
SOURCE   
 apct = 58.139534 bpct = 6.976744
 n = 86
 k = 411 iend = 3 jend = 82 cost = 1265.470459
 nout = 5
COMPND   
SOURCE   
 apct = 58.139534 bpct = 6.976744
 n = 86
 k = 411 iend = 3 jend = 82 cost = 1265.470459
 nout = 5
COMPND   
SOURCE   
 apct = 60.000000 bpct = 12.857142
 a = 36 b = 37 c = 69 d = 73 e = 135 f = 136
 ad = 9.866063 eb = 5.913455 cf = 8.164953
 dsum = 23.944471 spare = 3
 n = 140
 k = 1102 iend = 1 jend = 135 cost = 1158.210083
 nout = 7
COMPND   
SOURCE   
 apct = 60.000000 bpct = 12.857142
 a = 36 b = 37 c = 69 d = 73 e = 135 f = 136
 ad = 9.866063 eb = 5.913455 cf = 8.164953
 dsum = 23.944471 spare = 3
 n = 140
 k = 1102 iend = 1 jend = 135 cost = 1158.210083
 nout = 7
COMPND   
SOURCE   
 apct = 58.139534 bpct = 6.976744
 a = 22 b = 26 c = 59 d = 60 e = 78 f = 79
 ad = 7.207079 eb = 7.327272 cf = 8.721660
 dsum = 23.256012 spare = 3
 n = 86
 k = 410 iend = 3 jend = 82 cost = 1275.121216
 nout = 5
COMPND   
SOURCE   
 apct = 58.139534 bpct = 6.976744
 a = 22 b = 26 c = 59 d = 60 e = 78 f = 79
 ad = 7.207079 eb = 7.327272 cf = 8.721660
 dsum = 23.256012 spare = 3
 n = 86
 k = 410 iend = 3 jend = 82 cost = 1275.121216
 nout = 5
140 residues in str1
86 residues in str2
nat1 vs rev2
nat2 vs rev1
nta1 vs rev2
nta2 vs rev1
nat1 vs rve2
nat2 vs rve1
nta1 vs rve2
nta2 vs rve1
pdb1 vs pdb2
pdb2 vs pdb1
