 file1 = HIV6_N
 prot1->Compound = 
 file2 = foamN
 prot2->Compound = 
ARNDCQEGHILKMFPSTWYVBZX
matrix constant = 8
Cycle 1, 15 residues selected
Cycle 2, 21 residues selected
Cycle 3, 26 residues selected
Cycle 4, 32 residues selected
Cycle 5, 38 residues selected

 score = 750.228638

Percent sel on aln =   89.47
Percent aln in sel =   44.16
  P    1   0.0  13 Q* 
  I    2   0.8  14 C  
**G    3   0.2  15 I**
 *T    4   0.1  16 S* 
  V    5   0.1  17 P  
 *I    6   0.0  18 R  
 *P    7   0.0  19 T* 
 *I    8  18.5  20 L* 
  Q    9  32.0  21 N  
  H   10  33.2  22 A* 
**I   11  43.6  23 W**
**R   12  40.8  24 V* 
  S   13  26.1  25 K* 
 *V   14  30.3  26 V* 
**T   15  43.3  27 V**
  G   16   0.0  28 E  
 *E   17   0.1  29 E  
 *P   18   0.1  30 K* 
 *P   19   0.1  31 A* 
 *W   28   0.0  32 F* 
**L   29   0.0  33 S* 
 *G   30   2.4  34 P  
  R   31   2.0  35 E  
 *N   32   2.4  36 V**
**A   33   8.3  37 I**
  P   34   6.6  38 P  
 *A   35   8.2  39 M* 
 *I   36  11.2  40 F* 
 *D   37  14.9  41 S* 
  G   38  11.5  42 A* 
 *V   39   7.0  43 L* 
**F   40   3.7  44 S**
 *P   41   0.4  45 C* 
 *V   42   0.0  46 G* 
  T   43   0.0  47 A**
 *T   44   4.9  48 T**
 *P   45  21.0  49 P**
 *D   46  19.2  50 Q* 
 *L   47  27.5  51 D* 
 *R   48  36.6  52 L**
**C   49  27.4  53 N**
 *R   50  28.9  54 T* 
 *I   51  41.3  55 M**
**I   52  39.9  56 L* 
 *N   53  26.3  57 N  
 *A   54   8.3  58 T* 
**I   55   0.3  59 V**
**L   56   0.1  60 G  
 *G   57   0.1  61 G  
  G   58   0.1  62 H  
 *N   59   0.2  63 Q  
  I   60   0.8  64 A  
 *G   61   0.1  65 A* 
**L   62   0.3  66 M**
 *S   63   1.6  67 Q  
 *L   64   0.0  68 M* 
  T   65   0.0  69 L**
 *P   66   1.2  70 K  
  G   67   1.6  71 E  
  D   68   1.5  72 T* 
 *C   69   1.6  73 I**
 *L   70   7.6  74 N  
  T   71   0.0 130 Y**
 *W   72  28.4 131 K**
  D   73  21.2 132 R  
 *S   74  21.4 133 W* 
**A   75  27.4 134 I* 
**V   76  22.3 135 I* 
 *A   77  14.8 136 L* 
 *T   78  16.4 137 G**
**L   79  15.3 138 L* 
**F   80   8.1 139 N* 
 *I   81   8.3 140 K  
 *R   82   6.7 141 I**
 *T   83   4.7 142 V**
 *H   84   3.8 143 R  
  G   85   0.0 144 M  
foamN Weighted RMSd =   3.348 over 77 atoms 49.138283 845.240662  10.4 60.274837 59.298347 65.735146 70.956299
foamN Un-weighted RMSd =   3.067 over best 28 atoms ( 845.240662   10.4 )
foamN Un-weighted RMSd =   3.230 over best 36 atoms ( 845.240662   10.4 )
foamN Un-weighted RMSd =   3.504 over best 38 atoms ( 845.240662   10.4 )
foamN Un-weighted RMSd =   3.944 over best 43 atoms ( 845.240662   10.4 )
foamN Un-weighted RMSd =   4.264 over best 47 atoms ( 845.240662   10.4 )
foamN Un-weighted RMSd =   4.584 over best 51 atoms ( 845.240662   10.4 )
foamN Un-weighted RMSd =   4.687 over best 55 atoms ( 845.240662   10.4 )
foamN Un-weighted RMSd =   4.695 over best 59 atoms ( 845.240662   10.4 )
foamN Un-weighted RMSd =   4.675 over best 68 atoms ( 845.240662   10.4 )
foamN Un-weighted RMSd =   4.732 over best 71 atoms ( 845.240662   10.4 )
foamN Un-weighted RMSd =   4.733 over best 75 atoms ( 845.240662   10.4 )
foamN Un-weighted RMSd =   4.827 over best 77 atoms ( 845.240662   10.4 )
foamN Un-weighted RMSd =   4.827 over best 77 atoms ( 845.240662   10.4 )
foamN Un-weighted RMSd =   4.827 over best 77 atoms ( 845.240662   10.4 )
foamN Un-weighted RMSd =   4.827 over best 77 atoms ( 845.240662   10.4 )
foamN Un-weighted RMSd =   4.827 over all 77 matched atoms 49.138283 845.240662   10.4 60.274837 59.298347 65.735146 70.956299
