 file1 = BLV_N
 prot1->Compound = 
 file2 = BLV_C
 prot2->Compound = 
ARNDCQEGHILKMFPSTWYVBZX
matrix constant = 8
Cycle 1, 14 residues selected
Cycle 2, 19 residues selected
Cycle 3, 24 residues selected
Cycle 4, 29 residues selected
Cycle 5, 34 residues selected

 score = 229.527390

Percent sel on aln =   91.18
Percent aln in sel =   42.47
  S    1   0.0  18 E  
**V    2   0.0  19 L**
  Q    3   0.0  20 Q* 
 *P    4  16.2  21 D  
**W    5  28.1  22 I**
**S    6   7.9  23 K**
 *T    7   2.6  24 K  
 *I    8   0.3  25 E  
 *V    9   0.0  26 I* 
**Q   10   0.2  27 E* 
 *G   11   2.0  28 N  
  P   12   0.0  29 K**
  A   13   2.1  30 A  
 *E   14   0.1  31 P* 
 *S   15   0.1  32 G**
**Y   16   0.0  33 S* 
 *V   17  11.1  34 Q  
  E   18  10.1  35 V  
**F   19   8.9  36 W**
 *V   20   8.5  37 I**
  N   21   7.9  38 Q  
 *R   22   7.1  39 T* 
**L   23   6.8  40 L* 
 *Q   24   7.5  41 R* 
  I   25   7.2  42 L  
 *S   26   7.5  43 A**
 *L   27   6.9  44 I**
  A   28   9.1  45 L  
  D   29   9.9  46 Q  
  N   30   2.2  47 A* 
  P   31   0.0  48 D* 
 *K   32   0.0  49 P**
  E   33   4.8  51 P* 
  P   34   5.1  52 A  
 *I   35   6.4  53 D**
**I   36   6.4  54 L* 
**D   37   5.0  55 E  
 *S   38   7.3  56 Q* 
**L   39   8.3  57 L* 
**S   40   7.1  58 C* 
**Y   41   3.0  59 Q  
  A   42   2.5  60 Y  
 *N   43   6.8  61 I* 
**A   44   6.3  62 A* 
**N   45  11.4  63 S  
  K   46   8.7  64 P  
  E   47   6.8  65 V  
**C   48   6.4  66 D* 
 *Q   49   6.4  67 Q* 
 *Q   50   5.9  68 T  
 *I   51   5.0  69 A* 
**L   52   5.4  70 H* 
  Q   53   6.4  71 M  
  G   54   8.1  72 T  
  R   55   8.2  73 S  
  G   56   0.0  74 L* 
 *L   57   0.1  75 T  
 *V   58   0.0  76 A* 
  A   59   0.1  77 A* 
 *A   60   0.4 112 Q* 
  P   61   0.1 113 Y**
 *V   62   3.7 114 Q**
  G   63   6.0 115 N  
 *Q   64  11.0 116 L* 
**K   65   8.5 117 W* 
 *L   66  11.7 118 L**
  Q   67  13.5 119 Q* 
  A   68  34.3 120 A**
**C   69  12.1 121 W**
 *A   70  23.7 122 K* 
  H   71   9.4 123 N  
 *W   72   7.4 124 L**
  A   73   0.2 125 P* 
BLV_C Weighted RMSd =   3.538 over 73 atoms 54.393154 460.482666  13.7 62.109146 62.809669 69.608101 74.827805
BLV_C Un-weighted RMSd =   3.936 over best 46 atoms ( 460.482666   13.7 )
BLV_C Un-weighted RMSd =   3.976 over best 51 atoms ( 460.482666   13.7 )
BLV_C Un-weighted RMSd =   4.039 over best 54 atoms ( 460.482666   13.7 )
BLV_C Un-weighted RMSd =   4.039 over best 54 atoms ( 460.482666   13.7 )
BLV_C Un-weighted RMSd =   4.027 over best 55 atoms ( 460.482666   13.7 )
BLV_C Un-weighted RMSd =   4.027 over best 56 atoms ( 460.482666   13.7 )
BLV_C Un-weighted RMSd =   4.014 over best 60 atoms ( 460.482666   13.7 )
BLV_C Un-weighted RMSd =   4.189 over best 62 atoms ( 460.482666   13.7 )
BLV_C Un-weighted RMSd =   4.432 over best 69 atoms ( 460.482666   13.7 )
BLV_C Un-weighted RMSd =   4.693 over best 72 atoms ( 460.482666   13.7 )
BLV_C Un-weighted RMSd =   4.675 over best 73 atoms ( 460.482666   13.7 )
BLV_C Un-weighted RMSd =   4.675 over best 73 atoms ( 460.482666   13.7 )
BLV_C Un-weighted RMSd =   4.675 over best 73 atoms ( 460.482666   13.7 )
BLV_C Un-weighted RMSd =   4.675 over best 73 atoms ( 460.482666   13.7 )
BLV_C Un-weighted RMSd =   4.675 over best 73 atoms ( 460.482666   13.7 )
BLV_C Un-weighted RMSd =   4.675 over all 73 matched atoms 54.393154 460.482666   13.7 62.109146 62.809669 69.608101 74.827805
