 file1 = BLV_C
 prot1->Compound = 
 file2 = foamN
 prot2->Compound = 
ARNDCQEGHILKMFPSTWYVBZX
matrix constant = 8
Cycle 1, 13 residues selected
Cycle 2, 17 residues selected
Cycle 3, 21 residues selected
Cycle 4, 25 residues selected
Cycle 5, 29 residues selected

 score = 351.120148

Percent sel on aln =  100.00
Percent aln in sel =   41.43
 *P    7   0.1   1 S  
 *I    8   0.1   2 V**
  Q    9   0.0   3 Q  
  H   10  22.6   4 P* 
**I   11  35.1   5 W**
**R   12  19.9   6 S**
  S   13  18.6   7 T* 
 *V   14   6.5   8 I* 
 *E   17  35.8   9 V* 
 *P   18   2.7  10 Q**
 *P   19   2.4  11 G* 
  R   20   3.2  12 P  
 *R   23   2.8  13 A  
  E   24   0.2  14 E* 
**I   25   0.7  15 S* 
**P   26   0.9  16 Y**
 *I   27   2.1  17 V* 
 *W   28   2.1  18 E  
 *N   32  10.2  19 F**
**A   33  45.6  20 V* 
  P   34  34.3  21 N  
 *A   35  34.5  22 R* 
 *I   36  38.2  23 L**
 *D   37  23.4  24 Q* 
  G   38  22.6  25 I  
 *V   39   9.3  26 S* 
**F   40  13.2  27 L* 
 *P   41   0.1  28 A  
 *V   42   0.1  29 D  
  T   43   0.0  30 N  
 *T   44   2.8  31 P  
 *P   45   9.0  33 E  
 *D   46  21.4  34 P  
 *L   47  23.8  35 I* 
 *R   48  17.7  36 I**
**C   49  16.9  37 D**
 *R   50  18.0  38 S* 
 *I   51  10.9  39 L**
**I   52  20.5  40 S**
 *N   53  31.1  41 Y**
 *A   54  21.5  42 A  
**I   55  30.1  43 N* 
**L   56   2.2  44 A**
 *G   57   0.5  45 N**
  G   58   0.8  46 K  
 *N   59   0.3  49 Q* 
  I   60   5.6  50 Q* 
 *G   61   0.5  51 I* 
**L   62   0.2  52 L**
 *S   63   1.1  53 Q  
 *L   64   0.0  54 G  
  T   65   0.1  55 R  
 *P   66   0.1  56 G  
  G   67   0.0  57 L* 
  D   68   0.1  58 V* 
 *C   69   0.2  59 A  
 *L   70   0.2  60 A* 
  T   71   7.8  61 P  
 *W   72  22.3  62 V* 
  D   73  20.4  63 G  
 *S   74  23.2  64 Q* 
**A   75  20.7  65 K**
**V   76  20.6  66 L* 
 *A   77  14.8  67 Q  
 *T   78  19.0  68 A  
**L   79  20.7  69 C**
**F   80   2.7  70 A* 
 *I   81   1.5  71 H  
 *R   82   1.7  72 W* 
 *T   83   0.0  73 A  
foamN Weighted RMSd =   2.564 over 70 atoms 47.804657 797.994690   5.7 62.860664 61.952938 67.748123 72.503365
foamN Un-weighted RMSd =   2.492 over best 32 atoms ( 797.994690    5.7 )
foamN Un-weighted RMSd =   2.628 over best 36 atoms ( 797.994690    5.7 )
foamN Un-weighted RMSd =   2.657 over best 38 atoms ( 797.994690    5.7 )
foamN Un-weighted RMSd =   3.180 over best 45 atoms ( 797.994690    5.7 )
foamN Un-weighted RMSd =   3.284 over best 49 atoms ( 797.994690    5.7 )
foamN Un-weighted RMSd =   3.561 over best 54 atoms ( 797.994690    5.7 )
foamN Un-weighted RMSd =   3.678 over best 58 atoms ( 797.994690    5.7 )
foamN Un-weighted RMSd =   3.755 over best 59 atoms ( 797.994690    5.7 )
foamN Un-weighted RMSd =   3.965 over best 62 atoms ( 797.994690    5.7 )
foamN Un-weighted RMSd =   4.712 over best 68 atoms ( 797.994690    5.7 )
foamN Un-weighted RMSd =   4.712 over best 68 atoms ( 797.994690    5.7 )
foamN Un-weighted RMSd =   4.806 over best 69 atoms ( 797.994690    5.7 )
foamN Un-weighted RMSd =   4.806 over best 69 atoms ( 797.994690    5.7 )
foamN Un-weighted RMSd =   4.806 over best 69 atoms ( 797.994690    5.7 )
foamN Un-weighted RMSd =   4.806 over best 69 atoms ( 797.994690    5.7 )
foamN Un-weighted RMSd =   4.831 over all 70 matched atoms 47.804657 797.994690    5.7 62.860664 61.952938 67.748123 72.503365
