 file1 = HTLV_N
 prot1->Compound = 
 file2 = foamN
 prot2->Compound = 
ARNDCQEGHILKMFPSTWYVBZX
matrix constant = 8
Cycle 1, 15 residues selected
Cycle 2, 20 residues selected
Cycle 3, 25 residues selected
Cycle 4, 31 residues selected
Cycle 5, 36 residues selected

 score = 425.813110

Percent sel on aln =   83.33
Percent aln in sel =   38.96
  P    1   0.2  12 G* 
  I    2   1.4  13 R  
**G    3   0.2  14 H**
 *T    4   0.4  15 M**
  V    5   0.1  16 Q* 
 *I    6   0.2  17 M  
 *P    7   1.0  19 D* 
 *I    8  13.8  20 L**
  Q    9   9.1  21 Q  
  H   10   7.8  22 A  
**I   11  17.5  23 I**
**R   12  11.9  24 K* 
  S   13  13.9  25 Q  
 *V   14   9.6  26 E* 
**T   15  14.6  27 V* 
  G   16   0.1  28 S  
 *E   17   0.2  29 Q  
 *P   18   0.2  30 A**
 *P   19   0.2  31 A* 
  R   20   1.3  32 P  
  N   21   0.0  33 G* 
 *P   22   0.0  34 S* 
 *R   23   3.6  35 P  
  E   24   5.0  36 Q* 
**I   25  13.8  37 F**
**P   26  17.7  38 M**
 *I   27  13.6  39 Q* 
 *W   28   9.8  40 T* 
**L   29  15.1  41 I* 
 *G   30  26.4  42 R* 
  R   31  18.4  43 L* 
 *N   32  16.2  44 A**
**A   33  20.6  45 V**
  P   34  19.1  46 Q  
 *A   35  11.1  47 Q  
 *I   36   0.1  48 F  
 *D   37   0.0  49 D* 
 *L   47   0.3  50 P**
 *R   48   0.0  51 T* 
**C   49  36.1  52 A**
 *R   50  28.8  53 K  
 *I   51  20.1  54 D* 
**I   52  21.5  55 L**
 *N   53   8.9  60 Q* 
 *A   54  12.8  61 Y  
**I   55  23.1  62 L**
**L   56   6.6  63 C* 
 *G   57   0.5  64 S* 
  G   58   0.0  65 S  
 *N   59   0.0  66 L  
  I   60   0.0  67 V* 
 *G   61   0.1  68 A**
**L   62   0.2  69 S  
 *S   63   0.1  70 L  
 *L   64   1.9  71 H**
  T   65   0.1  72 H* 
 *P   66   0.3  73 Q  
  G   67   0.2  74 Q* 
  D   68   0.2  75 L* 
 *C   69   0.3  76 D  
 *L   70   0.1 112 E  
  T   71   0.1 113 Y* 
 *W   72  30.9 114 Q**
  D   73  47.4 115 Q  
 *S   74  45.8 116 L* 
**A   75  55.0 117 W**
**V   76  47.2 118 L**
 *A   77  26.4 119 A  
 *T   78  17.9 120 A**
**L   79  13.8 121 F* 
**F   80  18.4 122 A* 
 *I   81  14.9 123 A  
 *R   82   0.5 124 L**
 *T   83   1.8 125 P  
 *H   84   0.6 126 G**
  G   85   0.0 127 S* 
  T   86   0.5 128 A* 
foamN Weighted RMSd =   3.050 over 77 atoms 47.829494 778.000488   5.2 58.514065 57.544800 64.344635 69.808426
foamN Un-weighted RMSd =   3.140 over best 33 atoms ( 778.000488    5.2 )
foamN Un-weighted RMSd =   3.283 over best 37 atoms ( 778.000488    5.2 )
foamN Un-weighted RMSd =   3.412 over best 39 atoms ( 778.000488    5.2 )
foamN Un-weighted RMSd =   3.423 over best 41 atoms ( 778.000488    5.2 )
foamN Un-weighted RMSd =   3.740 over best 44 atoms ( 778.000488    5.2 )
foamN Un-weighted RMSd =   3.810 over best 48 atoms ( 778.000488    5.2 )
foamN Un-weighted RMSd =   4.122 over best 55 atoms ( 778.000488    5.2 )
foamN Un-weighted RMSd =   4.614 over best 63 atoms ( 778.000488    5.2 )
foamN Un-weighted RMSd =   4.784 over best 70 atoms ( 778.000488    5.2 )
foamN Un-weighted RMSd =   5.049 over best 76 atoms ( 778.000488    5.2 )
foamN Un-weighted RMSd =   5.049 over best 76 atoms ( 778.000488    5.2 )
foamN Un-weighted RMSd =   5.196 over best 77 atoms ( 778.000488    5.2 )
foamN Un-weighted RMSd =   5.196 over best 77 atoms ( 778.000488    5.2 )
foamN Un-weighted RMSd =   5.196 over best 77 atoms ( 778.000488    5.2 )
foamN Un-weighted RMSd =   5.196 over best 77 atoms ( 778.000488    5.2 )
foamN Un-weighted RMSd =   5.196 over all 77 matched atoms 47.829494 778.000488    5.2 58.514065 57.544800 64.344635 69.808426
