 file1 = HTLV_C
 prot1->Compound = 
 file2 = foamN
 prot2->Compound = 
ARNDCQEGHILKMFPSTWYVBZX
matrix constant = 8
Cycle 1, 14 residues selected
Cycle 2, 18 residues selected
Cycle 3, 22 residues selected
Cycle 4, 27 residues selected
Cycle 5, 31 residues selected

 score = 218.302551

Percent sel on aln =   77.42
Percent aln in sel =   32.88
**I   11   0.0   1 D  
**R   12   0.0   2 P**
  S   13   0.5   3 S* 
 *V   14   2.2   4 W**
**T   15   1.5   5 A  
  G   16   0.2   6 S  
 *E   17  23.6   8 L* 
 *P   18   2.4   9 Q**
 *P   19   4.4  10 G  
  R   20   3.4  11 L* 
  N   21   0.8  12 E  
 *P   22   0.0  13 E* 
  E   24   3.4  14 P  
**I   25  15.7  15 Y**
**P   26   8.3  16 H* 
 *I   27   7.8  17 A  
 *W   28   9.4  18 F* 
**L   29   8.9  19 V**
 *G   30   7.4  20 E  
  R   31   9.4  21 R* 
 *N   32   2.6  22 L**
**A   33   9.0  23 N* 
  P   34  11.4  24 I  
 *A   35   8.8  25 A* 
 *I   36  13.9  26 L**
 *D   37   9.5  27 D  
  G   38   8.2  28 N  
 *V   39   8.2  29 G* 
**F   40   0.1  30 L**
 *P   41   0.1  31 P  
 *V   42   0.0  34 T  
  T   43   0.0  35 P* 
 *T   44   0.1  36 K* 
 *P   45   2.1  37 D  
 *D   46  13.0  38 P  
 *L   47  11.7  39 I* 
 *R   48  14.8  40 L**
**C   49  17.2  41 R**
 *R   50  14.1  42 S* 
 *I   51  19.8  43 L**
**I   52  18.6  44 A* 
 *N   53  14.8  45 Y**
 *A   54  20.4  46 S  
**I   55  38.9  47 N* 
**L   56   0.7  48 A**
 *G   57   0.1  49 N* 
  G   58   0.1  50 K  
 *G   61   0.3  51 E  
**L   62  11.5  52 C**
 *S   63   0.4  53 Q* 
 *L   64   0.1  54 K  
  T   65   0.0  55 L* 
 *P   66   0.4  56 L**
  G   67   0.2  57 Q  
  D   68   0.2  58 A  
 *C   69   0.3  59 R  
 *L   70   1.4  60 G  
  T   71   0.1  61 H* 
 *W   72   0.8  62 T**
  D   73   0.3  63 N  
 *S   74   0.1  64 S* 
**A   75   0.0  65 P  
**V   76   3.1  66 L* 
 *A   77   5.9  67 G  
 *T   78   4.3  68 D* 
**L   79   4.3  69 M* 
**F   80   3.4  70 L* 
 *I   81   3.6  71 R  
 *R   82   2.2  72 A* 
 *T   83   2.5  73 C**
 *H   84   0.3  74 Q* 
  G   85   0.5  75 T* 
  T   86   0.5  76 W* 
foamN Weighted RMSd =   3.048 over 73 atoms 46.969234 414.132355   8.2 61.566814 60.738823 65.627075 69.628754
foamN Un-weighted RMSd =   2.379 over best 27 atoms ( 414.132355    8.2 )
foamN Un-weighted RMSd =   2.427 over best 38 atoms ( 414.132355    8.2 )
foamN Un-weighted RMSd =   2.761 over best 41 atoms ( 414.132355    8.2 )
foamN Un-weighted RMSd =   2.935 over best 43 atoms ( 414.132355    8.2 )
foamN Un-weighted RMSd =   3.072 over best 45 atoms ( 414.132355    8.2 )
foamN Un-weighted RMSd =   3.980 over best 50 atoms ( 414.132355    8.2 )
foamN Un-weighted RMSd =   4.666 over best 58 atoms ( 414.132355    8.2 )
foamN Un-weighted RMSd =   4.908 over best 59 atoms ( 414.132355    8.2 )
foamN Un-weighted RMSd =   5.543 over best 67 atoms ( 414.132355    8.2 )
foamN Un-weighted RMSd =   5.788 over best 71 atoms ( 414.132355    8.2 )
foamN Un-weighted RMSd =   5.788 over best 71 atoms ( 414.132355    8.2 )
foamN Un-weighted RMSd =   5.870 over best 72 atoms ( 414.132355    8.2 )
foamN Un-weighted RMSd =   5.834 over best 73 atoms ( 414.132355    8.2 )
foamN Un-weighted RMSd =   5.834 over best 73 atoms ( 414.132355    8.2 )
foamN Un-weighted RMSd =   5.834 over best 73 atoms ( 414.132355    8.2 )
foamN Un-weighted RMSd =   5.834 over all 73 matched atoms 46.969234 414.132355    8.2 61.566814 60.738823 65.627075 69.628754
