Protein 1 is PSIV_N
found
Protein 2 is foamN
found
Directory is PSIV_NfoamN
COMPND   
SOURCE   
 apct = 59.398495 bpct = 6.015038
 n = 133
 k = 1030 iend = 1 jend = 128 cost = 1167.316650
 nout = 7
COMPND   
SOURCE   
 apct = 59.398495 bpct = 6.015038
 n = 133
 k = 1030 iend = 1 jend = 128 cost = 1167.316650
 nout = 7
COMPND   
SOURCE   
 apct = 58.139534 bpct = 6.976744
 n = 86
 k = 411 iend = 3 jend = 82 cost = 1265.470459
 nout = 5
COMPND   
SOURCE   
 apct = 58.139534 bpct = 6.976744
 n = 86
 k = 411 iend = 3 jend = 82 cost = 1265.470459
 nout = 5
COMPND   
SOURCE   
 apct = 59.398495 bpct = 6.015038
 a = 1 b = 2 c = 46 d = 47 e = 107 f = 111
 ad = 4.330370 eb = 9.552660 cf = 8.299596
 dsum = 22.182625 spare = 3
 n = 133
 k = 1067 iend = 3 jend = 129 cost = 1089.179321
 nout = 7
COMPND   
SOURCE   
 apct = 59.398495 bpct = 6.015038
 a = 1 b = 2 c = 46 d = 47 e = 107 f = 111
 ad = 4.330370 eb = 9.552660 cf = 8.299596
 dsum = 22.182625 spare = 3
 n = 133
 k = 1067 iend = 3 jend = 129 cost = 1089.179321
 nout = 7
COMPND   
SOURCE   
 apct = 58.139534 bpct = 6.976744
 a = 22 b = 26 c = 59 d = 60 e = 78 f = 79
 ad = 7.207079 eb = 7.327272 cf = 8.721660
 dsum = 23.256012 spare = 3
 n = 86
 k = 410 iend = 3 jend = 82 cost = 1275.121216
 nout = 5
COMPND   
SOURCE   
 apct = 58.139534 bpct = 6.976744
 a = 22 b = 26 c = 59 d = 60 e = 78 f = 79
 ad = 7.207079 eb = 7.327272 cf = 8.721660
 dsum = 23.256012 spare = 3
 n = 86
 k = 410 iend = 3 jend = 82 cost = 1275.121216
 nout = 5
133 residues in str1
86 residues in str2
nat1 vs rev2
nat2 vs rev1
nta1 vs rev2
nta2 vs rev1
nat1 vs rve2
nat2 vs rve1
nta1 vs rve2
nta2 vs rve1
pdb1 vs pdb2
pdb2 vs pdb1
