 file1 = 4x3x
 prot1->Compound = 
 file2 = foamN
 prot2->Compound = 
ARNDCQEGHILKMFPSTWYVBZX
matrix constant = 8
Cycle 1, 14 residues selected
Cycle 2, 18 residues selected
Cycle 3, 22 residues selected
Cycle 4, 26 residues selected
Cycle 5, 30 residues selected

 score = 547.623169

Percent sel on aln =  100.00
Percent aln in sel =   37.50
 *T    4   1.3   1 T  
  V    5   0.0   2 L  
 *I    6   0.1   3 S  
 *P    7   0.0   4 R* 
 *I    8   2.7   5 E  
  Q    9   2.7   6 A* 
  H   10   1.5   7 I* 
**I   11   2.7   8 Q* 
**R   12   2.2   9 R  
  S   13   2.1  10 E* 
 *V   14   3.0  11 L* 
**T   15   2.6  12 D  
  G   16   1.5  13 L* 
 *E   17  15.7  14 P* 
 *P   18   5.9  15 Q**
 *P   19   4.3  16 K  
 *R   23   0.2  17 E* 
  E   24   0.4  18 P* 
**I   25  16.6  19 L* 
**P   26  13.6  20 D* 
 *I   27   8.3  21 Q  
 *W   28  10.8  22 F* 
**L   29   9.2  23 L* 
 *G   30  14.3  24 W* 
  R   31  12.5  25 R* 
 *N   32  10.0  26 K**
**A   33  16.7  27 R* 
  P   34  14.6  28 D  
 *A   35  13.0  29 L* 
 *I   36  16.0  30 Y* 
 *D   37   7.1  31 Q* 
  G   38   8.7  32 T  
 *V   39   6.1  33 L* 
**F   40   5.4  34 Y  
 *P   41   0.9  35 V* 
 *V   42   0.0  36 D  
  T   43   0.0  37 A* 
 *T   44  12.7  38 E* 
 *P   45  29.5  39 E* 
 *D   46   7.8  40 E* 
 *L   47   8.1  41 E  
 *R   48  12.8  42 I**
**C   49  14.7  43 I**
 *R   50  15.5  44 Q  
 *I   51  20.1  45 Y  
**I   52  22.7  46 V**
 *N   53  26.0  47 V* 
 *A   54  31.9  48 G  
**I   55  57.6  49 T* 
**L   56   0.4  50 L**
 *G   57   0.9  51 Q* 
  G   58   0.0  52 P  
 *N   59   0.4  53 K  
  I   60   0.0  54 F  
 *G   61   0.1  55 K**
**L   62   0.1  56 R  
 *S   63   0.1  57 F* 
 *L   64   5.1  58 L**
  T   65   0.3  59 R* 
 *P   66   0.1  60 H* 
  G   67   0.1  61 P  
  D   68   0.0  62 L* 
 *C   69   3.5  63 P* 
 *L   70  31.3  64 K  
  T   71  25.5  65 T  
 *W   72  27.5  66 L* 
  D   73  22.3  67 E  
 *S   74  22.6  68 Q* 
**A   75  28.2  69 L**
**V   76  27.5  70 I* 
 *A   77  21.7  71 Q* 
 *T   78  26.4  72 R* 
**L   79   2.5  73 G**
**F   80   1.2  74 E  
 *I   81   0.9  75 V* 
 *R   82   1.0  76 Q**
 *T   83   0.6  77 D* 
 *H   84   1.0  78 G* 
  G   85   0.0  79 L  
  T   86   0.2  80 E  
foamN Weighted RMSd =   2.792 over 80 atoms 53.289928 743.910156   8.8 66.125259 66.219055 71.005371 74.784248
foamN Un-weighted RMSd =   1.975 over best 36 atoms ( 743.910156    8.8 )
foamN Un-weighted RMSd =   2.262 over best 40 atoms ( 743.910156    8.8 )
foamN Un-weighted RMSd =   2.777 over best 47 atoms ( 743.910156    8.8 )
foamN Un-weighted RMSd =   3.133 over best 53 atoms ( 743.910156    8.8 )
foamN Un-weighted RMSd =   3.695 over best 58 atoms ( 743.910156    8.8 )
foamN Un-weighted RMSd =   3.729 over best 63 atoms ( 743.910156    8.8 )
foamN Un-weighted RMSd =   3.747 over best 64 atoms ( 743.910156    8.8 )
foamN Un-weighted RMSd =   3.954 over best 68 atoms ( 743.910156    8.8 )
foamN Un-weighted RMSd =   3.974 over best 72 atoms ( 743.910156    8.8 )
foamN Un-weighted RMSd =   3.970 over best 74 atoms ( 743.910156    8.8 )
foamN Un-weighted RMSd =   4.241 over best 75 atoms ( 743.910156    8.8 )
foamN Un-weighted RMSd =   5.502 over best 77 atoms ( 743.910156    8.8 )
foamN Un-weighted RMSd =   5.608 over best 78 atoms ( 743.910156    8.8 )
foamN Un-weighted RMSd =   5.608 over best 78 atoms ( 743.910156    8.8 )
foamN Un-weighted RMSd =   5.903 over best 79 atoms ( 743.910156    8.8 )
foamN Un-weighted RMSd =   6.001 over all 80 matched atoms 53.289928 743.910156    8.8 66.125259 66.219055 71.005371 74.784248
