 file1 = MPMV_N
 prot1->Compound = 
 file2 = foamC
 prot2->Compound = 
ARNDCQEGHILKMFPSTWYVBZX
matrix constant = 8
Cycle 1, 15 residues selected
Cycle 2, 21 residues selected
Cycle 3, 27 residues selected
Cycle 4, 32 residues selected
Cycle 5, 38 residues selected

 score = 215.629929

Percent sel on aln =   94.74
Percent aln in sel =   45.00
  F    1   0.0  18 G  
  P    2   0.0  19 F* 
 *M    3   0.1  20 D* 
  H    4   3.6  21 F  
 *Q    5  15.0  22 A  
**L    6  31.6  23 V  
 *G    7  11.8  24 I* 
  N    8  11.7  25 K* 
 *V    9  13.3  26 E* 
**I   10  13.8  27 L**
 *K   11  20.0  28 K* 
  G   12  18.1  29 T* 
 *I   13  22.7  30 A* 
**V   14  24.7  31 A**
  D   15  22.1  32 S* 
  Q   16  15.9  33 Q  
 *E   17   7.1  34 Y* 
 *G   18   4.6  35 G* 
**V   19  18.3  41 T**
**A   20  19.9  42 L**
 *T   21  12.1  43 A* 
**A   22  12.3  44 I* 
**Y   23  13.9  45 V* 
 *T   24  17.2  46 E**
 *L   25  12.9  47 S* 
 *G   26   9.2  48 V* 
**M   27   9.1  49 A**
  M   28   2.7  50 D  
  L   29   5.7  51 N* 
 *S   30   0.0  52 W* 
  G   31   0.0  53 L**
  Q   32   0.2  56 T* 
  N   33   0.0  57 D* 
 *Y   34   9.8  58 W* 
  Q   35  16.9  59 N  
  L   36  22.0  60 T  
**V   37  24.1  61 L* 
 *S   38  11.4  62 V* 
  G   39   4.0  63 R* 
 *I   40   3.2  64 A  
**I   41   2.7  65 V**
 *R   42   0.7  66 L**
 *Y   44   0.1  67 S* 
**L   45   0.0  68 G  
 *P   46   0.0  69 G* 
 *G   47   0.0  70 D**
 *Q   48   2.6  71 H* 
  A   49   2.9  72 L  
**V   50   5.3  73 L* 
**V   51   3.0  74 W* 
  T   52   4.8  75 K* 
 *A   53   4.4  76 S  
**L   54   4.7  77 E* 
  Q   55   3.9  78 F**
  Q   56   3.7  79 F* 
  R   57   3.8  80 E  
**L   58   5.5  81 N* 
  D   59   6.3  82 C**
  Q   60   6.1  83 R* 
 *E   61   0.0  84 D* 
  I   62   0.0  85 T* 
  D   63   0.0 120 L**
  N   64   5.7 121 F* 
  Q   65   5.7 122 A  
 *T   66   6.8 123 Q* 
 *R   67   9.8 124 I* 
 *A   68   7.8 125 Q**
  E   69   8.2 126 A* 
 *T   70   9.4 127 A* 
**F   71  17.8 128 A* 
 *I   72  21.5 129 T* 
  Q   73  18.2 130 K* 
 *H   74  12.6 131 A**
**L   75  14.9 132 W**
 *N   76   2.6 133 R* 
 *A   77   4.8 134 K* 
**V   78   0.0 135 L* 
**Y   79   0.2 136 P  
 *E   80   3.4 137 V  
  I   81   0.0 138 K**
foamC Weighted RMSd =   3.425 over 80 atoms 59.222588 671.063782   3.8 63.772480 64.559425 70.954483 75.836281
foamC Un-weighted RMSd =   3.181 over best 38 atoms ( 671.063782    3.8 )
foamC Un-weighted RMSd =   3.483 over best 55 atoms ( 671.063782    3.8 )
foamC Un-weighted RMSd =   3.645 over best 61 atoms ( 671.063782    3.8 )
foamC Un-weighted RMSd =   3.645 over best 61 atoms ( 671.063782    3.8 )
foamC Un-weighted RMSd =   3.649 over best 62 atoms ( 671.063782    3.8 )
foamC Un-weighted RMSd =   4.057 over best 63 atoms ( 671.063782    3.8 )
foamC Un-weighted RMSd =   4.137 over best 64 atoms ( 671.063782    3.8 )
foamC Un-weighted RMSd =   4.284 over best 66 atoms ( 671.063782    3.8 )
foamC Un-weighted RMSd =   4.277 over best 71 atoms ( 671.063782    3.8 )
foamC Un-weighted RMSd =   4.380 over best 74 atoms ( 671.063782    3.8 )
foamC Un-weighted RMSd =   4.412 over best 78 atoms ( 671.063782    3.8 )
foamC Un-weighted RMSd =   4.469 over best 79 atoms ( 671.063782    3.8 )
foamC Un-weighted RMSd =   4.674 over best 80 atoms ( 671.063782    3.8 )
foamC Un-weighted RMSd =   4.674 over best 80 atoms ( 671.063782    3.8 )
foamC Un-weighted RMSd =   4.674 over best 80 atoms ( 671.063782    3.8 )
foamC Un-weighted RMSd =   4.674 over all 80 matched atoms 59.222588 671.063782    3.8 63.772480 64.559425 70.954483 75.836281
