 file1 = PSIV_N
 prot1->Compound = 
 file2 = foamC
 prot2->Compound = 
ARNDCQEGHILKMFPSTWYVBZX
matrix constant = 8
Cycle 1, 15 residues selected
Cycle 2, 21 residues selected
Cycle 3, 26 residues selected
Cycle 4, 32 residues selected
Cycle 5, 37 residues selected

 score = 1313.408447

Percent sel on aln =  100.00
Percent aln in sel =   46.25
  F    1   0.0  13 P  
  P    2   0.0  14 M**
 *M    3   0.1  15 S* 
  H    4   1.4  16 T  
 *Q    5  11.2  17 R  
**L    6  16.9  18 T  
 *G    7  12.7  19 V**
  N    8  15.3  20 A  
 *V    9  15.6  21 A  
**I   10  13.2  22 W* 
 *K   11  14.9  23 I**
  G   12  14.0  24 R  
 *I   13  33.2  25 Q* 
**V   14  15.4  26 T**
  D   15  11.0  27 G* 
  Q   16  11.8  28 E  
 *E   17  25.5  29 K* 
 *G   18   0.2  35 E  
**V   19  73.0  36 T**
**A   20 102.9  37 I**
 *T   21  74.0  38 T  
**A   22  44.8  39 Y* 
**Y   23  56.7  40 W* 
 *T   24  52.0  41 G* 
 *L   25  50.3  42 L  
 *G   26  14.2  43 I* 
**M   27  13.2  44 S* 
  M   28   0.9  45 Q* 
  L   29   0.3  46 D* 
 *S   30   2.4  47 L**
  G   31   1.9  48 S**
  Q   32   6.7  49 S**
  N   33   0.9  51 E**
 *Y   34  22.8  52 Q**
  Q   35  46.9  53 V* 
  L   36  64.2  54 Q  
**V   37  62.6  55 L* 
 *S   38  49.5  56 L* 
  G   39  14.2  57 E  
 *I   40  19.5  58 V* 
**I   41   1.0  59 V**
 *R   42   0.0  60 P* 
  G   43   0.1  61 G  
 *G   47   0.3  62 L* 
 *Q   48  13.8  63 Q* 
  A   49  34.5  64 A  
**V   50  69.9  65 D* 
**V   51  74.9  66 K**
  T   52  50.5  67 D  
 *A   53  52.7  68 M  
**L   54  65.6  69 L**
  Q   55  70.9  70 G  
  Q   56  49.3  71 A  
  R   57  20.4  72 Y* 
**L   58  33.6  73 L* 
  D   59  31.4  74 E  
  Q   60  33.6  75 E  
 *E   61   1.3  76 R* 
  I   62   0.5  77 A**
  D   63   1.1 113 A* 
  N   64   4.8 114 A**
  Q   65   4.3 115 Q* 
 *T   66   5.4 116 V  
 *R   67  12.6 117 F**
 *A   68  14.9 118 R**
  E   69  10.5 119 A* 
 *T   70   3.6 120 W* 
**F   71  85.1 121 I* 
 *I   72  42.1 122 T* 
  Q   73  50.4 123 Q  
 *H   74  48.7 124 G**
**L   75  73.7 125 L* 
 *N   76  69.0 126 M* 
 *A   77  70.9 127 N* 
**V   78  89.4 128 L**
**Y   79  76.0 129 A* 
 *E   80  41.3 130 Q* 
  I   81  15.9 131 L  
 *L   82  25.1 132 R  
**G   83   0.2 133 A  
foamC Weighted RMSd =   2.174 over 80 atoms 58.234161 2335.661621  12.5 76.258377 77.794373 82.347176 85.722122
foamC Un-weighted RMSd =   1.819 over best 37 atoms ( 2335.661621   12.5 )
foamC Un-weighted RMSd =   2.262 over best 55 atoms ( 2335.661621   12.5 )
foamC Un-weighted RMSd =   2.508 over best 58 atoms ( 2335.661621   12.5 )
foamC Un-weighted RMSd =   2.580 over best 62 atoms ( 2335.661621   12.5 )
foamC Un-weighted RMSd =   2.681 over best 64 atoms ( 2335.661621   12.5 )
foamC Un-weighted RMSd =   2.913 over best 68 atoms ( 2335.661621   12.5 )
foamC Un-weighted RMSd =   3.092 over best 70 atoms ( 2335.661621   12.5 )
foamC Un-weighted RMSd =   3.191 over best 73 atoms ( 2335.661621   12.5 )
foamC Un-weighted RMSd =   3.196 over best 74 atoms ( 2335.661621   12.5 )
foamC Un-weighted RMSd =   3.198 over best 76 atoms ( 2335.661621   12.5 )
foamC Un-weighted RMSd =   3.302 over best 80 atoms ( 2335.661621   12.5 )
foamC Un-weighted RMSd =   3.302 over best 80 atoms ( 2335.661621   12.5 )
foamC Un-weighted RMSd =   3.302 over best 80 atoms ( 2335.661621   12.5 )
foamC Un-weighted RMSd =   3.302 over best 80 atoms ( 2335.661621   12.5 )
foamC Un-weighted RMSd =   3.302 over best 80 atoms ( 2335.661621   12.5 )
foamC Un-weighted RMSd =   3.302 over all 80 matched atoms 58.234161 2335.661621   12.5 76.258377 77.794373 82.347176 85.722122
