Protein 1 is HTLV_N
found
Protein 2 is foamN
found
Directory is HTLV_NfoamN
COMPND   
SOURCE   
 apct = 60.465115 bpct = 6.976744
 n = 129
 k = 896 iend = 14 jend = 128 cost = 1904.614258
 nout = 9
COMPND   
SOURCE   
 apct = 60.465115 bpct = 6.976744
 n = 129
 k = 896 iend = 14 jend = 128 cost = 1904.614258
 nout = 9
COMPND   
SOURCE   
 apct = 58.139534 bpct = 6.976744
 n = 86
 k = 411 iend = 3 jend = 82 cost = 1265.470459
 nout = 5
COMPND   
SOURCE   
 apct = 58.139534 bpct = 6.976744
 n = 86
 k = 411 iend = 3 jend = 82 cost = 1265.470459
 nout = 5
COMPND   
SOURCE   
 apct = 60.465115 bpct = 6.976744
 a = 37 b = 38 c = 59 d = 63 e = 119 f = 121
 ad = 10.368800 eb = 10.103560 cf = 8.796789
 dsum = 29.269150 spare = 4
 n = 129
 k = 922 iend = 14 jend = 128 cost = 1904.614258
 nout = 9
COMPND   
SOURCE   
 apct = 60.465115 bpct = 6.976744
 a = 37 b = 38 c = 59 d = 63 e = 119 f = 121
 ad = 10.368800 eb = 10.103560 cf = 8.796789
 dsum = 29.269150 spare = 4
 n = 129
 k = 922 iend = 14 jend = 128 cost = 1904.614258
 nout = 9
COMPND   
SOURCE   
 apct = 58.139534 bpct = 6.976744
 a = 22 b = 26 c = 59 d = 60 e = 78 f = 79
 ad = 7.207079 eb = 7.327272 cf = 8.721660
 dsum = 23.256012 spare = 3
 n = 86
 k = 410 iend = 3 jend = 82 cost = 1275.121216
 nout = 5
COMPND   
SOURCE   
 apct = 58.139534 bpct = 6.976744
 a = 22 b = 26 c = 59 d = 60 e = 78 f = 79
 ad = 7.207079 eb = 7.327272 cf = 8.721660
 dsum = 23.256012 spare = 3
 n = 86
 k = 410 iend = 3 jend = 82 cost = 1275.121216
 nout = 5
129 residues in str1
86 residues in str2
nat1 vs rev2
nat2 vs rev1
nta1 vs rev2
nta2 vs rev1
nat1 vs rve2
nat2 vs rve1
nta1 vs rve2
nta2 vs rve1
pdb1 vs pdb2
pdb2 vs pdb1
