Protein 1 is HTLV_N
found
Protein 2 is foamC
found
Directory is HTLV_NfoamC
COMPND   
SOURCE   
 apct = 60.465115 bpct = 6.976744
 n = 129
 k = 896 iend = 14 jend = 128 cost = 1904.614258
 nout = 9
COMPND   
SOURCE   
 apct = 60.465115 bpct = 6.976744
 n = 129
 k = 896 iend = 14 jend = 128 cost = 1904.614258
 nout = 9
COMPND   
SOURCE   
 apct = 72.340424 bpct = 0.000000
 n = 94
 k = 491 iend = 1 jend = 87 cost = 1509.756104
 nout = 5
COMPND   
SOURCE   
 apct = 72.340424 bpct = 0.000000
 n = 94
 k = 491 iend = 1 jend = 87 cost = 1509.756104
 nout = 5
COMPND   
SOURCE   
 apct = 60.465115 bpct = 6.976744
 a = 37 b = 38 c = 59 d = 63 e = 119 f = 121
 ad = 10.368800 eb = 10.103560 cf = 8.796789
 dsum = 29.269150 spare = 4
 n = 129
 k = 922 iend = 14 jend = 128 cost = 1904.614258
 nout = 9
COMPND   
SOURCE   
 apct = 60.465115 bpct = 6.976744
 a = 37 b = 38 c = 59 d = 63 e = 119 f = 121
 ad = 10.368800 eb = 10.103560 cf = 8.796789
 dsum = 29.269150 spare = 4
 n = 129
 k = 922 iend = 14 jend = 128 cost = 1904.614258
 nout = 9
COMPND   
SOURCE   
 apct = 72.340424 bpct = 0.000000
 a = 14 b = 18 c = 44 d = 45 e = 86 f = 87
 ad = 8.122690 eb = 5.592104 cf = 8.670487
 dsum = 22.385281 spare = 3
 n = 94
 k = 491 iend = 1 jend = 86 cost = 1430.448486
 nout = 5
COMPND   
SOURCE   
 apct = 72.340424 bpct = 0.000000
 a = 14 b = 18 c = 44 d = 45 e = 86 f = 87
 ad = 8.122690 eb = 5.592104 cf = 8.670487
 dsum = 22.385281 spare = 3
 n = 94
 k = 491 iend = 1 jend = 86 cost = 1430.448486
 nout = 5
129 residues in str1
94 residues in str2
nat1 vs rev2
nat2 vs rev1
nta1 vs rev2
nta2 vs rev1
nat1 vs rve2
nat2 vs rve1
nta1 vs rve2
nta2 vs rve1
pdb1 vs pdb2
pdb2 vs pdb1
