 file1 = HML2_C
 prot1->Compound = 
 file2 = foamN
 prot2->Compound = 
ARNDCQEGHILKMFPSTWYVBZX
matrix constant = 8
Cycle 1, 14 residues selected
Cycle 2, 18 residues selected
Cycle 3, 23 residues selected
Cycle 4, 27 residues selected
Cycle 5, 32 residues selected

 score = 215.439087

Percent sel on aln =   43.75
Percent aln in sel =   19.44
  Q    9   0.0   1 P  
  H   10   1.7   2 S* 
**I   11   6.4   3 F* 
**R   12   3.2   4 N  
  S   13   2.9   5 T* 
 *V   14   0.2   6 V* 
**T   15   0.5   8 Q**
  G   16   0.1   9 G  
 *E   17   0.1  10 S  
 *P   18   0.1  11 K  
 *P   19   0.3  12 E* 
  R   20   0.7  13 P  
  N   21   0.0  14 Y* 
 *P   22   2.8  15 P* 
 *R   23   1.4  16 D  
  E   24   1.3  17 F**
**I   25   5.4  18 V**
**P   26   4.5  19 A  
 *I   27   3.9  20 R* 
 *W   28   2.9  21 L**
**L   29   2.9  22 Q* 
 *G   30   3.6  23 D  
  R   31   4.3  24 V* 
 *N   32   3.8  25 A**
**A   33   1.1  26 Q* 
  P   34   1.2  27 K  
 *A   35   2.5  28 S* 
 *V   42   2.0  29 I* 
  T   43   4.4  30 A  
 *T   44   2.0  31 D* 
 *P   45   4.1  32 E  
 *D   46   9.7  33 K  
 *L   47   3.4  34 A  
 *R   48   4.0  35 R**
**C   49  10.6  36 K  
 *R   50  17.3  37 V* 
 *I   51  15.0  38 I* 
**I   52  15.9  39 V**
 *N   53  18.0  40 E* 
 *A   54  18.6  41 L  
**I   55  29.3  42 M**
**L   56  10.7  43 A**
 *G   57   3.0  44 Y**
  G   58   2.4  45 E  
 *N   59   0.2  52 Q* 
  I   60   1.6  53 S**
 *G   61   1.3  54 A**
**L   62   9.9  55 I**
 *S   63   9.2  56 K* 
 *L   64   0.0  57 P* 
  T   65   0.0  58 L* 
 *P   66   1.4  59 K* 
  G   67   0.1  60 G  
  D   68   0.2  61 K* 
 *C   69   3.6  62 V* 
 *L   70   0.7  63 P* 
  T   71   0.0  64 A  
 *W   72   0.0  65 G  
  D   73   0.0  66 S* 
 *S   74   0.0  67 D* 
**A   75   6.3  68 V* 
**V   76   7.5  69 I**
 *A   77   7.5  70 S  
 *T   78  11.1  71 E* 
**L   79  14.4  72 Y**
**F   80  14.4  73 V**
 *I   81  16.0  74 K* 
 *R   82  13.3  75 A**
 *T   83  10.8  76 C* 
 *H   84  12.7  77 D  
  G   85   3.4  78 G* 
  T   86   6.2  79 I* 
foamN Weighted RMSd =   4.088 over 72 atoms 48.642208 379.880127   9.7 50.873013 48.003716 54.887596 60.741760
foamN Un-weighted RMSd =   3.223 over best 22 atoms ( 379.880127    9.7 )
foamN Un-weighted RMSd =   4.402 over best 39 atoms ( 379.880127    9.7 )
foamN Un-weighted RMSd =   4.609 over best 48 atoms ( 379.880127    9.7 )
foamN Un-weighted RMSd =   4.963 over best 52 atoms ( 379.880127    9.7 )
foamN Un-weighted RMSd =   5.156 over best 53 atoms ( 379.880127    9.7 )
foamN Un-weighted RMSd =   5.269 over best 55 atoms ( 379.880127    9.7 )
foamN Un-weighted RMSd =   5.718 over best 59 atoms ( 379.880127    9.7 )
foamN Un-weighted RMSd =   5.700 over best 60 atoms ( 379.880127    9.7 )
foamN Un-weighted RMSd =   5.961 over best 65 atoms ( 379.880127    9.7 )
foamN Un-weighted RMSd =   6.001 over best 67 atoms ( 379.880127    9.7 )
foamN Un-weighted RMSd =   6.080 over best 68 atoms ( 379.880127    9.7 )
foamN Un-weighted RMSd =   6.080 over best 68 atoms ( 379.880127    9.7 )
foamN Un-weighted RMSd =   6.227 over best 70 atoms ( 379.880127    9.7 )
foamN Un-weighted RMSd =   6.198 over best 72 atoms ( 379.880127    9.7 )
foamN Un-weighted RMSd =   6.198 over best 72 atoms ( 379.880127    9.7 )
foamN Un-weighted RMSd =   6.198 over all 72 matched atoms 48.642208 379.880127    9.7 50.873013 48.003716 54.887596 60.741760
