 file1 = HIV1_C
 prot1->Compound = 
 file2 = foamN
 prot2->Compound = 
ARNDCQEGHILKMFPSTWYVBZX
matrix constant = 8
Cycle 1, 13 residues selected
Cycle 2, 17 residues selected
Cycle 3, 21 residues selected
Cycle 4, 25 residues selected
Cycle 5, 29 residues selected

 score = 163.634720

Percent sel on aln =   82.76
Percent aln in sel =   33.80
  Q    9   0.0   1 T  
  H   10   0.2   2 S* 
**I   11   2.2   3 I* 
**R   12   0.3   4 L* 
  S   13   0.6   5 D  
 *V   14   1.0   6 I* 
**T   15   0.2   7 R* 
  G   16   0.1   8 Q* 
 *E   17   0.1   9 G* 
 *P   18   0.1  10 P  
 *P   19   0.0  11 K  
  R   20   0.1  12 E* 
  N   21   3.9  13 P* 
 *P   22   6.0  14 F**
 *R   23   4.6  15 R  
  E   24   4.0  16 D  
**I   25   6.7  17 Y**
**P   26  10.8  18 V* 
 *I   27  12.7  19 D* 
 *W   28   9.0  20 R  
**L   29  13.5  21 F**
 *G   30   6.7  22 Y* 
  R   31   2.9  23 K* 
 *N   32   4.2  24 T* 
**A   33   1.1  25 L**
  P   34   1.1  26 R  
 *A   35   1.3  27 A  
 *I   36   1.6  28 E* 
 *D   37   0.1  29 Q  
  G   38   0.0  30 A* 
 *V   39   0.5  31 S* 
**F   40   0.0  32 Q  
 *P   41   0.2  33 E  
 *V   42   0.0  34 V  
  T   43   0.1  35 K* 
 *T   44   0.1  36 N  
 *P   45   0.2  37 W  
 *L   47   9.4  38 M* 
 *R   48   6.1  39 T**
**C   49   7.0  40 E**
 *R   50  12.8  41 T  
 *I   51  22.0  42 L**
**I   52  29.7  43 L**
 *N   53  21.4  44 V**
 *A   54  32.6  45 Q  
**I   55  24.2  46 N* 
**L   56   2.2  47 A**
 *G   57   9.5  49 P  
  G   58  12.1  50 D  
 *N   59   0.3  51 C**
  I   60   1.5  52 K**
 *G   61   1.4  53 T  
**L   62   0.1  54 I* 
 *S   63   0.0  55 L* 
 *L   64   0.4  56 K  
  T   65   0.1  57 A  
 *P   66   0.0  58 L  
  G   67   0.6  59 G  
  D   68   0.3  60 P  
 *C   69   0.1  61 G  
 *L   70   0.2  62 A* 
  T   71   5.4  63 T* 
 *W   72  21.2  64 L* 
  D   73  18.4  65 E  
 *S   74  18.2  66 E  
**A   75  19.5  67 M* 
**V   76  17.8  68 M* 
 *A   77  12.8  69 T  
 *T   78  13.4  70 A  
**L   79  18.2  71 C* 
**F   80   1.2  72 Q  
foamN Weighted RMSd =   3.554 over 71 atoms 43.118290 436.124390   9.9 56.121952 55.008598 62.899441 69.186943
foamN Un-weighted RMSd =   3.501 over best 25 atoms ( 436.124390    9.9 )
foamN Un-weighted RMSd =   3.704 over best 31 atoms ( 436.124390    9.9 )
foamN Un-weighted RMSd =   3.729 over best 34 atoms ( 436.124390    9.9 )
foamN Un-weighted RMSd =   4.022 over best 39 atoms ( 436.124390    9.9 )
foamN Un-weighted RMSd =   4.365 over best 44 atoms ( 436.124390    9.9 )
foamN Un-weighted RMSd =   4.553 over best 50 atoms ( 436.124390    9.9 )
foamN Un-weighted RMSd =   4.640 over best 55 atoms ( 436.124390    9.9 )
foamN Un-weighted RMSd =   4.807 over best 62 atoms ( 436.124390    9.9 )
foamN Un-weighted RMSd =   4.828 over best 65 atoms ( 436.124390    9.9 )
foamN Un-weighted RMSd =   4.833 over best 67 atoms ( 436.124390    9.9 )
foamN Un-weighted RMSd =   4.924 over best 68 atoms ( 436.124390    9.9 )
foamN Un-weighted RMSd =   4.924 over best 68 atoms ( 436.124390    9.9 )
foamN Un-weighted RMSd =   4.958 over best 69 atoms ( 436.124390    9.9 )
foamN Un-weighted RMSd =   4.985 over best 71 atoms ( 436.124390    9.9 )
foamN Un-weighted RMSd =   4.985 over best 71 atoms ( 436.124390    9.9 )
foamN Un-weighted RMSd =   4.985 over all 71 matched atoms 43.118290 436.124390    9.9 56.121952 55.008598 62.899441 69.186943
