 file1 = BLV6_C
 prot1->Compound = 
 file2 = foamN
 prot2->Compound = 
ARNDCQEGHILKMFPSTWYVBZX
matrix constant = 8
Cycle 1, 14 residues selected
Cycle 2, 18 residues selected
Cycle 3, 22 residues selected
Cycle 4, 26 residues selected
Cycle 5, 30 residues selected

 score = 211.972763

Percent sel on aln =   46.67
Percent aln in sel =   18.92
  S   13   0.4   1 P  
 *V   14   7.2   2 W**
**T   15   6.1   3 S* 
  G   16   0.8   4 T  
 *E   17   0.0   5 I* 
 *P   18   0.6   6 V**
 *P   19   0.1   7 Q**
  R   20   0.2   8 G* 
  N   21   0.0   9 P  
 *P   22   0.0  10 A  
 *R   23   0.0  11 E* 
  E   24   0.3  12 S* 
**I   25  13.8  13 Y**
**P   26   4.3  14 V* 
 *I   27   6.0  15 E  
 *W   28   3.1  16 F**
**L   29   4.2  17 V* 
 *G   30   3.5  18 N  
  R   31   3.2  19 R  
 *N   32   3.2  20 L**
**A   33   7.2  21 Q* 
  P   34   8.4  22 I  
 *A   35   8.1  23 S* 
 *I   36  11.8  24 L**
 *D   37   9.7  25 A  
  G   38   8.9  26 D  
 *V   39   6.5  27 N  
**F   40   0.7  28 L* 
 *P   41   0.1  29 P* 
 *V   42   0.1  30 D  
  T   43   0.0  31 G  
 *T   44   0.1  32 V* 
 *P   45   0.2  33 P* 
 *D   46   1.0  34 K* 
 *L   47   1.7  35 E  
 *R   48   2.9  36 P  
**C   49   2.6  37 I* 
 *R   50   2.5  38 I**
 *I   51   2.8  39 D**
**I   52   3.0  40 S* 
 *N   53   3.4  41 L* 
 *A   54   1.8  42 S**
**I   55   1.4  43 Y**
**L   56   2.0  44 A  
 *G   57   0.2  45 N* 
  G   58   0.1  46 A* 
 *N   59   1.2  47 N**
  I   60   0.3  48 K  
 *G   61   0.1  49 E  
**L   62   5.3  50 C* 
 *S   63   0.1  51 Q**
 *L   64   0.0  52 Q  
  T   65   0.0  53 I* 
 *P   66   0.4  54 L**
  G   67   0.2  55 Q  
  D   68   0.2  56 G  
 *C   69   0.3  57 R  
 *L   70   0.0  58 G  
  T   71   0.0  59 L* 
 *W   72   0.2  60 V* 
  D   73   0.2  61 A  
 *S   74   0.0  62 A* 
**A   75   0.0  63 P  
**V   76   2.1  64 V**
 *A   77   4.0  65 G  
 *T   78   3.3  66 Q* 
**L   79   3.7  67 K**
**F   80   2.6  68 L**
 *I   81   2.6  69 Q  
 *R   82   1.2  70 A  
 *T   83   1.4  71 C* 
 *H   84   0.1  72 A* 
  G   85   0.2  73 H  
  T   86   0.1  74 W* 
foamN Weighted RMSd =   3.693 over 74 atoms 46.187775 173.975784   6.8 54.290203 52.638634 58.634342 63.528248
foamN Un-weighted RMSd =   3.362 over best 28 atoms ( 173.975784    6.8 )
foamN Un-weighted RMSd =   3.680 over best 36 atoms ( 173.975784    6.8 )
foamN Un-weighted RMSd =   3.772 over best 41 atoms ( 173.975784    6.8 )
foamN Un-weighted RMSd =   3.702 over best 44 atoms ( 173.975784    6.8 )
foamN Un-weighted RMSd =   4.025 over best 48 atoms ( 173.975784    6.8 )
foamN Un-weighted RMSd =   4.474 over best 53 atoms ( 173.975784    6.8 )
foamN Un-weighted RMSd =   4.609 over best 58 atoms ( 173.975784    6.8 )
foamN Un-weighted RMSd =   5.729 over best 66 atoms ( 173.975784    6.8 )
foamN Un-weighted RMSd =   6.098 over best 70 atoms ( 173.975784    6.8 )
foamN Un-weighted RMSd =   6.356 over best 72 atoms ( 173.975784    6.8 )
foamN Un-weighted RMSd =   6.550 over best 74 atoms ( 173.975784    6.8 )
foamN Un-weighted RMSd =   6.550 over best 74 atoms ( 173.975784    6.8 )
foamN Un-weighted RMSd =   6.550 over best 74 atoms ( 173.975784    6.8 )
foamN Un-weighted RMSd =   6.550 over best 74 atoms ( 173.975784    6.8 )
foamN Un-weighted RMSd =   6.550 over best 74 atoms ( 173.975784    6.8 )
foamN Un-weighted RMSd =   6.550 over all 74 matched atoms 46.187775 173.975784    6.8 54.290203 52.638634 58.634342 63.528248
