Protein 1 is HML2_C
found
Protein 2 is foamC
found
Directory is HML2_CfoamC
COMPND   
SOURCE   
 apct = 65.591400 bpct = 2.150538
 n = 93
 k = 496 iend = 7 jend = 93 cost = 1229.587036
 nout = 6
COMPND   
SOURCE   
 apct = 65.591400 bpct = 2.150538
 n = 93
 k = 496 iend = 7 jend = 93 cost = 1229.587036
 nout = 6
COMPND   
SOURCE   
 apct = 72.340424 bpct = 0.000000
 n = 94
 k = 491 iend = 1 jend = 87 cost = 1509.756104
 nout = 5
COMPND   
SOURCE   
 apct = 72.340424 bpct = 0.000000
 n = 94
 k = 491 iend = 1 jend = 87 cost = 1509.756104
 nout = 5
COMPND   
SOURCE   
 apct = 65.591400 bpct = 2.150538
 a = 3 b = 4 c = 20 d = 24 e = 42 f = 43
 ad = 5.425704 eb = 7.800787 cf = 10.234206
 dsum = 23.460697 spare = 3
 n = 93
 k = 474 iend = 4 jend = 89 cost = 1534.547119
 nout = 6
COMPND   
SOURCE   
 apct = 65.591400 bpct = 2.150538
 a = 3 b = 4 c = 20 d = 24 e = 42 f = 43
 ad = 5.425704 eb = 7.800787 cf = 10.234206
 dsum = 23.460697 spare = 3
 n = 93
 k = 474 iend = 4 jend = 89 cost = 1534.547119
 nout = 6
COMPND   
SOURCE   
 apct = 72.340424 bpct = 0.000000
 a = 14 b = 18 c = 44 d = 45 e = 86 f = 87
 ad = 8.122690 eb = 5.592104 cf = 8.670487
 dsum = 22.385281 spare = 3
 n = 94
 k = 491 iend = 1 jend = 86 cost = 1430.448486
 nout = 5
COMPND   
SOURCE   
 apct = 72.340424 bpct = 0.000000
 a = 14 b = 18 c = 44 d = 45 e = 86 f = 87
 ad = 8.122690 eb = 5.592104 cf = 8.670487
 dsum = 22.385281 spare = 3
 n = 94
 k = 491 iend = 1 jend = 86 cost = 1430.448486
 nout = 5
93 residues in str1
94 residues in str2
nat1 vs rev2
nat2 vs rev1
nta1 vs rev2
nta2 vs rev1
nat1 vs rve2
nat2 vs rve1
nta1 vs rve2
nta2 vs rve1
pdb1 vs pdb2
pdb2 vs pdb1
