Protein 1 is HML2_C
found
Protein 2 is foamN
found
Directory is HML2_CfoamN
COMPND   
SOURCE   
 apct = 65.591400 bpct = 2.150538
 n = 93
 k = 496 iend = 7 jend = 93 cost = 1229.587036
 nout = 6
COMPND   
SOURCE   
 apct = 65.591400 bpct = 2.150538
 n = 93
 k = 496 iend = 7 jend = 93 cost = 1229.587036
 nout = 6
COMPND   
SOURCE   
 apct = 58.139534 bpct = 6.976744
 n = 86
 k = 411 iend = 3 jend = 82 cost = 1265.470459
 nout = 5
COMPND   
SOURCE   
 apct = 58.139534 bpct = 6.976744
 n = 86
 k = 411 iend = 3 jend = 82 cost = 1265.470459
 nout = 5
COMPND   
SOURCE   
 apct = 65.591400 bpct = 2.150538
 a = 3 b = 4 c = 20 d = 24 e = 42 f = 43
 ad = 5.425704 eb = 7.800787 cf = 10.234206
 dsum = 23.460697 spare = 3
 n = 93
 k = 474 iend = 4 jend = 89 cost = 1534.547119
 nout = 6
COMPND   
SOURCE   
 apct = 65.591400 bpct = 2.150538
 a = 3 b = 4 c = 20 d = 24 e = 42 f = 43
 ad = 5.425704 eb = 7.800787 cf = 10.234206
 dsum = 23.460697 spare = 3
 n = 93
 k = 474 iend = 4 jend = 89 cost = 1534.547119
 nout = 6
COMPND   
SOURCE   
 apct = 58.139534 bpct = 6.976744
 a = 22 b = 26 c = 59 d = 60 e = 78 f = 79
 ad = 7.207079 eb = 7.327272 cf = 8.721660
 dsum = 23.256012 spare = 3
 n = 86
 k = 410 iend = 3 jend = 82 cost = 1275.121216
 nout = 5
COMPND   
SOURCE   
 apct = 58.139534 bpct = 6.976744
 a = 22 b = 26 c = 59 d = 60 e = 78 f = 79
 ad = 7.207079 eb = 7.327272 cf = 8.721660
 dsum = 23.256012 spare = 3
 n = 86
 k = 410 iend = 3 jend = 82 cost = 1275.121216
 nout = 5
93 residues in str1
86 residues in str2
nat1 vs rev2
nat2 vs rev1
nta1 vs rev2
nta2 vs rev1
nat1 vs rve2
nat2 vs rve1
nta1 vs rve2
nta2 vs rve1
pdb1 vs pdb2
pdb2 vs pdb1
