Protein 1 is HML2_N
found
Protein 2 is foamC
found
Directory is HML2_NfoamC
COMPND   
SOURCE   
 apct = 61.194031 bpct = 7.462687
 n = 134
 k = 1062 iend = 1 jend = 130 cost = 753.417847
 nout = 8
COMPND   
SOURCE   
 apct = 61.194031 bpct = 7.462687
 n = 134
 k = 1062 iend = 1 jend = 130 cost = 753.417847
 nout = 8
COMPND   
SOURCE   
 apct = 72.340424 bpct = 0.000000
 n = 94
 k = 491 iend = 1 jend = 87 cost = 1509.756104
 nout = 5
COMPND   
SOURCE   
 apct = 72.340424 bpct = 0.000000
 n = 94
 k = 491 iend = 1 jend = 87 cost = 1509.756104
 nout = 5
COMPND   
SOURCE   
 apct = 61.194031 bpct = 7.462687
 a = 29 b = 31 c = 64 d = 65 e = 130 f = 134
 ad = 10.058528 eb = 7.616421 cf = 9.757008
 dsum = 27.431957 spare = 4
 n = 134
 k = 1050 iend = 1 jend = 129 cost = 915.636414
 nout = 8
COMPND   
SOURCE   
 apct = 61.194031 bpct = 7.462687
 a = 29 b = 31 c = 64 d = 65 e = 130 f = 134
 ad = 10.058528 eb = 7.616421 cf = 9.757008
 dsum = 27.431957 spare = 4
 n = 134
 k = 1050 iend = 1 jend = 129 cost = 915.636414
 nout = 8
COMPND   
SOURCE   
 apct = 72.340424 bpct = 0.000000
 a = 14 b = 18 c = 44 d = 45 e = 86 f = 87
 ad = 8.122690 eb = 5.592104 cf = 8.670487
 dsum = 22.385281 spare = 3
 n = 94
 k = 491 iend = 1 jend = 86 cost = 1430.448486
 nout = 5
COMPND   
SOURCE   
 apct = 72.340424 bpct = 0.000000
 a = 14 b = 18 c = 44 d = 45 e = 86 f = 87
 ad = 8.122690 eb = 5.592104 cf = 8.670487
 dsum = 22.385281 spare = 3
 n = 94
 k = 491 iend = 1 jend = 86 cost = 1430.448486
 nout = 5
135 residues in str1
94 residues in str2
nat1 vs rev2
nat2 vs rev1
nta1 vs rev2
nta2 vs rev1
nat1 vs rve2
nat2 vs rve1
nta1 vs rve2
nta2 vs rve1
pdb1 vs pdb2
pdb2 vs pdb1
