Protein 1 is HIV1_C
found
Protein 2 is foamN
found
Directory is HIV1_CfoamN
COMPND   
SOURCE   
 apct = 56.944443 bpct = 2.777778
 n = 72
 k = 296 iend = 3 jend = 71 cost = 727.731506
 nout = 5
COMPND   
SOURCE   
 apct = 56.944443 bpct = 2.777778
 n = 72
 k = 296 iend = 3 jend = 71 cost = 727.731506
 nout = 5
COMPND   
SOURCE   
 apct = 58.139534 bpct = 6.976744
 n = 86
 k = 411 iend = 3 jend = 82 cost = 1265.470459
 nout = 5
COMPND   
SOURCE   
 apct = 58.139534 bpct = 6.976744
 n = 86
 k = 411 iend = 3 jend = 82 cost = 1265.470459
 nout = 5
COMPND   
SOURCE   
 apct = 56.944443 bpct = 2.777778
 a = 11 b = 15 c = 50 d = 51 e = 68 f = 70
 ad = 10.647132 eb = 6.699996 cf = 10.520047
 dsum = 27.867176 spare = 4
 n = 72
 k = 295 iend = 3 jend = 71 cost = 713.105408
 nout = 5
COMPND   
SOURCE   
 apct = 56.944443 bpct = 2.777778
 a = 11 b = 15 c = 50 d = 51 e = 68 f = 70
 ad = 10.647132 eb = 6.699996 cf = 10.520047
 dsum = 27.867176 spare = 4
 n = 72
 k = 295 iend = 3 jend = 71 cost = 713.105408
 nout = 5
COMPND   
SOURCE   
 apct = 58.139534 bpct = 6.976744
 a = 22 b = 26 c = 59 d = 60 e = 78 f = 79
 ad = 7.207079 eb = 7.327272 cf = 8.721660
 dsum = 23.256012 spare = 3
 n = 86
 k = 410 iend = 3 jend = 82 cost = 1275.121216
 nout = 5
COMPND   
SOURCE   
 apct = 58.139534 bpct = 6.976744
 a = 22 b = 26 c = 59 d = 60 e = 78 f = 79
 ad = 7.207079 eb = 7.327272 cf = 8.721660
 dsum = 23.256012 spare = 3
 n = 86
 k = 410 iend = 3 jend = 82 cost = 1275.121216
 nout = 5
72 residues in str1
86 residues in str2
nat1 vs rev2
nat2 vs rev1
nta1 vs rev2
nta2 vs rev1
nat1 vs rve2
nat2 vs rve1
nta1 vs rve2
nta2 vs rve1
pdb1 vs pdb2
pdb2 vs pdb1
