 got = 560.75
    0       0
    1       0
    2       0
    3       0
    4       0
    5       0
    6       0
    7       0
    8       0
    9       0
   10       0
   11       0
   12       0
   13       0
   14       0
   15       0
   16       0
   17       0
   18       0
   19       0
   20       0
   21       0
   22       0
   23       0
   24       0
   25       0
   26       0
   27       0
   28       0
   29       0
   30       0
   31       0
   32       0
   33       0
   34       0
   35       0
   36       0
   37       0
   38       0
   39       0
   40       0
   41       0
   42       0
   43       0
   44       0
   45       0
   46       0
   47       0
   48       0
   49       0
   50       0
   51       0
   52       0
   53       0
   54       0
   55       0
   56       0
   57       0
   58       0
   59       0
   60       0
   61       0
   62       0
   63       0
   64       0
   65       0
   66       0
   67       0
   68       0
   69       0
   70       0
   71       0
   72       0
   73       0
   74       0
   75       0
   76       0
   77       0
   78       0
   79       0
   80       0
   81       0
   82       0
   83       0
   84       0
   85       0
   86       0
   87       0
   88       0
   89       0
   90       0
   91       0
   92       0
   93       0
   94       0
   95       0
   96       0
   97       0
   98       0
   99       0
  100       0
  101       0
  102       0
  103       0
  104       0
  105       0
  106       0
  107       0
  108       0
  109       0
  110       0
  111       0
  112       0
  113       0
  114       0
  115       0
  116       0
  117       0
  118       0
  119       0
  120       0
  121       0
  122       0
  123       0
  124       0
  125       0
  126       0
  127       0
  128       0
  129       0
  130       0
  131       0
  132       0
  133       0
  134       0
  135       0
  136       0
  137       0
  138       0
  139       0
  140       0
  141       0
  142       0
  143       0
  144       0
  145       0
  146       0
  147       0
  148       0
  149       0
  150       0
  151       0
  152       0
  153       0
  154       0
  155       0
  156       0
  157       0
  158       0
  159       0
  160       0
  161       0
  162       0
  163       0
  164       0
  165       0
  166       0
  167       0
  168       0
  169       0
  170       0
  171       0
  172       0
  173       0
  174       0
  175       0
  176       0
  177       0
  178       0
  179       0
  180       0
  181       0
  182       0
  183       0
  184       0
  185       0
  186       0
  187       0
  188       0
  189       0
  190       0
  191       0
  192       0
  193       0
  194       0
  195       0
  196       0
  197       0
  198       0
  199       0
  200       0
  201       0
  202       0
  203       4
  204       0
  205       0
  206       0
  207       0
  208       0
  209       0
  210       1
  211       0
  212       0
  213       0
  214       0
  215       0
  216      10
  217       0
  218       5
  219       0
  220       0
  221       7
  222       0
  223       0
  224      16
  225       9
  226       0
  227       2
  228      16
  229       2
  230      31
  231      13
  232       0
  233      19
  234       0
  235       0
  236      27
  237       7
  238      21
  239       6
  240      26
  241       0
  242       6
  243      15
  244       0
  245      26
  246      27
  247       3
  248      50
  249      21
  250       7
  251      22
  252      38
  253       1
  254      23
  255      43
  256       5
  257      43
  258      55
  259      16
  260      58
  261      52
  262      27
  263      61
  264      25
  265      49
  266      64
  267      19
  268      46
  269      48
  270     108
  271      59
  272      37
  273      93
  274      19
  275     145
  276      51
  277      49
  278     109
  279      66
  280      57
  281      91
  282     103
  283      72
  284     118
  285     144
  286      36
  287     136
  288     196
  289      43
  290     145
  291     133
  292      62
  293     165
  294     182
  295     146
  296     227
  297     155
  298     156
  299     171
  300     219
  301     182
  302     212
  303     290
  304     138
  305     248
  306     250
  307     167
  308     368
  309     307
  310     196
  311     290
  312     251
  313     250
  314     321
  315     460
  316     216
  317     304
  318     401
  319     197
  320     414
  321     455
  322     328
  323     438
  324     367
  325     341
  326     429
  327     362
  328     408
  329     527
  330     508
  331     336
  332     469
  333     562
  334     348
  335     664
  336     719
  337     424
  338     698
  339     511
  340     488
  341     599
  342     565
  343     628
  344     684
  345     795
  346     635
  347     818
  348     849
  349     541
  350     922
  351     824
  352     542
  353    1073
  354     737
  355     687
  356     982
  357     953
  358     812
  359    1084
  360    1003
  361     765
  362     960
  363    1045
  364     900
  365    1081
  366    1193
  367     844
  368    1358
  369    1063
  370     890
  371    1353
  372    1244
  373    1064
  374    1219
  375    1270
  376     989
  377    1374
  378    1557
  379    1079
  380    1588
  381    1460
  382    1272
  383    1743
  384    1447
  385    1362
  386    1767
  387    1617
  388    1443
  389    1570
  390    1910
  391    1268
  392    1837
  393    1929
  394    1353
  395    1944
  396    1677
  397    1565
  398    2118
  399    1887
  400    1780
  401    2247
  402    1851
  403    1903
  404    2058
  405    2258
  406    1710
  407    2288
  408    2334
  409    1651
  410    2566
  411    2396
  412    1884
  413    2812
  414    2249
  415    1905
  416    2425
  417    2473
  418    2169
  419    2660
  420    2807
  421    2060
  422    2906
  423    2815
  424    2111
  425    3146
  426    2690
  427    2386
  428    3147
  429    2785
  430    2347
  431    3025
  432    2998
  433    2616
  434    2979
  435    3244
  436    2463
  437    3306
  438    2931
  439    2491
  440    3531
  441    3037
  442    2794
  443    3679
  444    3219
  445    2970
  446    3423
  447    3305
  448    3070
  449    3724
  450    3851
  451    2867
  452    4189
  453    3517
  454    2716
  455    4194
  456    3607
  457    3301
  458    3883
  459    3593
  460    3451
  461    3678
  462    4037
  463    3727
  464    3653
  465    4009
  466    3125
  467    4174
  468    4159
  469    3360
  470    4452
  471    3909
  472    3526
  473    4544
  474    3645
  475    3821
  476    4157
  477    4200
  478    3687
  479    4117
  480    4344
  481    3383
  482    4533
  483    4364
  484    3577
  485    4854
  486    4203
  487    3828
  488    4654
  489    4125
  490    3879
  491    4462
  492    4404
  493    3687
  494    4551
  495    4697
  496    3847
  497    4689
  498    4796
  499    3657
  500    4898
  501    4327
  502    4028
  503    4895
  504    4423
  505    4243
  506    4401
  507    4431
  508    4067
  509    4781
  510    5021
  511    3892
  512    4958
  513    4691
  514    3496
  515    5071
  516    4399
  517    4183
  518    5142
  519    4236
  520    4058
  521    4592
  522    4605
  523    4033
  524    4660
  525    4891
  526    3789
  527    4942
  528    4531
  529    3664
  530    5036
  531    4230
  532    4174
  533    4963
  534    4176
  535    3956
  536    4644
  537    4302
  538    3942
  539    4697
  540    4916
  541    3903
  542    4831
  543    4404
  544    3387
  545    5164
  546    4237
  547    3910
  548    4886
  549    4284
  550    3943
  551    4386
  552    4482
  553    3879
  554    4643
  555    4405
  556    3404
  557    4561
  558    4123
  559    3565
  560    4745
  561    4261
  562    3775
  563    4365
  564    3804
  565    3678
  566    3899
  567    4405
  568    3511
  569    4288
  570    3940
  571    3217
  572    4417
  573    3958
  574    3258
  575    4310
  576    3596
  577    3234
  578    3951
  579    3591
  580    3298
  581    3725
  582    3922
  583    3297
  584    3416
  585    3715
  586    2785
  587    3861
  588    3495
  589    2978
  590    3800
  591    3056
  592    2900
  593    3782
  594    2935
  595    2891
  596    3403
  597    3119
  598    2566
  599    3279
  600    3118
  601    2385
  602    3520
  603    3075
  604    2342
  605    3416
  606    2823
  607    2622
  608    3051
  609    2698
  610    2497
  611    2862
  612    2631
  613    2251
  614    3014
  615    2650
  616    1897
  617    2873
  618    2433
  619    2093
  620    2779
  621    2357
  622    2138
  623    2572
  624    2250
  625    2016
  626    2324
  627    2272
  628    1752
  629    2427
  630    2067
  631    1668
  632    2581
  633    1883
  634    1747
  635    2391
  636    1649
  637    1737
  638    1954
  639    1706
  640    1565
  641    1801
  642    1789
  643    1504
  644    1936
  645    1762
  646    1283
  647    1968
  648    1571
  649    1214
  650    1719
  651    1424
  652    1355
  653    1690
  654    1203
  655    1180
  656    1335
  657    1419
  658    1090
  659    1441
  660    1280
  661     797
  662    1588
  663    1057
  664    1025
  665    1561
  666    1091
  667    1112
  668    1159
  669     981
  670     731
  671    1184
  672     984
  673     805
  674    1172
  675     953
  676     765
  677    1112
  678     728
  679     804
  680    1062
  681     680
  682     639
  683     792
  684     773
  685     593
  686     796
  687     868
  688     521
  689     744
  690     640
  691     488
  692     844
  693     476
  694     438
  695     754
  696     373
  697     585
  698     629
  699     562
  700     460
  701     578
  702     491
  703     286
  704     537
  705     497
  706     267
  707     529
  708     377
  709     268
  710     423
  711     319
  712     358
  713     386
  714     290
  715     265
  716     424
  717     325
  718     263
  719     322
  720     298
  721     128
  722     355
  723     254
  724      82
  725     287
  726     193
  727     151
  728     224
  729     170
  730     175
  731     172
  732     181
  733     122
  734     157
  735     126
  736      93
  737     214
  738     167
  739      77
  740     183
  741      90
  742     119
  743     129
  744     103
  745      45
  746      94
  747      92
  748      53
  749     122
  750     105
  751      33
  752     106
  753      38
  754      21
  755      94
  756      21
  757      67
  758      33
  759      31
  760      29
  761      61
  762      46
  763      17
  764      39
  765      41
  766       8
  767      51
  768      22
  769       4
  770      45
  771       8
  772      36
  773       5
  774      14
  775      13
  776      11
  777      16
  778       0
  779      16
  780       0
  781       0
  782      24
  783      13
  784       0
  785       9
  786       3
  787       0
  788       5
  789       0
  790       0
  791       0
  792       3
  793       0
  794       0
  795       0
  796       0
  797      14
  798       0
  799       0
  800       0
  801       0
  802       0
  803       0
  804       0
  805       0
  806       0
  807       0
  808       0
  809       0
  810       0
  811       0
  812       0
  813       0
  814       0
  815       0
  816       0
  817       0
  818       0
  819       0
  820       0
  821       0
  822       0
  823       0
  824       0
  825       0
  826       0
  827       0
  828       0
  829       0
  830       0
  831       0
  832       0
  833       0
  834       0
  835       0
  836       0
  837       0
  838       0
  839       0
  840       0
  841       0
  842       0
  843       0
  844       0
  845       0
  846       0
  847       0
  848       0
  849       0
  850       0
  851       0
  852       0
  853       0
  854       0
  855       0
  856       0
  857       0
  858       0
  859       0
  860       0
  861       0
  862       0
  863       0
  864       0
  865       0
  866       0
  867       0
  868       0
  869       0
  870       0
  871       0
  872       0
  873       0
  874       0
  875       0
  876       0
  877       0
  878       0
  879       0
  880       0
  881       0
  882       0
  883       0
  884       0
  885       0
  886       0
  887       0
  888       0
  889       0
  890       0
  891       0
  892       0
  893       0
  894       0
  895       0
  896       0
  897       0
  898       0
  899       0
  900       0
  901       0
  902       0
  903       0
  904       0
  905       0
  906       0
  907       0
  908       0
  909       0
  910       0
  911       0
  912       0
  913       0
  914       0
  915       0
  916       0
  917       0
  918       0
  919       0
  920       0
  921       0
  922       0
  923       0
  924       0
  925       0
  926       0
  927       0
  928       0
  929       0
  930       0
  931       0
  932       0
  933       0
  934       0
  935       0
  936       0
  937       0
  938       0
  939       0
  940       0
  941       0
  942       0
  943       0
  944       0
  945       0
  946       0
  947       0
  948       0
  949       0
  950       0
  951       0
  952       0
  953       0
  954       0
  955       0
  956       0
  957       0
  958       0
  959       0
  960       0
  961       0
  962       0
  963       0
  964       0
  965       0
  966       0
  967       0
  968       0
  969       0
  970       0
  971       0
  972       0
  973       0
  974       0
  975       0
  976       0
  977       0
  978       0
  979       0
  980       0
  981       0
  982       0
  983       0
  984       0
  985       0
  986       0
  987       0
  988       0
  989       0
  990       0
  991       0
  992       0
  993       0
  994       0
  995       0
  996       0
  997       0
  998       0
  999       0
 bell = 1e+06 tail = 314020 tail/bell = 0.31402
