Protein 1 is RELIK_N
found
Protein 2 is foamN
found
Directory is RELIK_NfoamN
COMPND   
SOURCE   
 apct = 55.633804 bpct = 12.676056
 n = 142
 k = 1158 iend = 1 jend = 136 cost = 1210.403076
 nout = 6
COMPND   
SOURCE   
 apct = 55.633804 bpct = 12.676056
 n = 142
 k = 1158 iend = 1 jend = 136 cost = 1210.403076
 nout = 6
COMPND   
SOURCE   
 apct = 58.139534 bpct = 6.976744
 n = 86
 k = 411 iend = 3 jend = 82 cost = 1265.470459
 nout = 5
COMPND   
SOURCE   
 apct = 58.139534 bpct = 6.976744
 n = 86
 k = 411 iend = 3 jend = 82 cost = 1265.470459
 nout = 5
COMPND   
SOURCE   
 apct = 55.633804 bpct = 12.676056
 a = 1 b = 2 c = 46 d = 47 e = 114 f = 118
 ad = 4.261848 eb = 9.484098 cf = 9.003044
 dsum = 22.748991 spare = 3
 n = 142
 k = 1197 iend = 1 jend = 136 cost = 1260.418213
 nout = 6
COMPND   
SOURCE   
 apct = 55.633804 bpct = 12.676056
 a = 1 b = 2 c = 46 d = 47 e = 114 f = 118
 ad = 4.261848 eb = 9.484098 cf = 9.003044
 dsum = 22.748991 spare = 3
 n = 142
 k = 1197 iend = 1 jend = 136 cost = 1260.418213
 nout = 6
COMPND   
SOURCE   
 apct = 58.139534 bpct = 6.976744
 a = 22 b = 26 c = 59 d = 60 e = 78 f = 79
 ad = 7.207079 eb = 7.327272 cf = 8.721660
 dsum = 23.256012 spare = 3
 n = 86
 k = 410 iend = 3 jend = 82 cost = 1275.121216
 nout = 5
COMPND   
SOURCE   
 apct = 58.139534 bpct = 6.976744
 a = 22 b = 26 c = 59 d = 60 e = 78 f = 79
 ad = 7.207079 eb = 7.327272 cf = 8.721660
 dsum = 23.256012 spare = 3
 n = 86
 k = 410 iend = 3 jend = 82 cost = 1275.121216
 nout = 5
142 residues in str1
86 residues in str2
nat1 vs rev2
nat2 vs rev1
nta1 vs rev2
nta2 vs rev1
nat1 vs rve2
nat2 vs rve1
nta1 vs rve2
nta2 vs rve1
pdb1 vs pdb2
pdb2 vs pdb1
