 file1 = foamN
 prot1->Compound = 
 file2 = 3nteC
 prot2->Compound = 
ARNDCQEGHILKMFPSTWYVBZX
matrix constant = 8
Cycle 1, 14 residues selected
Cycle 2, 18 residues selected
Cycle 3, 22 residues selected
Cycle 4, 26 residues selected
Cycle 5, 30 residues selected

 score = 252.079514

Percent sel on aln =  100.00
Percent aln in sel =   38.96
  Y    1   0.5   6 I* 
  S    2   0.4   7 P* 
 *P    3   1.6   8 I* 
 *T    4   0.8   9 Q  
 *S    5   1.0  10 H  
**I    6   1.2  11 I**
  L    7   0.8  12 R**
 *D    8   1.5  13 S  
 *I    9   3.0  14 V* 
 *R   10   0.2  15 T**
 *Q   11   0.1  16 G  
 *G   12   0.1  17 E* 
 *P   13   0.4  18 P* 
  K   14   0.0  19 P* 
 *E   15   0.1  20 R  
 *P   16   5.0  21 N  
**F   17   5.5  22 P* 
  R   18   4.0  23 R* 
  D   19   4.4  24 E  
**Y   20   6.3  25 I**
 *V   21   9.1  26 P**
  D   22   7.0  27 I* 
 *R   23   3.8  28 W* 
**F   24   4.7  29 L**
 *Y   25   6.3  30 G* 
  K   26   3.9  31 R  
 *T   27   5.9  32 N* 
**L   28   1.7  33 A**
  R   29   1.2  34 P  
  A   30   1.2  35 A* 
 *E   31   1.8  36 I* 
  Q   32   0.0  37 D* 
 *A   33   0.0  38 G  
  S   34   0.3  39 V* 
  Q   35   0.0  40 F**
  E   36   0.2  41 P* 
  V   37   0.0  42 V* 
**K   38   0.1  43 T  
 *N   39   0.0  44 T* 
 *W   40   1.0  45 P* 
 *M   41   0.8  46 D* 
  T   42   0.7  47 L* 
  E   43   0.7  48 R* 
  T   44   1.6  49 C**
 *L   45   1.7  50 R* 
**L   46   1.7  51 I* 
 *V   47   1.8  52 I**
  Q   48   1.5  53 N* 
 *N   49   2.7  54 A* 
**A   50   0.4  55 I**
**N   51   0.9  56 L**
  P   52  11.5  57 G* 
  D   53  15.2  58 G  
**C   54   0.2  59 N* 
**K   55   2.2  60 I  
  T   56   1.3  61 G* 
 *I   57   0.1  62 L**
 *L   58   0.0  63 S* 
  K   59   0.3  64 L* 
  A   60   0.1  65 T  
 *L   61   0.1  66 P* 
  G   62   0.6  67 G  
  P   63   0.2  68 D  
  A   64   0.1  69 C* 
**A   65   0.2  70 L* 
 *T   66   6.8  71 T  
  L   67   9.7  72 W* 
  E   68   8.4  73 D  
  E   69   9.6  74 S* 
 *M   70  13.1  75 A**
 *M   71  13.3  76 V**
  T   72   9.0  77 A* 
  A   73  13.2  78 T* 
**C   74  16.2  79 L**
 *Q   75   0.5  80 F**
  G   76   2.6  81 I* 
  V   77   0.2  82 R* 
3nteC Weighted RMSd =   4.512 over 77 atoms 46.312851 234.283463   9.1 50.549068 48.528454 56.717068 63.375404
3nteC Un-weighted RMSd =   4.111 over best 23 atoms ( 234.283463    9.1 )
3nteC Un-weighted RMSd =   4.298 over best 31 atoms ( 234.283463    9.1 )
3nteC Un-weighted RMSd =   4.395 over best 42 atoms ( 234.283463    9.1 )
3nteC Un-weighted RMSd =   4.719 over best 50 atoms ( 234.283463    9.1 )
3nteC Un-weighted RMSd =   4.980 over best 54 atoms ( 234.283463    9.1 )
3nteC Un-weighted RMSd =   5.385 over best 63 atoms ( 234.283463    9.1 )
3nteC Un-weighted RMSd =   5.432 over best 68 atoms ( 234.283463    9.1 )
3nteC Un-weighted RMSd =   5.429 over best 71 atoms ( 234.283463    9.1 )
3nteC Un-weighted RMSd =   5.701 over best 75 atoms ( 234.283463    9.1 )
3nteC Un-weighted RMSd =   5.683 over best 76 atoms ( 234.283463    9.1 )
3nteC Un-weighted RMSd =   5.683 over best 76 atoms ( 234.283463    9.1 )
3nteC Un-weighted RMSd =   5.683 over best 76 atoms ( 234.283463    9.1 )
3nteC Un-weighted RMSd =   5.683 over best 77 atoms ( 234.283463    9.1 )
3nteC Un-weighted RMSd =   5.683 over best 77 atoms ( 234.283463    9.1 )
3nteC Un-weighted RMSd =   5.683 over best 77 atoms ( 234.283463    9.1 )
3nteC Un-weighted RMSd =   5.683 over all 77 matched atoms 46.312851 234.283463    9.1 50.549068 48.528454 56.717068 63.375404
