Protein 1 is BLV_N
found
Protein 2 is foamN
found
Directory is BLV_NfoamN
COMPND   
SOURCE   
 apct = 59.842518 bpct = 8.661417
 n = 127
 k = 907 iend = 1 jend = 122 cost = 1157.662720
 nout = 7
COMPND   
SOURCE   
 apct = 59.842518 bpct = 8.661417
 n = 127
 k = 907 iend = 1 jend = 122 cost = 1157.662720
 nout = 7
COMPND   
SOURCE   
 apct = 58.139534 bpct = 6.976744
 n = 86
 k = 411 iend = 3 jend = 82 cost = 1265.470459
 nout = 5
COMPND   
SOURCE   
 apct = 58.139534 bpct = 6.976744
 n = 86
 k = 411 iend = 3 jend = 82 cost = 1265.470459
 nout = 5
COMPND   
SOURCE   
 apct = 59.842518 bpct = 8.661417
 a = 31 b = 32 c = 65 d = 66 e = 121 f = 125
 ad = 7.791929 eb = 4.476216 cf = 9.663523
 dsum = 21.931667 spare = 3
 n = 127
 k = 906 iend = 1 jend = 122 cost = 1130.328857
 nout = 7
COMPND   
SOURCE   
 apct = 59.842518 bpct = 8.661417
 a = 31 b = 32 c = 65 d = 66 e = 121 f = 125
 ad = 7.791929 eb = 4.476216 cf = 9.663523
 dsum = 21.931667 spare = 3
 n = 127
 k = 906 iend = 1 jend = 122 cost = 1130.328857
 nout = 7
COMPND   
SOURCE   
 apct = 58.139534 bpct = 6.976744
 a = 22 b = 26 c = 59 d = 60 e = 78 f = 79
 ad = 7.207079 eb = 7.327272 cf = 8.721660
 dsum = 23.256012 spare = 3
 n = 86
 k = 410 iend = 3 jend = 82 cost = 1275.121216
 nout = 5
COMPND   
SOURCE   
 apct = 58.139534 bpct = 6.976744
 a = 22 b = 26 c = 59 d = 60 e = 78 f = 79
 ad = 7.207079 eb = 7.327272 cf = 8.721660
 dsum = 23.256012 spare = 3
 n = 86
 k = 410 iend = 3 jend = 82 cost = 1275.121216
 nout = 5
127 residues in str1
86 residues in str2
nat1 vs rev2
nat2 vs rev1
nta1 vs rev2
nta2 vs rev1
nat1 vs rve2
nat2 vs rve1
nta1 vs rve2
nta2 vs rve1
pdb1 vs pdb2
pdb2 vs pdb1
