 file1 = MPMV_N
 prot1->Compound = 
 file2 = foamN
 prot2->Compound = 
ARNDCQEGHILKMFPSTWYVBZX
matrix constant = 8
Cycle 1, 15 residues selected
Cycle 2, 20 residues selected
Cycle 3, 26 residues selected
Cycle 4, 31 residues selected
Cycle 5, 37 residues selected

 score = 460.434113

Percent sel on aln =   91.89
Percent aln in sel =   43.59
  P    1   0.3  14 R* 
  I    2   0.8  15 H* 
**G    3   0.1  16 H  
 *T    4   1.3  17 N* 
  V    5  27.5  18 G  
 *I    6  34.6  19 F* 
 *P    7   1.9  20 D* 
 *I    8   3.2  21 F  
  Q    9   2.5  22 A  
  H   10   2.1  23 V  
**I   11   2.7  24 I* 
**R   12   2.7  25 K* 
  S   13   3.2  26 E* 
 *V   14   4.8  27 L**
**T   15   3.9  28 K* 
  G   16   0.3  29 T* 
 *E   17   0.0  30 A* 
 *P   18   4.1  31 A**
 *P   19   0.1  32 S* 
  R   20   0.0  33 Q  
  N   21   6.7  34 Y* 
 *P   22   2.5  35 G* 
 *R   23   4.2  39 P  
  E   24   7.4  40 Y  
**I   25  19.5  41 T**
**P   26  22.3  42 L**
 *I   27  10.6  43 A* 
 *W   28   7.8  44 I* 
**L   29   8.5  45 V* 
 *G   30  23.7  46 E**
  R   31  18.9  47 S* 
 *N   32  18.6  48 V* 
**A   33  14.9  49 A**
  P   34   4.5  50 D  
 *A   35   5.3  51 N* 
 *I   36   0.0  52 W* 
  T   43   0.0  53 L**
 *T   44  27.4  54 T**
 *P   45  19.1  55 P**
 *D   46  27.5  56 T* 
 *L   47  27.9  57 D* 
 *R   48  23.6  58 W* 
**C   49  23.9  59 N  
 *R   50  25.6  60 T  
 *I   51  30.5  61 L* 
**I   52  24.3  62 V* 
 *N   53  11.9  63 R* 
 *A   54  14.9  64 A  
**I   55  27.7  65 V**
**L   56  16.4  66 L**
 *G   57   2.3  67 S* 
  G   58   0.9  68 G  
 *N   59   0.3  69 G* 
  I   60   0.1  70 D**
 *G   61   0.1  71 H* 
**L   62   0.1  72 L  
 *S   63   0.0  73 L* 
 *L   64   0.1  74 W* 
  T   65   0.4  75 K* 
 *P   66   0.4  76 S  
  G   67   0.2  77 E* 
  D   68   0.2  78 F**
 *C   69   0.4  79 F* 
 *L   70   0.4 123 Q* 
  T   71   0.1 124 I* 
 *W   72  15.5 125 Q**
  D   73  24.3 126 A* 
 *S   74  20.8 127 A* 
**A   75  23.4 128 A* 
**V   76  27.7 129 T* 
 *A   77  34.3 130 K* 
 *T   78  10.4 131 A**
**L   79  12.0 132 W**
**F   80   3.4 133 R* 
 *I   81   6.8 134 K* 
 *R   82   0.1 135 L* 
 *T   83   0.9 136 P  
 *H   84   0.4 137 V  
foamN Weighted RMSd =   3.018 over 78 atoms 52.504478 758.354431  11.5 60.277813 59.730488 66.316986 71.578667
foamN Un-weighted RMSd =   2.503 over best 32 atoms ( 758.354431   11.5 )
foamN Un-weighted RMSd =   2.650 over best 35 atoms ( 758.354431   11.5 )
foamN Un-weighted RMSd =   3.836 over best 46 atoms ( 758.354431   11.5 )
foamN Un-weighted RMSd =   4.140 over best 52 atoms ( 758.354431   11.5 )
foamN Un-weighted RMSd =   4.202 over best 54 atoms ( 758.354431   11.5 )
foamN Un-weighted RMSd =   4.382 over best 58 atoms ( 758.354431   11.5 )
foamN Un-weighted RMSd =   4.472 over best 60 atoms ( 758.354431   11.5 )
foamN Un-weighted RMSd =   4.953 over best 68 atoms ( 758.354431   11.5 )
foamN Un-weighted RMSd =   5.033 over best 75 atoms ( 758.354431   11.5 )
foamN Un-weighted RMSd =   5.020 over best 76 atoms ( 758.354431   11.5 )
foamN Un-weighted RMSd =   5.020 over best 76 atoms ( 758.354431   11.5 )
foamN Un-weighted RMSd =   5.015 over best 77 atoms ( 758.354431   11.5 )
foamN Un-weighted RMSd =   5.015 over best 77 atoms ( 758.354431   11.5 )
foamN Un-weighted RMSd =   4.986 over best 78 atoms ( 758.354431   11.5 )
foamN Un-weighted RMSd =   4.986 over best 78 atoms ( 758.354431   11.5 )
foamN Un-weighted RMSd =   4.986 over all 78 matched atoms 52.504478 758.354431   11.5 60.277813 59.730488 66.316986 71.578667
