Protein 1 is RSV_C
found
Protein 2 is foamN
found
Directory is RSV_CfoamN
COMPND   
SOURCE   
 apct = 60.526318 bpct = 2.631579
 n = 76
 k = 326 iend = 3 jend = 73 cost = 901.224060
 nout = 5
COMPND   
SOURCE   
 apct = 60.526318 bpct = 2.631579
 n = 76
 k = 326 iend = 3 jend = 73 cost = 901.224060
 nout = 5
COMPND   
SOURCE   
 apct = 58.139534 bpct = 6.976744
 n = 86
 k = 411 iend = 3 jend = 82 cost = 1265.470459
 nout = 5
COMPND   
SOURCE   
 apct = 58.139534 bpct = 6.976744
 n = 86
 k = 411 iend = 3 jend = 82 cost = 1265.470459
 nout = 5
COMPND   
SOURCE   
 apct = 60.526318 bpct = 2.631579
 a = 13 b = 15 c = 50 d = 51 e = 72 f = 76
 ad = 9.889194 eb = 8.928839 cf = 10.436290
 dsum = 29.254322 spare = 4
 n = 76
 k = 330 iend = 3 jend = 74 cost = 839.798889
 nout = 5
COMPND   
SOURCE   
 apct = 60.526318 bpct = 2.631579
 a = 13 b = 15 c = 50 d = 51 e = 72 f = 76
 ad = 9.889194 eb = 8.928839 cf = 10.436290
 dsum = 29.254322 spare = 4
 n = 76
 k = 330 iend = 3 jend = 74 cost = 839.798889
 nout = 5
COMPND   
SOURCE   
 apct = 58.139534 bpct = 6.976744
 a = 22 b = 26 c = 59 d = 60 e = 78 f = 79
 ad = 7.207079 eb = 7.327272 cf = 8.721660
 dsum = 23.256012 spare = 3
 n = 86
 k = 410 iend = 3 jend = 82 cost = 1275.121216
 nout = 5
COMPND   
SOURCE   
 apct = 58.139534 bpct = 6.976744
 a = 22 b = 26 c = 59 d = 60 e = 78 f = 79
 ad = 7.207079 eb = 7.327272 cf = 8.721660
 dsum = 23.256012 spare = 3
 n = 86
 k = 410 iend = 3 jend = 82 cost = 1275.121216
 nout = 5
76 residues in str1
86 residues in str2
nat1 vs rev2
nat2 vs rev1
nta1 vs rev2
nta2 vs rev1
nat1 vs rve2
nat2 vs rve1
nta1 vs rve2
nta2 vs rve1
pdb1 vs pdb2
pdb2 vs pdb1
