Protein 1 is HIV6_C
found
Protein 2 is foamN
found
Directory is HIV6_CfoamN
COMPND   
SOURCE   
 apct = 53.333332 bpct = 3.333333
 n = 60
 k = 200 iend = 3 jend = 59 cost = 650.154846
 nout = 4
COMPND   
SOURCE   
 apct = 53.333332 bpct = 3.333333
 n = 60
 k = 200 iend = 3 jend = 59 cost = 650.154846
 nout = 4
COMPND   
SOURCE   
 apct = 58.139534 bpct = 6.976744
 n = 86
 k = 411 iend = 3 jend = 82 cost = 1265.470459
 nout = 5
COMPND   
SOURCE   
 apct = 58.139534 bpct = 6.976744
 n = 86
 k = 411 iend = 3 jend = 82 cost = 1265.470459
 nout = 5
COMPND   
SOURCE   
 apct = 53.333332 bpct = 3.333333
 a = 11 b = 15 c = 38 d = 39 e = 56 f = 58
 ad = 10.347625 eb = 6.590762 cf = 11.051020
 dsum = 27.989407 spare = 4
 n = 60
 k = 199 iend = 3 jend = 59 cost = 635.487122
 nout = 4
COMPND   
SOURCE   
 apct = 53.333332 bpct = 3.333333
 a = 11 b = 15 c = 38 d = 39 e = 56 f = 58
 ad = 10.347625 eb = 6.590762 cf = 11.051020
 dsum = 27.989407 spare = 4
 n = 60
 k = 199 iend = 3 jend = 59 cost = 635.487122
 nout = 4
COMPND   
SOURCE   
 apct = 58.139534 bpct = 6.976744
 a = 22 b = 26 c = 59 d = 60 e = 78 f = 79
 ad = 7.207079 eb = 7.327272 cf = 8.721660
 dsum = 23.256012 spare = 3
 n = 86
 k = 410 iend = 3 jend = 82 cost = 1275.121216
 nout = 5
COMPND   
SOURCE   
 apct = 58.139534 bpct = 6.976744
 a = 22 b = 26 c = 59 d = 60 e = 78 f = 79
 ad = 7.207079 eb = 7.327272 cf = 8.721660
 dsum = 23.256012 spare = 3
 n = 86
 k = 410 iend = 3 jend = 82 cost = 1275.121216
 nout = 5
60 residues in str1
86 residues in str2
nat1 vs rev2
nat2 vs rev1
nta1 vs rev2
nta2 vs rev1
nat1 vs rve2
nat2 vs rve1
nta1 vs rve2
nta2 vs rve1
pdb1 vs pdb2
pdb2 vs pdb1
