 file1 = HIV6_C
 prot1->Compound = 
 file2 = foamN
 prot2->Compound = 
ARNDCQEGHILKMFPSTWYVBZX
matrix constant = 8
Cycle 1, 13 residues selected
Cycle 2, 17 residues selected
Cycle 3, 20 residues selected
Cycle 4, 24 residues selected
Cycle 5, 27 residues selected

 score = 118.748161

Percent sel on aln =   44.44
Percent aln in sel =   20.34
  Q    9   0.1   1 T  
  H   10   0.1   2 S  
**I   11   0.5   3 I* 
**R   12   0.2   4 L  
  S   13   0.2   5 D* 
 *V   14   1.5   6 I* 
**T   15   0.2   7 R* 
  G   16   0.1   8 Q* 
 *E   17   0.1   9 G* 
 *P   18   0.1  10 P  
 *P   19   0.0  11 K  
  R   20   0.1  12 E* 
  N   21  12.4  13 P* 
 *P   22   5.8  14 F* 
 *R   23  11.2  15 R  
  E   24   6.1  16 D  
**I   25  15.7  17 Y**
**P   26  12.0  18 V* 
 *I   27  10.1  19 D  
 *W   28   4.8  20 R* 
**L   29   8.3  21 F**
 *G   30   8.6  22 Y  
  R   31   3.5  23 K* 
 *N   32   5.2  24 T* 
**A   33   0.7  25 L  
  P   34   0.8  26 R  
 *A   35   1.4  27 A  
**C   49   0.0  28 E  
 *R   50   0.6  29 T  
 *I   51  19.0  30 L  
**I   52  29.9  31 L* 
 *N   53  23.9  32 V* 
 *A   54  21.1  33 Q  
**I   55  22.7  34 N* 
**L   56   1.4  35 A**
 *G   57   0.1  36 N**
  G   58   0.8  37 P  
 *N   59   0.0  38 D  
  I   60   0.0  39 C* 
 *G   61   0.1  40 K**
**L   62   0.1  41 T  
 *S   63   0.0  42 I* 
 *L   64   0.5  43 L* 
  T   65   0.2  44 K* 
 *P   66   0.1  45 A  
  G   67   0.0  46 L  
  D   68   0.0  47 G  
**A   75   0.0  48 P  
**V   76   0.0  49 G  
 *A   77   0.0  50 A* 
 *T   78   0.3  51 T* 
**L   79   1.5  52 L  
**F   80   1.3  53 E  
 *I   81   0.7  54 E  
 *R   82   0.7  55 M* 
 *T   83   0.9  56 M* 
 *H   84   1.4  57 T  
  G   85   0.0  58 A  
  T   86   0.0  59 C* 
foamN Weighted RMSd =   1.799 over 59 atoms 30.017666 237.076660  13.6 57.428795 54.463604 59.884895 64.606911
foamN Un-weighted RMSd =   1.236 over best 16 atoms ( 237.076660   13.6 )
foamN Un-weighted RMSd =   1.291 over best 17 atoms ( 237.076660   13.6 )
foamN Un-weighted RMSd =   2.306 over best 20 atoms ( 237.076660   13.6 )
foamN Un-weighted RMSd =   3.142 over best 29 atoms ( 237.076660   13.6 )
foamN Un-weighted RMSd =   3.182 over best 31 atoms ( 237.076660   13.6 )
foamN Un-weighted RMSd =   3.479 over best 34 atoms ( 237.076660   13.6 )
foamN Un-weighted RMSd =   4.570 over best 40 atoms ( 237.076660   13.6 )
foamN Un-weighted RMSd =   5.144 over best 47 atoms ( 237.076660   13.6 )
foamN Un-weighted RMSd =   5.219 over best 49 atoms ( 237.076660   13.6 )
foamN Un-weighted RMSd =   5.534 over best 54 atoms ( 237.076660   13.6 )
foamN Un-weighted RMSd =   5.778 over best 57 atoms ( 237.076660   13.6 )
foamN Un-weighted RMSd =   5.778 over best 57 atoms ( 237.076660   13.6 )
foamN Un-weighted RMSd =   5.886 over best 58 atoms ( 237.076660   13.6 )
foamN Un-weighted RMSd =   5.886 over best 58 atoms ( 237.076660   13.6 )
foamN Un-weighted RMSd =   5.886 over best 58 atoms ( 237.076660   13.6 )
foamN Un-weighted RMSd =   5.864 over all 59 matched atoms 30.017666 237.076660   13.6 57.428795 54.463604 59.884895 64.606911
