Protein 1 is HIV6_N
found
Protein 2 is foamC
found
Directory is HIV6_NfoamC
COMPND   
SOURCE   
 apct = 56.164383 bpct = 11.643836
 n = 146
 k = 1235 iend = 1 jend = 141 cost = 1135.046021
 nout = 8
COMPND   
SOURCE   
 apct = 56.164383 bpct = 11.643836
 n = 146
 k = 1235 iend = 1 jend = 141 cost = 1135.046021
 nout = 8
COMPND   
SOURCE   
 apct = 72.340424 bpct = 0.000000
 n = 94
 k = 491 iend = 1 jend = 87 cost = 1509.756104
 nout = 5
COMPND   
SOURCE   
 apct = 72.340424 bpct = 0.000000
 n = 94
 k = 491 iend = 1 jend = 87 cost = 1509.756104
 nout = 5
COMPND   
SOURCE   
 apct = 56.164383 bpct = 11.643836
 a = 31 b = 34 c = 64 d = 65 e = 142 f = 145
 ad = 10.240198 eb = 6.112807 cf = 11.134398
 dsum = 27.487402 spare = 4
 n = 146
 k = 1227 iend = 1 jend = 141 cost = 1126.207520
 nout = 8
COMPND   
SOURCE   
 apct = 56.164383 bpct = 11.643836
 a = 31 b = 34 c = 64 d = 65 e = 142 f = 145
 ad = 10.240198 eb = 6.112807 cf = 11.134398
 dsum = 27.487402 spare = 4
 n = 146
 k = 1227 iend = 1 jend = 141 cost = 1126.207520
 nout = 8
COMPND   
SOURCE   
 apct = 72.340424 bpct = 0.000000
 a = 14 b = 18 c = 44 d = 45 e = 86 f = 87
 ad = 8.122690 eb = 5.592104 cf = 8.670487
 dsum = 22.385281 spare = 3
 n = 94
 k = 491 iend = 1 jend = 86 cost = 1430.448486
 nout = 5
COMPND   
SOURCE   
 apct = 72.340424 bpct = 0.000000
 a = 14 b = 18 c = 44 d = 45 e = 86 f = 87
 ad = 8.122690 eb = 5.592104 cf = 8.670487
 dsum = 22.385281 spare = 3
 n = 94
 k = 491 iend = 1 jend = 86 cost = 1430.448486
 nout = 5
146 residues in str1
94 residues in str2
nat1 vs rev2
nat2 vs rev1
nta1 vs rev2
nta2 vs rev1
nat1 vs rve2
nat2 vs rve1
nta1 vs rve2
nta2 vs rve1
pdb1 vs pdb2
pdb2 vs pdb1
