Protein 1 is RSV_N
found
Protein 2 is foamC
found
Directory is RSV_NfoamC
COMPND   
SOURCE   
 apct = 59.863945 bpct = 6.122449
 n = 147
 k = 1248 iend = 1 jend = 143 cost = 955.258423
 nout = 10
COMPND   
SOURCE   
 apct = 59.863945 bpct = 6.122449
 n = 147
 k = 1248 iend = 1 jend = 143 cost = 955.258423
 nout = 10
COMPND   
SOURCE   
 apct = 72.340424 bpct = 0.000000
 n = 94
 k = 491 iend = 1 jend = 87 cost = 1509.756104
 nout = 5
COMPND   
SOURCE   
 apct = 72.340424 bpct = 0.000000
 n = 94
 k = 491 iend = 1 jend = 87 cost = 1509.756104
 nout = 5
COMPND   
SOURCE   
 apct = 59.863945 bpct = 6.122449
 a = 9 b = 10 c = 47 d = 49 e = 122 f = 126
 ad = 11.768057 eb = 6.547443 cf = 7.800678
 dsum = 26.116179 spare = 4
 n = 147
 k = 1250 iend = 1 jend = 143 cost = 951.477600
 nout = 10
COMPND   
SOURCE   
 apct = 59.863945 bpct = 6.122449
 a = 9 b = 10 c = 47 d = 49 e = 122 f = 126
 ad = 11.768057 eb = 6.547443 cf = 7.800678
 dsum = 26.116179 spare = 4
 n = 147
 k = 1250 iend = 1 jend = 143 cost = 951.477600
 nout = 10
COMPND   
SOURCE   
 apct = 72.340424 bpct = 0.000000
 a = 14 b = 18 c = 44 d = 45 e = 86 f = 87
 ad = 8.122690 eb = 5.592104 cf = 8.670487
 dsum = 22.385281 spare = 3
 n = 94
 k = 491 iend = 1 jend = 86 cost = 1430.448486
 nout = 5
COMPND   
SOURCE   
 apct = 72.340424 bpct = 0.000000
 a = 14 b = 18 c = 44 d = 45 e = 86 f = 87
 ad = 8.122690 eb = 5.592104 cf = 8.670487
 dsum = 22.385281 spare = 3
 n = 94
 k = 491 iend = 1 jend = 86 cost = 1430.448486
 nout = 5
147 residues in str1
94 residues in str2
nat1 vs rev2
nat2 vs rev1
nta1 vs rev2
nta2 vs rev1
nat1 vs rve2
nat2 vs rve1
nta1 vs rve2
nta2 vs rve1
pdb1 vs pdb2
pdb2 vs pdb1
