 file1 = PSIV_N
 prot1->Compound = 
 file2 = foamN
 prot2->Compound = 
ARNDCQEGHILKMFPSTWYVBZX
matrix constant = 8
Cycle 1, 15 residues selected
Cycle 2, 20 residues selected
Cycle 3, 26 residues selected
Cycle 4, 31 residues selected
Cycle 5, 36 residues selected

 score = 885.672852

Percent sel on aln =  100.00
Percent aln in sel =   45.57
  P    1   0.0  12 E* 
  I    2   0.2  13 P  
**G    3   0.1  14 M**
 *T    4   0.1  15 S* 
  V    5   0.1  16 T  
 *I    6   0.0  17 R  
 *P    7   0.1  18 T  
 *I    8  23.5  19 V**
  Q    9  23.2  20 A  
  H   10  16.8  21 A  
**I   11  32.0  22 W* 
**R   12  31.7  23 I**
  S   13  18.7  24 R  
 *V   14  25.2  25 Q* 
**T   15  36.3  26 T**
  G   16   0.1  27 G* 
 *E   17   0.2  28 E  
 *P   18   0.3  29 K* 
 *P   19   0.2  30 G* 
  R   20   0.1  31 L* 
  N   21   0.1  32 T* 
 *P   22   0.0  33 S* 
 *R   23   8.5  34 P  
  E   24   6.6  35 E  
**I   25  49.1  36 T**
**P   26  41.4  37 I**
 *I   27  25.0  38 T  
 *W   28  20.5  39 Y* 
**L   29  23.6  40 W* 
 *G   30  35.8  41 G* 
  R   31  30.3  42 L  
 *N   32  42.6  43 I* 
**A   33  11.4  44 S* 
  P   34   2.1  45 Q* 
 *A   35   1.4  46 D* 
 *I   36  31.3  47 L**
 *T   44   4.7  48 S**
 *P   45  21.5  49 S**
 *D   46  20.6  50 R* 
 *L   47  24.9  51 E**
 *R   48  33.6  52 Q**
**C   49  23.7  53 V* 
 *R   50  25.2  54 Q  
 *I   51  36.9  55 L* 
**I   52  28.4  56 L* 
 *N   53  15.2  57 E  
 *A   54  18.1  58 V* 
**I   55   0.4  59 V**
**L   56   0.0  60 P* 
 *G   57   0.3  61 G  
  G   58   0.1  62 L* 
 *N   59   0.1  63 Q* 
  I   60   0.6  64 A  
 *G   61   0.1  65 D* 
**L   62   0.3  66 K**
 *S   63   1.0  67 D  
 *L   64   0.0  68 M  
  T   65   0.0  69 L**
 *P   66   0.9  70 G  
  G   67   1.2  71 A  
  D   68   1.1  72 Y* 
 *C   69   1.1  73 L* 
 *L   70   5.5  74 E  
  T   71   0.3 117 F**
 *W   72  54.8 118 R**
  D   73  60.4 119 A* 
 *S   74  42.6 120 W* 
**A   75  42.9 121 I* 
**V   76  39.1 122 T* 
 *A   77  35.8 123 Q  
 *T   78  28.8 124 G**
**L   79  37.4 125 L* 
**F   80  26.5 126 M* 
 *I   81  26.5 127 N* 
 *R   82  17.4 128 L**
 *T   83   6.5 129 A* 
 *H   84   4.7 130 Q* 
  G   85   0.0 131 L  
  T   86   0.1 132 R  
foamN Weighted RMSd =   3.480 over 79 atoms 54.282230 1228.007935   8.9 59.240437 57.861378 64.080940 69.195518
foamN Un-weighted RMSd =   3.319 over best 37 atoms ( 1228.007935    8.9 )
foamN Un-weighted RMSd =   3.573 over best 42 atoms ( 1228.007935    8.9 )
foamN Un-weighted RMSd =   3.593 over best 45 atoms ( 1228.007935    8.9 )
foamN Un-weighted RMSd =   3.593 over best 45 atoms ( 1228.007935    8.9 )
foamN Un-weighted RMSd =   3.995 over best 49 atoms ( 1228.007935    8.9 )
foamN Un-weighted RMSd =   4.209 over best 52 atoms ( 1228.007935    8.9 )
foamN Un-weighted RMSd =   4.305 over best 58 atoms ( 1228.007935    8.9 )
foamN Un-weighted RMSd =   4.369 over best 61 atoms ( 1228.007935    8.9 )
foamN Un-weighted RMSd =   4.417 over best 66 atoms ( 1228.007935    8.9 )
foamN Un-weighted RMSd =   5.070 over best 72 atoms ( 1228.007935    8.9 )
foamN Un-weighted RMSd =   5.053 over best 73 atoms ( 1228.007935    8.9 )
foamN Un-weighted RMSd =   5.406 over best 78 atoms ( 1228.007935    8.9 )
foamN Un-weighted RMSd =   5.512 over best 79 atoms ( 1228.007935    8.9 )
foamN Un-weighted RMSd =   5.512 over best 79 atoms ( 1228.007935    8.9 )
foamN Un-weighted RMSd =   5.512 over best 79 atoms ( 1228.007935    8.9 )
foamN Un-weighted RMSd =   5.512 over all 79 matched atoms 54.282230 1228.007935    8.9 59.240437 57.861378 64.080940 69.195518
