Protein 1 is BLV_C
found
Protein 2 is foamC
found
Directory is BLV_CfoamC
COMPND   
SOURCE   
 apct = 50.684933 bpct = 5.479452
 n = 73
 k = 303 iend = 5 jend = 73 cost = 958.009949
 nout = 5
COMPND   
SOURCE   
 apct = 50.684933 bpct = 5.479452
 n = 73
 k = 303 iend = 5 jend = 73 cost = 958.009949
 nout = 5
COMPND   
SOURCE   
 apct = 72.340424 bpct = 0.000000
 n = 94
 k = 491 iend = 1 jend = 87 cost = 1509.756104
 nout = 5
COMPND   
SOURCE   
 apct = 72.340424 bpct = 0.000000
 n = 94
 k = 491 iend = 1 jend = 87 cost = 1509.756104
 nout = 5
COMPND   
SOURCE   
 apct = 50.684933 bpct = 5.479452
 a = 13 b = 17 c = 46 d = 47 e = 70 f = 72
 ad = 10.315049 eb = 7.255116 cf = 11.585670
 dsum = 29.155834 spare = 4
 n = 73
 k = 310 iend = 2 jend = 70 cost = 865.324341
 nout = 5
COMPND   
SOURCE   
 apct = 50.684933 bpct = 5.479452
 a = 13 b = 17 c = 46 d = 47 e = 70 f = 72
 ad = 10.315049 eb = 7.255116 cf = 11.585670
 dsum = 29.155834 spare = 4
 n = 73
 k = 310 iend = 2 jend = 70 cost = 865.324341
 nout = 5
COMPND   
SOURCE   
 apct = 72.340424 bpct = 0.000000
 a = 14 b = 18 c = 44 d = 45 e = 86 f = 87
 ad = 8.122690 eb = 5.592104 cf = 8.670487
 dsum = 22.385281 spare = 3
 n = 94
 k = 491 iend = 1 jend = 86 cost = 1430.448486
 nout = 5
COMPND   
SOURCE   
 apct = 72.340424 bpct = 0.000000
 a = 14 b = 18 c = 44 d = 45 e = 86 f = 87
 ad = 8.122690 eb = 5.592104 cf = 8.670487
 dsum = 22.385281 spare = 3
 n = 94
 k = 491 iend = 1 jend = 86 cost = 1430.448486
 nout = 5
73 residues in str1
94 residues in str2
nat1 vs rev2
nat2 vs rev1
nta1 vs rev2
nta2 vs rev1
nat1 vs rve2
nat2 vs rve1
nta1 vs rve2
nta2 vs rve1
pdb1 vs pdb2
pdb2 vs pdb1
