 file1 = RELIK_N
 prot1->Compound = 
 file2 = foamN
 prot2->Compound = 
ARNDCQEGHILKMFPSTWYVBZX
matrix constant = 8
Cycle 1, 15 residues selected
Cycle 2, 21 residues selected
Cycle 3, 26 residues selected
Cycle 4, 32 residues selected
Cycle 5, 37 residues selected

 score = 999.442261

Percent sel on aln =  100.00
Percent aln in sel =   47.44
  P    1   0.0  12 E* 
  I    2   0.4  13 P* 
**G    3   0.1  14 V**
 *T    4   0.1  15 G* 
  V    5   0.1  16 P  
 *I    6   0.0  17 G  
 *P    7   0.1  18 L  
 *I    8  26.0  19 I* 
  Q    9  31.2  20 A  
  H   10  28.6  21 A  
**I   11  45.4  22 W**
**R   12  44.1  23 L**
  S   13  25.7  24 K* 
 *V   14  27.3  25 Q* 
**T   15  36.2  26 V**
  G   16   0.0  27 Q  
 *E   17   0.1  28 E  
 *P   18   0.2  29 H* 
 *P   19   0.1  30 G* 
  R   20   0.1  31 L* 
  N   21   0.1  32 T**
 *P   22   0.0  33 H**
 *R   23  13.0  34 P* 
  E   24  12.0  35 A  
**I   25  37.3  36 T**
**P   26  42.4  37 I**
 *I   27  29.8  38 T  
 *W   28  22.5  39 Y* 
**L   29  27.9  40 F* 
 *G   30  37.9  41 G* 
  R   31  27.5  42 V  
 *N   32  34.0  43 I  
**A   33  13.0  44 S**
  P   34   1.3  45 I* 
 *A   35   0.6  46 N* 
 *I   36  25.6  47 F* 
 *T   44   2.9  48 T**
 *P   45  17.7  49 S**
 *D   46  11.9  50 V**
 *L   47  15.4  51 D**
 *R   48  29.9  52 I**
**C   49  23.2  53 N* 
 *R   50  30.5  54 M  
 *I   51  40.7  55 L* 
**I   52  34.1  56 L  
 *N   53  21.8  57 N  
 *A   54  24.5  58 V* 
**I   55   1.1  59 T**
**L   56   0.0  60 P  
 *G   57   0.1  61 G  
  G   58   0.1  62 F* 
 *N   59   0.1  63 A  
  I   60   0.4  64 A  
 *G   61   0.1  65 E* 
**L   62   0.6  66 K* 
 *S   63   0.5  67 Q* 
 *L   64   0.0  68 L* 
  T   65   0.0  69 V**
 *P   66   0.8  70 I  
  G   67   1.1  71 D  
  D   68   1.5  72 K* 
 *C   69   1.9  73 I* 
 *L   70   4.6  74 K  
  T   71   0.2 124 Y**
 *W   72  52.5 125 R**
  D   73  47.7 126 T  
 *S   74  41.5 127 W* 
**A   75  44.5 128 V* 
**V   76  40.6 129 L**
 *A   77  32.5 130 E  
 *T   78  28.0 131 A* 
**L   79  33.5 132 L* 
**F   80  23.1 133 Q* 
 *I   81  22.0 134 E  
 *R   82  12.3 135 C* 
 *T   83   0.0 136 Q* 
 *H   84   0.6 137 R* 
  G   85   0.9 138 T  
foamN Weighted RMSd =   3.615 over 78 atoms 54.230900 1236.188110  10.3 57.491024 55.820927 62.239952 67.584892
foamN Un-weighted RMSd =   3.460 over best 36 atoms ( 1236.188110   10.3 )
foamN Un-weighted RMSd =   3.670 over best 41 atoms ( 1236.188110   10.3 )
foamN Un-weighted RMSd =   3.676 over best 42 atoms ( 1236.188110   10.3 )
foamN Un-weighted RMSd =   3.635 over best 43 atoms ( 1236.188110   10.3 )
foamN Un-weighted RMSd =   3.732 over best 44 atoms ( 1236.188110   10.3 )
foamN Un-weighted RMSd =   4.390 over best 49 atoms ( 1236.188110   10.3 )
foamN Un-weighted RMSd =   4.592 over best 54 atoms ( 1236.188110   10.3 )
foamN Un-weighted RMSd =   5.021 over best 60 atoms ( 1236.188110   10.3 )
foamN Un-weighted RMSd =   5.134 over best 67 atoms ( 1236.188110   10.3 )
foamN Un-weighted RMSd =   5.313 over best 71 atoms ( 1236.188110   10.3 )
foamN Un-weighted RMSd =   5.340 over best 73 atoms ( 1236.188110   10.3 )
foamN Un-weighted RMSd =   5.611 over best 77 atoms ( 1236.188110   10.3 )
foamN Un-weighted RMSd =   5.637 over best 78 atoms ( 1236.188110   10.3 )
foamN Un-weighted RMSd =   5.637 over best 78 atoms ( 1236.188110   10.3 )
foamN Un-weighted RMSd =   5.637 over best 78 atoms ( 1236.188110   10.3 )
foamN Un-weighted RMSd =   5.637 over all 78 matched atoms 54.230900 1236.188110   10.3 57.491024 55.820927 62.239952 67.584892
