 file1 = HTLV_N
 prot1->Compound = 
 file2 = HTLV_C
 prot2->Compound = 
ARNDCQEGHILKMFPSTWYVBZX
matrix constant = 8
Cycle 1, 15 residues selected
Cycle 2, 20 residues selected
Cycle 3, 25 residues selected
Cycle 4, 30 residues selected
Cycle 5, 36 residues selected

 score = 322.565491

Percent sel on aln =   61.11
Percent aln in sel =   30.99
  D    1   0.1  12 G* 
**P    2   0.0  13 R  
 *S    3   0.1  14 H**
**W    4   0.0  15 M**
  A    5   2.7  16 Q* 
  S    6   0.0  17 M  
 *I    7   0.0  18 K  
 *L    8   0.1  19 D* 
**Q    9   1.2  20 L**
  G   10   1.8  21 Q  
 *L   11   0.1  22 A  
  E   12   0.1  23 I**
 *E   13   0.0  24 K* 
  P   14   0.0  25 Q  
**Y   15   0.0  26 E* 
 *H   16   0.0  27 V* 
  A   17   0.1  32 P  
 *F   18   0.1  33 G* 
**V   19   0.0  34 S* 
  E   20   0.7  35 P  
 *R   21   2.5  36 Q* 
**L   22   3.6  37 F**
 *N   23   2.6  38 M**
  I   24   2.4  39 Q* 
 *A   25   2.2  40 T* 
**L   26   2.6  41 I* 
  D   27   3.0  42 R* 
  N   28   4.1  43 L* 
 *G   29   0.9  44 A**
**L   30   1.7  45 V**
 *P   35   0.0  46 Q  
 *K   36   0.0  47 Q  
  D   37   0.0  48 F  
  P   38   0.5  49 D* 
 *I   39   0.0  50 P**
**L   40   0.0  51 T* 
**R   41   8.8  52 A**
 *S   42   8.5  53 K  
**L   43   8.8  54 D* 
 *A   44  12.4  55 L**
**Y   45   1.3  56 Q  
  S   46   2.3  57 D* 
 *N   47   2.2  58 L* 
**A   48   6.3  59 L* 
 *N   49  17.5  64 S* 
  K   50  12.6  65 S  
  E   51   9.6  66 L  
**C   52  15.9  67 V* 
 *Q   53  18.4  68 A**
  K   54  10.5  69 S  
 *L   55  10.7  70 L  
**L   56  18.4  71 H**
  Q   57  11.6  72 H* 
  A   58  10.8  73 Q  
  R   59  16.6  74 Q* 
  G   60   0.0  75 L* 
 *H   61   0.2  76 D  
**T   62   0.5 114 Q**
  N   63   0.2 115 Q  
 *S   64   0.2 116 L* 
  P   65   0.2 117 W**
 *L   66   6.0 118 L**
  G   67   1.8 119 A  
 *D   68   2.4 120 A**
 *M   69   1.3 121 F* 
 *L   70   1.9 122 A* 
  R   71   1.6 123 A  
 *A   72   0.0 124 L**
**C   73   0.6 125 P  
 *Q   74   0.4 126 G**
 *T   75   0.0 127 S* 
HTLV_C Weighted RMSd =   4.003 over 71 atoms 40.379974 254.074432   2.8 48.186268 43.880253 50.558151 56.479897
HTLV_C Un-weighted RMSd =   2.467 over best 17 atoms ( 254.074432    2.8 )
HTLV_C Un-weighted RMSd =   4.085 over best 27 atoms ( 254.074432    2.8 )
HTLV_C Un-weighted RMSd =   4.302 over best 35 atoms ( 254.074432    2.8 )
HTLV_C Un-weighted RMSd =   4.364 over best 39 atoms ( 254.074432    2.8 )
HTLV_C Un-weighted RMSd =   4.910 over best 41 atoms ( 254.074432    2.8 )
HTLV_C Un-weighted RMSd =   4.974 over best 45 atoms ( 254.074432    2.8 )
HTLV_C Un-weighted RMSd =   5.650 over best 47 atoms ( 254.074432    2.8 )
HTLV_C Un-weighted RMSd =   5.859 over best 53 atoms ( 254.074432    2.8 )
HTLV_C Un-weighted RMSd =   6.122 over best 61 atoms ( 254.074432    2.8 )
HTLV_C Un-weighted RMSd =   6.575 over best 68 atoms ( 254.074432    2.8 )
HTLV_C Un-weighted RMSd =   6.711 over best 70 atoms ( 254.074432    2.8 )
HTLV_C Un-weighted RMSd =   6.699 over best 71 atoms ( 254.074432    2.8 )
HTLV_C Un-weighted RMSd =   6.699 over best 71 atoms ( 254.074432    2.8 )
HTLV_C Un-weighted RMSd =   6.699 over best 71 atoms ( 254.074432    2.8 )
HTLV_C Un-weighted RMSd =   6.699 over best 71 atoms ( 254.074432    2.8 )
HTLV_C Un-weighted RMSd =   6.699 over all 71 matched atoms 40.379974 254.074432    2.8 48.186268 43.880253 50.558151 56.479897
