Protein 1 is HIV1_N
found
Protein 2 is foamN
found
Directory is HIV1_NfoamN
COMPND   
SOURCE   
 apct = 55.172413 bpct = 13.793103
 n = 145
 k = 1238 iend = 1 jend = 138 cost = 1211.240234
 nout = 8
COMPND   
SOURCE   
 apct = 55.172413 bpct = 13.793103
 n = 145
 k = 1238 iend = 1 jend = 138 cost = 1211.240234
 nout = 8
COMPND   
SOURCE   
 apct = 58.139534 bpct = 6.976744
 n = 86
 k = 411 iend = 3 jend = 82 cost = 1265.470459
 nout = 5
COMPND   
SOURCE   
 apct = 58.139534 bpct = 6.976744
 n = 86
 k = 411 iend = 3 jend = 82 cost = 1265.470459
 nout = 5
COMPND   
SOURCE   
 apct = 55.172413 bpct = 13.793103
 a = 32 b = 34 c = 64 d = 65 e = 140 f = 144
 ad = 8.367901 eb = 10.132524 cf = 10.222251
 dsum = 28.722675 spare = 4
 n = 145
 k = 1226 iend = 1 jend = 140 cost = 1257.307373
 nout = 8
COMPND   
SOURCE   
 apct = 55.172413 bpct = 13.793103
 a = 32 b = 34 c = 64 d = 65 e = 140 f = 144
 ad = 8.367901 eb = 10.132524 cf = 10.222251
 dsum = 28.722675 spare = 4
 n = 145
 k = 1226 iend = 1 jend = 140 cost = 1257.307373
 nout = 8
COMPND   
SOURCE   
 apct = 58.139534 bpct = 6.976744
 a = 22 b = 26 c = 59 d = 60 e = 78 f = 79
 ad = 7.207079 eb = 7.327272 cf = 8.721660
 dsum = 23.256012 spare = 3
 n = 86
 k = 410 iend = 3 jend = 82 cost = 1275.121216
 nout = 5
COMPND   
SOURCE   
 apct = 58.139534 bpct = 6.976744
 a = 22 b = 26 c = 59 d = 60 e = 78 f = 79
 ad = 7.207079 eb = 7.327272 cf = 8.721660
 dsum = 23.256012 spare = 3
 n = 86
 k = 410 iend = 3 jend = 82 cost = 1275.121216
 nout = 5
145 residues in str1
86 residues in str2
nat1 vs rev2
nat2 vs rev1
nta1 vs rev2
nta2 vs rev1
nat1 vs rve2
nat2 vs rve1
nta1 vs rve2
nta2 vs rve1
pdb1 vs pdb2
pdb2 vs pdb1
