Protein 1 is BLV6_N
found
Protein 2 is foamC
found
Directory is BLV6_NfoamC
COMPND   
SOURCE   
 apct = 57.142857 bpct = 7.142857
 n = 126
 k = 916 iend = 1 jend = 121 cost = 996.087769
 nout = 9
COMPND   
SOURCE   
 apct = 57.142857 bpct = 7.142857
 n = 126
 k = 916 iend = 1 jend = 121 cost = 996.087769
 nout = 9
COMPND   
SOURCE   
 apct = 72.340424 bpct = 0.000000
 n = 94
 k = 491 iend = 1 jend = 87 cost = 1509.756104
 nout = 5
COMPND   
SOURCE   
 apct = 72.340424 bpct = 0.000000
 n = 94
 k = 491 iend = 1 jend = 87 cost = 1509.756104
 nout = 5
COMPND   
SOURCE   
 apct = 57.142857 bpct = 7.142857
 a = 31 b = 32 c = 65 d = 66 e = 122 f = 126
 ad = 8.311604 eb = 4.979795 cf = 10.034664
 dsum = 23.326061 spare = 3
 n = 126
 k = 915 iend = 1 jend = 121 cost = 934.622681
 nout = 9
COMPND   
SOURCE   
 apct = 57.142857 bpct = 7.142857
 a = 31 b = 32 c = 65 d = 66 e = 122 f = 126
 ad = 8.311604 eb = 4.979795 cf = 10.034664
 dsum = 23.326061 spare = 3
 n = 126
 k = 915 iend = 1 jend = 121 cost = 934.622681
 nout = 9
COMPND   
SOURCE   
 apct = 72.340424 bpct = 0.000000
 a = 14 b = 18 c = 44 d = 45 e = 86 f = 87
 ad = 8.122690 eb = 5.592104 cf = 8.670487
 dsum = 22.385281 spare = 3
 n = 94
 k = 491 iend = 1 jend = 86 cost = 1430.448486
 nout = 5
COMPND   
SOURCE   
 apct = 72.340424 bpct = 0.000000
 a = 14 b = 18 c = 44 d = 45 e = 86 f = 87
 ad = 8.122690 eb = 5.592104 cf = 8.670487
 dsum = 22.385281 spare = 3
 n = 94
 k = 491 iend = 1 jend = 86 cost = 1430.448486
 nout = 5
126 residues in str1
94 residues in str2
nat1 vs rev2
nat2 vs rev1
nta1 vs rev2
nta2 vs rev1
nat1 vs rve2
nat2 vs rve1
nta1 vs rve2
nta2 vs rve1
pdb1 vs pdb2
pdb2 vs pdb1
