Protein 1 is BLV6_N
found
Protein 2 is foamN
found
Directory is BLV6_NfoamN
COMPND   
SOURCE   
 apct = 57.142857 bpct = 7.142857
 n = 126
 k = 916 iend = 1 jend = 121 cost = 996.087769
 nout = 9
COMPND   
SOURCE   
 apct = 57.142857 bpct = 7.142857
 n = 126
 k = 916 iend = 1 jend = 121 cost = 996.087769
 nout = 9
COMPND   
SOURCE   
 apct = 58.139534 bpct = 6.976744
 n = 86
 k = 411 iend = 3 jend = 82 cost = 1265.470459
 nout = 5
COMPND   
SOURCE   
 apct = 58.139534 bpct = 6.976744
 n = 86
 k = 411 iend = 3 jend = 82 cost = 1265.470459
 nout = 5
COMPND   
SOURCE   
 apct = 57.142857 bpct = 7.142857
 a = 31 b = 32 c = 65 d = 66 e = 122 f = 126
 ad = 8.311604 eb = 4.979795 cf = 10.034664
 dsum = 23.326061 spare = 3
 n = 126
 k = 915 iend = 1 jend = 121 cost = 934.622681
 nout = 9
COMPND   
SOURCE   
 apct = 57.142857 bpct = 7.142857
 a = 31 b = 32 c = 65 d = 66 e = 122 f = 126
 ad = 8.311604 eb = 4.979795 cf = 10.034664
 dsum = 23.326061 spare = 3
 n = 126
 k = 915 iend = 1 jend = 121 cost = 934.622681
 nout = 9
COMPND   
SOURCE   
 apct = 58.139534 bpct = 6.976744
 a = 22 b = 26 c = 59 d = 60 e = 78 f = 79
 ad = 7.207079 eb = 7.327272 cf = 8.721660
 dsum = 23.256012 spare = 3
 n = 86
 k = 410 iend = 3 jend = 82 cost = 1275.121216
 nout = 5
COMPND   
SOURCE   
 apct = 58.139534 bpct = 6.976744
 a = 22 b = 26 c = 59 d = 60 e = 78 f = 79
 ad = 7.207079 eb = 7.327272 cf = 8.721660
 dsum = 23.256012 spare = 3
 n = 86
 k = 410 iend = 3 jend = 82 cost = 1275.121216
 nout = 5
126 residues in str1
86 residues in str2
nat1 vs rev2
nat2 vs rev1
nta1 vs rev2
nta2 vs rev1
nat1 vs rve2
nat2 vs rve1
nta1 vs rve2
nta2 vs rve1
pdb1 vs pdb2
pdb2 vs pdb1
