Protein 1 is 4x3x
found
Protein 2 is foamC
found
Directory is 4x3xfoamC
COMPND   
SOURCE   
 apct = 70.370369 bpct = 0.000000
 n = 81
 k = 359 iend = 7 jend = 80 cost = 1437.073364
 nout = 4
COMPND   
SOURCE   
 apct = 70.370369 bpct = 0.000000
 n = 81
 k = 359 iend = 7 jend = 80 cost = 1437.073364
 nout = 4
COMPND   
SOURCE   
 apct = 72.340424 bpct = 0.000000
 n = 94
 k = 491 iend = 1 jend = 87 cost = 1509.756104
 nout = 5
COMPND   
SOURCE   
 apct = 72.340424 bpct = 0.000000
 n = 94
 k = 491 iend = 1 jend = 87 cost = 1509.756104
 nout = 5
COMPND   
SOURCE   
 apct = 70.370369 bpct = 0.000000
 a = 8 b = 12 c = 27 d = 29 e = 48 f = 49
 ad = 8.094098 eb = 11.262985 cf = 10.565232
 dsum = 29.922314 spare = 4
 n = 81
 k = 360 iend = 3 jend = 76 cost = 1447.155640
 nout = 4
COMPND   
SOURCE   
 apct = 70.370369 bpct = 0.000000
 a = 8 b = 12 c = 27 d = 29 e = 48 f = 49
 ad = 8.094098 eb = 11.262985 cf = 10.565232
 dsum = 29.922314 spare = 4
 n = 81
 k = 360 iend = 3 jend = 76 cost = 1447.155640
 nout = 4
COMPND   
SOURCE   
 apct = 72.340424 bpct = 0.000000
 a = 14 b = 18 c = 44 d = 45 e = 86 f = 87
 ad = 8.122690 eb = 5.592104 cf = 8.670487
 dsum = 22.385281 spare = 3
 n = 94
 k = 491 iend = 1 jend = 86 cost = 1430.448486
 nout = 5
COMPND   
SOURCE   
 apct = 72.340424 bpct = 0.000000
 a = 14 b = 18 c = 44 d = 45 e = 86 f = 87
 ad = 8.122690 eb = 5.592104 cf = 8.670487
 dsum = 22.385281 spare = 3
 n = 94
 k = 491 iend = 1 jend = 86 cost = 1430.448486
 nout = 5
81 residues in str1
94 residues in str2
nat1 vs rev2
nat2 vs rev1
nta1 vs rev2
nta2 vs rev1
nat1 vs rve2
nat2 vs rve1
nta1 vs rve2
nta2 vs rve1
pdb1 vs pdb2
pdb2 vs pdb1
