Protein 1 is 4x3x
found
Protein 2 is foamN
found
Directory is 4x3xfoamN
COMPND   
SOURCE   
 apct = 70.370369 bpct = 0.000000
 n = 81
 k = 359 iend = 7 jend = 80 cost = 1437.073364
 nout = 4
COMPND   
SOURCE   
 apct = 70.370369 bpct = 0.000000
 n = 81
 k = 359 iend = 7 jend = 80 cost = 1437.073364
 nout = 4
COMPND   
SOURCE   
 apct = 58.139534 bpct = 6.976744
 n = 86
 k = 411 iend = 3 jend = 82 cost = 1265.470459
 nout = 5
COMPND   
SOURCE   
 apct = 58.139534 bpct = 6.976744
 n = 86
 k = 411 iend = 3 jend = 82 cost = 1265.470459
 nout = 5
COMPND   
SOURCE   
 apct = 70.370369 bpct = 0.000000
 a = 8 b = 12 c = 27 d = 29 e = 48 f = 49
 ad = 8.094098 eb = 11.262985 cf = 10.565232
 dsum = 29.922314 spare = 4
 n = 81
 k = 360 iend = 3 jend = 76 cost = 1447.155640
 nout = 4
COMPND   
SOURCE   
 apct = 70.370369 bpct = 0.000000
 a = 8 b = 12 c = 27 d = 29 e = 48 f = 49
 ad = 8.094098 eb = 11.262985 cf = 10.565232
 dsum = 29.922314 spare = 4
 n = 81
 k = 360 iend = 3 jend = 76 cost = 1447.155640
 nout = 4
COMPND   
SOURCE   
 apct = 58.139534 bpct = 6.976744
 a = 22 b = 26 c = 59 d = 60 e = 78 f = 79
 ad = 7.207079 eb = 7.327272 cf = 8.721660
 dsum = 23.256012 spare = 3
 n = 86
 k = 410 iend = 3 jend = 82 cost = 1275.121216
 nout = 5
COMPND   
SOURCE   
 apct = 58.139534 bpct = 6.976744
 a = 22 b = 26 c = 59 d = 60 e = 78 f = 79
 ad = 7.207079 eb = 7.327272 cf = 8.721660
 dsum = 23.256012 spare = 3
 n = 86
 k = 410 iend = 3 jend = 82 cost = 1275.121216
 nout = 5
81 residues in str1
86 residues in str2
nat1 vs rev2
nat2 vs rev1
nta1 vs rev2
nta2 vs rev1
nat1 vs rve2
nat2 vs rve1
nta1 vs rve2
nta2 vs rve1
pdb1 vs pdb2
pdb2 vs pdb1
